<?xml version="1.0" encoding="UTF-8"?>
<coverage generated="1749219012502" clover="3.2.0">
  <project timestamp="1749219012502" name="All files">
    <metrics statements="5166" coveredstatements="4398" conditionals="665" coveredconditionals="525" methods="193" coveredmethods="148" elements="6024" coveredelements="5071" complexity="0" loc="5166" ncloc="5166" packages="23" files="64" classes="64"/>
    <package name="src">
      <metrics statements="153" coveredstatements="142" conditionals="1" coveredconditionals="0" methods="0" coveredmethods="0"/>
      <file name="main.tsx" path="/Users/josemanuelgarciazumaya/Desktop/TEC/Monarca_Frontend/src/main.tsx">
        <metrics statements="153" coveredstatements="142" conditionals="1" coveredconditionals="0" methods="0" coveredmethods="0"/>
        <line num="1" count="1" type="stmt"/>
        <line num="2" count="1" type="stmt"/>
        <line num="4" count="1" type="stmt"/>
        <line num="6" count="1" type="stmt"/>
        <line num="7" count="1" type="stmt"/>
        <line num="8" count="1" type="stmt"/>
        <line num="10" count="1" type="stmt"/>
        <line num="14" count="1" type="stmt"/>
        <line num="17" count="1" type="stmt"/>
        <line num="18" count="1" type="stmt"/>
        <line num="21" count="1" type="stmt"/>
        <line num="22" count="1" type="stmt"/>
        <line num="23" count="1" type="stmt"/>
        <line num="24" count="1" type="stmt"/>
        <line num="25" count="1" type="stmt"/>
        <line num="26" count="1" type="stmt"/>
        <line num="27" count="1" type="stmt"/>
        <line num="28" count="1" type="stmt"/>
        <line num="29" count="1" type="stmt"/>
        <line num="30" count="1" type="stmt"/>
        <line num="31" count="1" type="stmt"/>
        <line num="32" count="1" type="stmt"/>
        <line num="33" count="1" type="stmt"/>
        <line num="34" count="1" type="stmt"/>
        <line num="36" count="1" type="stmt"/>
        <line num="38" count="1" type="stmt"/>
        <line num="39" count="1" type="stmt"/>
        <line num="40" count="1" type="stmt"/>
        <line num="41" count="1" type="stmt"/>
        <line num="42" count="1" type="stmt"/>
        <line num="43" count="1" type="stmt"/>
        <line num="44" count="1" type="stmt"/>
        <line num="45" count="1" type="stmt"/>
        <line num="46" count="1" type="stmt"/>
        <line num="47" count="1" type="stmt"/>
        <line num="48" count="1" type="stmt"/>
        <line num="49" count="1" type="stmt"/>
        <line num="50" count="1" type="stmt"/>
        <line num="51" count="1" type="stmt"/>
        <line num="52" count="1" type="stmt"/>
        <line num="53" count="1" type="stmt"/>
        <line num="56" count="1" type="stmt"/>
        <line num="57" count="1" type="stmt"/>
        <line num="58" count="1" type="stmt"/>
        <line num="59" count="1" type="stmt"/>
        <line num="60" count="1" type="stmt"/>
        <line num="61" count="1" type="stmt"/>
        <line num="62" count="1" type="stmt"/>
        <line num="63" count="1" type="stmt"/>
        <line num="64" count="1" type="stmt"/>
        <line num="65" count="1" type="stmt"/>
        <line num="66" count="1" type="stmt"/>
        <line num="67" count="1" type="stmt"/>
        <line num="68" count="1" type="stmt"/>
        <line num="69" count="1" type="stmt"/>
        <line num="70" count="1" type="stmt"/>
        <line num="71" count="1" type="stmt"/>
        <line num="72" count="1" type="stmt"/>
        <line num="73" count="1" type="stmt"/>
        <line num="74" count="1" type="stmt"/>
        <line num="75" count="1" type="stmt"/>
        <line num="76" count="1" type="stmt"/>
        <line num="77" count="1" type="stmt"/>
        <line num="78" count="1" type="stmt"/>
        <line num="79" count="1" type="stmt"/>
        <line num="80" count="1" type="stmt"/>
        <line num="81" count="1" type="stmt"/>
        <line num="82" count="1" type="stmt"/>
        <line num="83" count="1" type="stmt"/>
        <line num="84" count="1" type="stmt"/>
        <line num="85" count="1" type="stmt"/>
        <line num="86" count="1" type="stmt"/>
        <line num="87" count="1" type="stmt"/>
        <line num="88" count="1" type="stmt"/>
        <line num="89" count="1" type="stmt"/>
        <line num="90" count="1" type="stmt"/>
        <line num="91" count="1" type="stmt"/>
        <line num="92" count="1" type="stmt"/>
        <line num="93" count="1" type="stmt"/>
        <line num="94" count="1" type="stmt"/>
        <line num="95" count="1" type="stmt"/>
        <line num="96" count="1" type="stmt"/>
        <line num="97" count="1" type="stmt"/>
        <line num="98" count="1" type="stmt"/>
        <line num="99" count="1" type="stmt"/>
        <line num="100" count="1" type="stmt"/>
        <line num="101" count="1" type="stmt"/>
        <line num="102" count="1" type="stmt"/>
        <line num="103" count="1" type="stmt"/>
        <line num="104" count="1" type="stmt"/>
        <line num="105" count="1" type="stmt"/>
        <line num="106" count="1" type="stmt"/>
        <line num="107" count="1" type="stmt"/>
        <line num="108" count="1" type="stmt"/>
        <line num="109" count="1" type="stmt"/>
        <line num="110" count="1" type="stmt"/>
        <line num="111" count="1" type="stmt"/>
        <line num="113" count="1" type="stmt"/>
        <line num="114" count="1" type="stmt"/>
        <line num="115" count="1" type="stmt"/>
        <line num="116" count="1" type="stmt"/>
        <line num="117" count="1" type="stmt"/>
        <line num="118" count="1" type="stmt"/>
        <line num="119" count="1" type="stmt"/>
        <line num="120" count="1" type="stmt"/>
        <line num="121" count="1" type="stmt"/>
        <line num="122" count="1" type="stmt"/>
        <line num="123" count="1" type="stmt"/>
        <line num="125" count="1" type="stmt"/>
        <line num="126" count="1" type="stmt"/>
        <line num="127" count="1" type="stmt"/>
        <line num="128" count="1" type="stmt"/>
        <line num="129" count="1" type="stmt"/>
        <line num="130" count="1" type="stmt"/>
        <line num="131" count="1" type="stmt"/>
        <line num="132" count="1" type="stmt"/>
        <line num="133" count="1" type="stmt"/>
        <line num="135" count="1" type="stmt"/>
        <line num="136" count="1" type="stmt"/>
        <line num="137" count="1" type="stmt"/>
        <line num="138" count="1" type="stmt"/>
        <line num="140" count="1" type="stmt"/>
        <line num="141" count="1" type="stmt"/>
        <line num="142" count="1" type="stmt"/>
        <line num="143" count="1" type="stmt"/>
        <line num="144" count="1" type="stmt"/>
        <line num="145" count="1" type="stmt"/>
        <line num="146" count="1" type="stmt"/>
        <line num="148" count="1" type="stmt"/>
        <line num="149" count="1" type="stmt"/>
        <line num="150" count="1" type="stmt"/>
        <line num="151" count="1" type="stmt"/>
        <line num="152" count="1" type="stmt"/>
        <line num="153" count="1" type="stmt"/>
        <line num="154" count="1" type="stmt"/>
        <line num="155" count="1" type="stmt"/>
        <line num="156" count="1" type="stmt"/>
        <line num="157" count="1" type="stmt"/>
        <line num="158" count="1" type="stmt"/>
        <line num="159" count="1" type="stmt"/>
        <line num="161" count="1" type="stmt"/>
        <line num="163" count="1" type="cond" truecount="0" falsecount="1"/>
        <line num="164" count="0" type="stmt"/>
        <line num="165" count="0" type="stmt"/>
        <line num="166" count="0" type="stmt"/>
        <line num="167" count="0" type="stmt"/>
        <line num="168" count="0" type="stmt"/>
        <line num="169" count="0" type="stmt"/>
        <line num="170" count="0" type="stmt"/>
        <line num="171" count="0" type="stmt"/>
        <line num="172" count="0" type="stmt"/>
        <line num="173" count="0" type="stmt"/>
        <line num="174" count="0" type="stmt"/>
      </file>
    </package>
    <package name="src.components">
      <metrics statements="478" coveredstatements="469" conditionals="74" coveredconditionals="53" methods="32" coveredmethods="32"/>
      <file name="DynamicTableExpand.tsx" path="/Users/josemanuelgarciazumaya/Desktop/TEC/Monarca_Frontend/src/components/DynamicTableExpand.tsx">
        <metrics statements="96" coveredstatements="96" conditionals="20" coveredconditionals="20" methods="3" coveredmethods="3"/>
        <line num="8" count="1" type="stmt"/>
        <line num="59" count="1" type="cond" truecount="1" falsecount="0"/>
        <line num="60" count="9" type="stmt"/>
        <line num="61" count="9" type="stmt"/>
        <line num="62" count="9" type="stmt"/>
        <line num="63" count="9" type="stmt"/>
        <line num="64" count="9" type="stmt"/>
        <line num="65" count="9" type="stmt"/>
        <line num="66" count="9" type="stmt"/>
        <line num="68" count="9" type="cond" truecount="1" falsecount="0"/>
        <line num="69" count="1" type="stmt"/>
        <line num="70" count="1" type="stmt"/>
        <line num="71" count="1" type="stmt"/>
        <line num="72" count="1" type="stmt"/>
        <line num="73" count="1" type="stmt"/>
        <line num="75" count="1" type="stmt"/>
        <line num="76" count="1" type="stmt"/>
        <line num="77" count="1" type="stmt"/>
        <line num="78" count="1" type="stmt"/>
        <line num="80" count="1" type="stmt"/>
        <line num="82" count="1" type="stmt"/>
        <line num="83" count="1" type="stmt"/>
        <line num="84" count="1" type="stmt"/>
        <line num="85" count="1" type="stmt"/>
        <line num="87" count="9" type="cond" truecount="1" falsecount="0"/>
        <line num="88" count="1" type="cond" truecount="1" falsecount="0"/>
        <line num="89" count="3" type="stmt"/>
        <line num="90" count="3" type="stmt"/>
        <line num="91" count="1" type="stmt"/>
        <line num="93" count="1" type="stmt"/>
        <line num="94" count="1" type="stmt"/>
        <line num="96" count="1" type="stmt"/>
        <line num="97" count="1" type="stmt"/>
        <line num="98" count="1" type="stmt"/>
        <line num="99" count="1" type="stmt"/>
        <line num="101" count="9" type="stmt"/>
        <line num="102" count="9" type="stmt"/>
        <line num="103" count="9" type="stmt"/>
        <line num="104" count="9" type="stmt"/>
        <line num="105" count="9" type="stmt"/>
        <line num="106" count="9" type="stmt"/>
        <line num="107" count="9" type="cond" truecount="1" falsecount="0"/>
        <line num="108" count="27" type="stmt"/>
        <line num="109" count="27" type="stmt"/>
        <line num="110" count="27" type="stmt"/>
        <line num="111" count="27" type="cond" truecount="2" falsecount="0"/>
        <line num="112" count="27" type="cond" truecount="2" falsecount="0"/>
        <line num="114" count="27" type="stmt"/>
        <line num="115" count="27" type="stmt"/>
        <line num="116" count="9" type="stmt"/>
        <line num="117" count="9" type="stmt"/>
        <line num="118" count="9" type="stmt"/>
        <line num="119" count="9" type="stmt"/>
        <line num="120" count="9" type="cond" truecount="1" falsecount="0"/>
        <line num="121" count="17" type="stmt"/>
        <line num="122" count="17" type="stmt"/>
        <line num="123" count="17" type="cond" truecount="1" falsecount="0"/>
        <line num="124" count="51" type="stmt"/>
        <line num="125" count="51" type="stmt"/>
        <line num="126" count="51" type="stmt"/>
        <line num="127" count="51" type="cond" truecount="2" falsecount="0"/>
        <line num="128" count="51" type="stmt"/>
        <line num="129" count="51" type="cond" truecount="2" falsecount="0"/>
        <line num="130" count="51" type="stmt"/>
        <line num="132" count="51" type="cond" truecount="1" falsecount="0"/>
        <line num="133" count="17" type="stmt"/>
        <line num="134" count="17" type="stmt"/>
        <line num="135" count="17" type="cond" truecount="1" falsecount="0"/>
        <line num="136" count="1" type="stmt"/>
        <line num="137" count="17" type="stmt"/>
        <line num="138" count="17" type="cond" truecount="1" falsecount="0"/>
        <line num="139" count="34" type="stmt"/>
        <line num="140" count="51" type="stmt"/>
        <line num="141" count="17" type="stmt"/>
        <line num="142" count="17" type="stmt"/>
        <line num="145" count="17" type="cond" truecount="2" falsecount="0"/>
        <line num="146" count="1" type="stmt"/>
        <line num="147" count="1" type="stmt"/>
        <line num="148" count="1" type="stmt"/>
        <line num="149" count="1" type="stmt"/>
        <line num="150" count="1" type="stmt"/>
        <line num="152" count="17" type="stmt"/>
        <line num="153" count="9" type="stmt"/>
        <line num="154" count="9" type="stmt"/>
        <line num="155" count="9" type="stmt"/>
        <line num="156" count="9" type="stmt"/>
        <line num="157" count="9" type="stmt"/>
        <line num="158" count="9" type="stmt"/>
        <line num="159" count="9" type="stmt"/>
        <line num="160" count="9" type="stmt"/>
        <line num="161" count="9" type="stmt"/>
        <line num="163" count="9" type="stmt"/>
        <line num="164" count="9" type="stmt"/>
        <line num="165" count="9" type="stmt"/>
        <line num="167" count="9" type="stmt"/>
        <line num="169" count="1" type="stmt"/>
      </file>
      <file name="Footer.tsx" path="/Users/josemanuelgarciazumaya/Desktop/TEC/Monarca_Frontend/src/components/Footer.tsx">
        <metrics statements="10" coveredstatements="10" conditionals="1" coveredconditionals="1" methods="1" coveredmethods="1"/>
        <line num="1" count="1" type="cond" truecount="1" falsecount="0"/>
        <line num="2" count="1" type="stmt"/>
        <line num="3" count="1" type="stmt"/>
        <line num="4" count="1" type="stmt"/>
        <line num="5" count="1" type="stmt"/>
        <line num="6" count="1" type="stmt"/>
        <line num="7" count="1" type="stmt"/>
        <line num="8" count="1" type="stmt"/>
        <line num="10" count="1" type="stmt"/>
        <line num="12" count="1" type="stmt"/>
      </file>
      <file name="GoBack.tsx" path="/Users/josemanuelgarciazumaya/Desktop/TEC/Monarca_Frontend/src/components/GoBack.tsx">
        <metrics statements="14" coveredstatements="14" conditionals="2" coveredconditionals="2" methods="2" coveredmethods="2"/>
        <line num="1" count="1" type="stmt"/>
        <line num="2" count="1" type="stmt"/>
        <line num="4" count="1" type="cond" truecount="1" falsecount="0"/>
        <line num="5" count="51" type="stmt"/>
        <line num="7" count="51" type="stmt"/>
        <line num="8" count="51" type="stmt"/>
        <line num="9" count="51" type="cond" truecount="1" falsecount="0"/>
        <line num="10" count="51" type="stmt"/>
        <line num="11" count="51" type="stmt"/>
        <line num="12" count="51" type="stmt"/>
        <line num="15" count="51" type="stmt"/>
        <line num="16" count="51" type="stmt"/>
        <line num="18" count="51" type="stmt"/>
        <line num="20" count="1" type="stmt"/>
      </file>
      <file name="Header.tsx" path="/Users/josemanuelgarciazumaya/Desktop/TEC/Monarca_Frontend/src/components/Header.tsx">
        <metrics statements="61" coveredstatements="61" conditionals="3" coveredconditionals="3" methods="2" coveredmethods="2"/>
        <line num="1" count="1" type="stmt"/>
        <line num="2" count="1" type="stmt"/>
        <line num="3" count="1" type="stmt"/>
        <line num="5" count="3" type="cond" truecount="1" falsecount="0"/>
        <line num="6" count="3" type="stmt"/>
        <line num="7" count="3" type="stmt"/>
        <line num="9" count="3" type="stmt"/>
        <line num="11" count="3" type="stmt"/>
        <line num="12" count="3" type="stmt"/>
        <line num="13" count="3" type="stmt"/>
        <line num="14" count="3" type="stmt"/>
        <line num="15" count="3" type="stmt"/>
        <line num="16" count="3" type="stmt"/>
        <line num="17" count="3" type="stmt"/>
        <line num="18" count="3" type="stmt"/>
        <line num="19" count="3" type="stmt"/>
        <line num="20" count="3" type="stmt"/>
        <line num="21" count="3" type="stmt"/>
        <line num="22" count="3" type="stmt"/>
        <line num="23" count="3" type="stmt"/>
        <line num="24" count="3" type="stmt"/>
        <line num="25" count="3" type="stmt"/>
        <line num="26" count="3" type="stmt"/>
        <line num="27" count="3" type="stmt"/>
        <line num="28" count="3" type="stmt"/>
        <line num="29" count="3" type="cond" truecount="1" falsecount="0"/>
        <line num="31" count="3" type="stmt"/>
        <line num="32" count="3" type="stmt"/>
        <line num="33" count="3" type="stmt"/>
        <line num="34" count="3" type="cond" truecount="1" falsecount="0"/>
        <line num="35" count="1" type="stmt"/>
        <line num="36" count="1" type="stmt"/>
        <line num="38" count="1" type="stmt"/>
        <line num="39" count="1" type="stmt"/>
        <line num="40" count="1" type="stmt"/>
        <line num="41" count="1" type="stmt"/>
        <line num="42" count="1" type="stmt"/>
        <line num="43" count="1" type="stmt"/>
        <line num="45" count="1" type="stmt"/>
        <line num="46" count="1" type="stmt"/>
        <line num="47" count="1" type="stmt"/>
        <line num="49" count="1" type="stmt"/>
        <line num="50" count="1" type="stmt"/>
        <line num="51" count="1" type="stmt"/>
        <line num="52" count="1" type="stmt"/>
        <line num="53" count="1" type="stmt"/>
        <line num="54" count="1" type="stmt"/>
        <line num="55" count="1" type="stmt"/>
        <line num="56" count="1" type="stmt"/>
        <line num="57" count="1" type="stmt"/>
        <line num="59" count="1" type="stmt"/>
        <line num="60" count="1" type="stmt"/>
        <line num="61" count="1" type="stmt"/>
        <line num="62" count="1" type="stmt"/>
        <line num="64" count="3" type="stmt"/>
        <line num="65" count="3" type="stmt"/>
        <line num="66" count="3" type="stmt"/>
        <line num="67" count="3" type="stmt"/>
        <line num="68" count="3" type="stmt"/>
        <line num="70" count="3" type="stmt"/>
        <line num="72" count="1" type="stmt"/>
      </file>
      <file name="Layout.tsx" path="/Users/josemanuelgarciazumaya/Desktop/TEC/Monarca_Frontend/src/components/Layout.tsx">
        <metrics statements="26" coveredstatements="26" conditionals="4" coveredconditionals="4" methods="1" coveredmethods="1"/>
        <line num="1" count="1" type="stmt"/>
        <line num="2" count="1" type="stmt"/>
        <line num="3" count="1" type="stmt"/>
        <line num="4" count="1" type="stmt"/>
        <line num="7" count="1" type="stmt"/>
        <line num="8" count="1" type="stmt"/>
        <line num="9" count="1" type="stmt"/>
        <line num="16" count="3" type="cond" truecount="1" falsecount="0"/>
        <line num="17" count="3" type="stmt"/>
        <line num="21" count="3" type="cond" truecount="2" falsecount="0"/>
        <line num="24" count="3" type="cond" truecount="1" falsecount="0"/>
        <line num="26" count="1" type="stmt"/>
        <line num="27" count="1" type="stmt"/>
        <line num="28" count="1" type="stmt"/>
        <line num="29" count="1" type="stmt"/>
        <line num="30" count="1" type="stmt"/>
        <line num="31" count="1" type="stmt"/>
        <line num="32" count="1" type="stmt"/>
        <line num="33" count="1" type="stmt"/>
        <line num="34" count="1" type="stmt"/>
        <line num="35" count="1" type="stmt"/>
        <line num="36" count="1" type="stmt"/>
        <line num="37" count="1" type="stmt"/>
        <line num="38" count="1" type="stmt"/>
        <line num="40" count="1" type="stmt"/>
        <line num="42" count="1" type="stmt"/>
      </file>
      <file name="Mosaic.tsx" path="/Users/josemanuelgarciazumaya/Desktop/TEC/Monarca_Frontend/src/components/Mosaic.tsx">
        <metrics statements="16" coveredstatements="16" conditionals="1" coveredconditionals="1" methods="1" coveredmethods="1"/>
        <line num="1" count="1" type="stmt"/>
        <line num="9" count="1" type="cond" truecount="1" falsecount="0"/>
        <line num="12" count="3" type="stmt"/>
        <line num="13" count="3" type="stmt"/>
        <line num="14" count="3" type="stmt"/>
        <line num="15" count="3" type="stmt"/>
        <line num="17" count="3" type="stmt"/>
        <line num="18" count="3" type="stmt"/>
        <line num="19" count="3" type="stmt"/>
        <line num="20" count="3" type="stmt"/>
        <line num="21" count="3" type="stmt"/>
        <line num="22" count="3" type="stmt"/>
        <line num="23" count="3" type="stmt"/>
        <line num="24" count="3" type="stmt"/>
        <line num="26" count="3" type="stmt"/>
        <line num="28" count="1" type="stmt"/>
      </file>
      <file name="RefreshButton.tsx" path="/Users/josemanuelgarciazumaya/Desktop/TEC/Monarca_Frontend/src/components/RefreshButton.tsx">
        <metrics statements="9" coveredstatements="9" conditionals="1" coveredconditionals="1" methods="1" coveredmethods="1"/>
        <line num="1" count="1" type="stmt"/>
        <line num="3" count="1" type="cond" truecount="1" falsecount="0"/>
        <line num="5" count="2" type="stmt"/>
        <line num="6" count="2" type="stmt"/>
        <line num="7" count="2" type="stmt"/>
        <line num="9" count="2" type="stmt"/>
        <line num="10" count="2" type="stmt"/>
        <line num="13" count="2" type="stmt"/>
        <line num="16" count="1" type="stmt"/>
      </file>
      <file name="RequestRow.tsx" path="/Users/josemanuelgarciazumaya/Desktop/TEC/Monarca_Frontend/src/components/RequestRow.tsx">
        <metrics statements="184" coveredstatements="184" conditionals="28" coveredconditionals="19" methods="19" coveredmethods="19"/>
        <line num="8" count="1" type="stmt"/>
        <line num="9" count="1" type="stmt"/>
        <line num="10" count="1" type="stmt"/>
        <line num="11" count="1" type="stmt"/>
        <line num="12" count="1" type="stmt"/>
        <line num="16" count="1" type="stmt"/>
        <line num="17" count="1" type="stmt"/>
        <line num="18" count="1" type="stmt"/>
        <line num="19" count="1" type="stmt"/>
        <line num="22" count="1" type="stmt"/>
        <line num="23" count="1" type="stmt"/>
        <line num="24" count="1" type="stmt"/>
        <line num="25" count="1" type="stmt"/>
        <line num="31" count="1" type="cond" truecount="1" falsecount="0"/>
        <line num="33" count="25" type="stmt"/>
        <line num="34" count="25" type="stmt"/>
        <line num="35" count="25" type="stmt"/>
        <line num="36" count="25" type="stmt"/>
        <line num="37" count="25" type="stmt"/>
        <line num="38" count="25" type="stmt"/>
        <line num="39" count="25" type="stmt"/>
        <line num="40" count="25" type="stmt"/>
        <line num="41" count="25" type="stmt"/>
        <line num="42" count="25" type="stmt"/>
        <line num="43" count="25" type="stmt"/>
        <line num="44" count="25" type="stmt"/>
        <line num="45" count="25" type="stmt"/>
        <line num="46" count="25" type="stmt"/>
        <line num="47" count="25" type="stmt"/>
        <line num="48" count="25" type="stmt"/>
        <line num="49" count="25" type="stmt"/>
        <line num="50" count="25" type="stmt"/>
        <line num="51" count="25" type="stmt"/>
        <line num="52" count="25" type="stmt"/>
        <line num="53" count="25" type="stmt"/>
        <line num="54" count="25" type="stmt"/>
        <line num="55" count="25" type="stmt"/>
        <line num="56" count="25" type="stmt"/>
        <line num="59" count="25" type="stmt"/>
        <line num="60" count="25" type="stmt"/>
        <line num="61" count="25" type="stmt"/>
        <line num="62" count="25" type="stmt"/>
        <line num="63" count="25" type="stmt"/>
        <line num="64" count="25" type="cond" truecount="1" falsecount="0"/>
        <line num="65" count="50" type="stmt"/>
        <line num="66" count="50" type="stmt"/>
        <line num="67" count="50" type="stmt"/>
        <line num="69" count="50" type="stmt"/>
        <line num="70" count="50" type="cond" truecount="0" falsecount="1"/>
        <line num="71" count="50" type="stmt"/>
        <line num="72" count="50" type="cond" truecount="1" falsecount="0"/>
        <line num="73" count="50" type="stmt"/>
        <line num="75" count="25" type="stmt"/>
        <line num="76" count="25" type="stmt"/>
        <line num="77" count="25" type="stmt"/>
        <line num="78" count="25" type="stmt"/>
        <line num="79" count="25" type="stmt"/>
        <line num="80" count="25" type="cond" truecount="1" falsecount="0"/>
        <line num="81" count="50" type="stmt"/>
        <line num="82" count="50" type="stmt"/>
        <line num="83" count="50" type="stmt"/>
        <line num="85" count="50" type="stmt"/>
        <line num="86" count="50" type="cond" truecount="0" falsecount="1"/>
        <line num="87" count="50" type="cond" truecount="1" falsecount="0"/>
        <line num="88" count="50" type="stmt"/>
        <line num="90" count="25" type="stmt"/>
        <line num="91" count="25" type="stmt"/>
        <line num="92" count="25" type="stmt"/>
        <line num="93" count="25" type="stmt"/>
        <line num="94" count="25" type="stmt"/>
        <line num="95" count="25" type="cond" truecount="1" falsecount="0"/>
        <line num="96" count="50" type="stmt"/>
        <line num="97" count="50" type="stmt"/>
        <line num="98" count="50" type="stmt"/>
        <line num="100" count="50" type="stmt"/>
        <line num="101" count="50" type="stmt"/>
        <line num="102" count="50" type="cond" truecount="0" falsecount="1"/>
        <line num="103" count="50" type="cond" truecount="1" falsecount="0"/>
        <line num="104" count="50" type="stmt"/>
        <line num="106" count="25" type="stmt"/>
        <line num="107" count="25" type="stmt"/>
        <line num="108" count="25" type="stmt"/>
        <line num="109" count="25" type="stmt"/>
        <line num="110" count="25" type="stmt"/>
        <line num="111" count="25" type="cond" truecount="1" falsecount="0"/>
        <line num="112" count="50" type="stmt"/>
        <line num="113" count="50" type="stmt"/>
        <line num="114" count="50" type="stmt"/>
        <line num="116" count="50" type="stmt"/>
        <line num="117" count="50" type="cond" truecount="0" falsecount="1"/>
        <line num="118" count="50" type="cond" truecount="1" falsecount="0"/>
        <line num="119" count="50" type="stmt"/>
        <line num="121" count="25" type="stmt"/>
        <line num="122" count="25" type="stmt"/>
        <line num="123" count="25" type="stmt"/>
        <line num="124" count="25" type="stmt"/>
        <line num="125" count="25" type="stmt"/>
        <line num="126" count="25" type="cond" truecount="1" falsecount="0"/>
        <line num="127" count="50" type="stmt"/>
        <line num="128" count="50" type="stmt"/>
        <line num="129" count="50" type="stmt"/>
        <line num="131" count="50" type="stmt"/>
        <line num="132" count="50" type="cond" truecount="0" falsecount="1"/>
        <line num="133" count="50" type="cond" truecount="1" falsecount="0"/>
        <line num="134" count="50" type="stmt"/>
        <line num="136" count="25" type="stmt"/>
        <line num="137" count="25" type="stmt"/>
        <line num="138" count="25" type="stmt"/>
        <line num="139" count="25" type="stmt"/>
        <line num="140" count="25" type="stmt"/>
        <line num="141" count="25" type="cond" truecount="1" falsecount="0"/>
        <line num="142" count="50" type="stmt"/>
        <line num="143" count="50" type="stmt"/>
        <line num="144" count="50" type="stmt"/>
        <line num="146" count="50" type="stmt"/>
        <line num="147" count="50" type="cond" truecount="0" falsecount="1"/>
        <line num="148" count="50" type="cond" truecount="1" falsecount="0"/>
        <line num="149" count="50" type="stmt"/>
        <line num="151" count="25" type="stmt"/>
        <line num="152" count="25" type="stmt"/>
        <line num="153" count="25" type="stmt"/>
        <line num="154" count="25" type="stmt"/>
        <line num="155" count="25" type="stmt"/>
        <line num="156" count="25" type="cond" truecount="1" falsecount="0"/>
        <line num="157" count="50" type="stmt"/>
        <line num="158" count="50" type="stmt"/>
        <line num="159" count="50" type="stmt"/>
        <line num="161" count="50" type="stmt"/>
        <line num="162" count="50" type="cond" truecount="0" falsecount="1"/>
        <line num="163" count="50" type="cond" truecount="1" falsecount="0"/>
        <line num="164" count="50" type="stmt"/>
        <line num="166" count="25" type="stmt"/>
        <line num="167" count="25" type="stmt"/>
        <line num="168" count="25" type="stmt"/>
        <line num="169" count="25" type="stmt"/>
        <line num="170" count="25" type="stmt"/>
        <line num="171" count="25" type="cond" truecount="1" falsecount="0"/>
        <line num="172" count="50" type="stmt"/>
        <line num="173" count="50" type="stmt"/>
        <line num="174" count="50" type="stmt"/>
        <line num="176" count="50" type="stmt"/>
        <line num="177" count="50" type="cond" truecount="0" falsecount="1"/>
        <line num="178" count="50" type="cond" truecount="1" falsecount="0"/>
        <line num="179" count="50" type="stmt"/>
        <line num="181" count="25" type="stmt"/>
        <line num="182" count="25" type="stmt"/>
        <line num="183" count="25" type="stmt"/>
        <line num="184" count="25" type="stmt"/>
        <line num="185" count="25" type="stmt"/>
        <line num="186" count="25" type="cond" truecount="1" falsecount="0"/>
        <line num="187" count="50" type="stmt"/>
        <line num="188" count="50" type="stmt"/>
        <line num="189" count="50" type="stmt"/>
        <line num="191" count="50" type="stmt"/>
        <line num="192" count="50" type="cond" truecount="0" falsecount="1"/>
        <line num="193" count="50" type="stmt"/>
        <line num="194" count="50" type="cond" truecount="1" falsecount="0"/>
        <line num="195" count="50" type="stmt"/>
        <line num="197" count="25" type="stmt"/>
        <line num="198" count="25" type="stmt"/>
        <line num="200" count="25" type="stmt"/>
        <line num="201" count="25" type="stmt"/>
        <line num="203" count="25" type="stmt"/>
        <line num="204" count="25" type="stmt"/>
        <line num="205" count="25" type="stmt"/>
        <line num="206" count="25" type="stmt"/>
        <line num="207" count="25" type="stmt"/>
        <line num="209" count="25" type="stmt"/>
        <line num="212" count="25" type="stmt"/>
        <line num="213" count="25" type="stmt"/>
        <line num="214" count="25" type="stmt"/>
        <line num="215" count="25" type="stmt"/>
        <line num="216" count="25" type="stmt"/>
        <line num="219" count="25" type="stmt"/>
        <line num="220" count="25" type="stmt"/>
        <line num="221" count="25" type="stmt"/>
        <line num="222" count="25" type="stmt"/>
        <line num="223" count="25" type="stmt"/>
        <line num="224" count="25" type="stmt"/>
        <line num="225" count="25" type="stmt"/>
        <line num="226" count="25" type="stmt"/>
        <line num="227" count="25" type="stmt"/>
        <line num="229" count="25" type="stmt"/>
        <line num="231" count="1" type="stmt"/>
      </file>
      <file name="Sidebar.tsx" path="/Users/josemanuelgarciazumaya/Desktop/TEC/Monarca_Frontend/src/components/Sidebar.tsx">
        <metrics statements="45" coveredstatements="36" conditionals="13" coveredconditionals="1" methods="1" coveredmethods="1"/>
        <line num="2" count="1" type="stmt"/>
        <line num="5" count="1" type="stmt"/>
        <line num="9" count="5" type="cond" truecount="1" falsecount="0"/>
        <line num="10" count="5" type="stmt"/>
        <line num="11" count="5" type="stmt"/>
        <line num="12" count="5" type="stmt"/>
        <line num="13" count="5" type="stmt"/>
        <line num="14" count="5" type="stmt"/>
        <line num="16" count="5" type="stmt"/>
        <line num="17" count="5" type="stmt"/>
        <line num="18" count="5" type="stmt"/>
        <line num="19" count="5" type="stmt"/>
        <line num="20" count="5" type="stmt"/>
        <line num="21" count="5" type="stmt"/>
        <line num="22" count="5" type="stmt"/>
        <line num="23" count="5" type="stmt"/>
        <line num="24" count="5" type="stmt"/>
        <line num="25" count="5" type="stmt"/>
        <line num="26" count="5" type="stmt"/>
        <line num="27" count="5" type="stmt"/>
        <line num="28" count="5" type="stmt"/>
        <line num="29" count="5" type="stmt"/>
        <line num="30" count="5" type="cond" truecount="0" falsecount="1"/>
        <line num="31" count="0" type="stmt"/>
        <line num="33" count="5" type="cond" truecount="0" falsecount="2"/>
        <line num="34" count="0" type="stmt"/>
        <line num="36" count="5" type="cond" truecount="0" falsecount="1"/>
        <line num="37" count="0" type="stmt"/>
        <line num="39" count="5" type="cond" truecount="0" falsecount="1"/>
        <line num="40" count="0" type="stmt"/>
        <line num="42" count="5" type="cond" truecount="0" falsecount="2"/>
        <line num="43" count="0" type="stmt"/>
        <line num="45" count="5" type="cond" truecount="0" falsecount="1"/>
        <line num="46" count="0" type="stmt"/>
        <line num="51" count="5" type="cond" truecount="0" falsecount="1"/>
        <line num="52" count="0" type="stmt"/>
        <line num="54" count="5" type="cond" truecount="0" falsecount="1"/>
        <line num="55" count="0" type="stmt"/>
        <line num="60" count="5" type="cond" truecount="0" falsecount="2"/>
        <line num="61" count="0" type="stmt"/>
        <line num="63" count="5" type="stmt"/>
        <line num="64" count="5" type="stmt"/>
        <line num="65" count="5" type="stmt"/>
        <line num="67" count="5" type="stmt"/>
        <line num="69" count="1" type="stmt"/>
      </file>
      <file name="SiderbarOption.tsx" path="/Users/josemanuelgarciazumaya/Desktop/TEC/Monarca_Frontend/src/components/SiderbarOption.tsx">
        <metrics statements="17" coveredstatements="17" conditionals="1" coveredconditionals="1" methods="1" coveredmethods="1"/>
        <line num="2" count="1" type="stmt"/>
        <line num="10" count="1" type="cond" truecount="1" falsecount="0"/>
        <line num="12" count="10" type="stmt"/>
        <line num="13" count="10" type="stmt"/>
        <line num="14" count="10" type="stmt"/>
        <line num="15" count="10" type="stmt"/>
        <line num="16" count="10" type="stmt"/>
        <line num="18" count="10" type="stmt"/>
        <line num="19" count="10" type="stmt"/>
        <line num="20" count="10" type="stmt"/>
        <line num="21" count="10" type="stmt"/>
        <line num="22" count="10" type="stmt"/>
        <line num="23" count="10" type="stmt"/>
        <line num="24" count="10" type="stmt"/>
        <line num="25" count="10" type="stmt"/>
        <line num="27" count="10" type="stmt"/>
        <line num="30" count="1" type="stmt"/>
      </file>
    </package>
    <package name="src.components.Approvals">
      <metrics statements="194" coveredstatements="155" conditionals="35" coveredconditionals="29" methods="10" coveredmethods="6"/>
      <file name="DropDown.tsx" path="/Users/josemanuelgarciazumaya/Desktop/TEC/Monarca_Frontend/src/components/Approvals/DropDown.tsx">
        <metrics statements="47" coveredstatements="43" conditionals="12" coveredconditionals="11" methods="4" coveredmethods="3"/>
        <line num="1" count="1" type="stmt"/>
        <line num="15" count="1" type="cond" truecount="1" falsecount="0"/>
        <line num="16" count="10" type="stmt"/>
        <line num="17" count="10" type="stmt"/>
        <line num="18" count="10" type="stmt"/>
        <line num="19" count="10" type="stmt"/>
        <line num="20" count="10" type="stmt"/>
        <line num="21" count="10" type="stmt"/>
        <line num="22" count="10" type="stmt"/>
        <line num="25" count="10" type="cond" truecount="1" falsecount="0"/>
        <line num="26" count="7" type="stmt"/>
        <line num="27" count="0" type="stmt"/>
        <line num="28" count="0" type="stmt"/>
        <line num="29" count="0" type="stmt"/>
        <line num="30" count="0" type="stmt"/>
        <line num="32" count="7" type="stmt"/>
        <line num="33" count="7" type="cond" truecount="1" falsecount="0"/>
        <line num="34" count="10" type="stmt"/>
        <line num="36" count="10" type="cond" truecount="1" falsecount="0"/>
        <line num="38" count="10" type="stmt"/>
        <line num="39" count="10" type="stmt"/>
        <line num="40" count="10" type="stmt"/>
        <line num="41" count="10" type="stmt"/>
        <line num="42" count="10" type="cond" truecount="2" falsecount="0"/>
        <line num="43" count="10" type="stmt"/>
        <line num="45" count="10" type="cond" truecount="2" falsecount="0"/>
        <line num="46" count="10" type="stmt"/>
        <line num="47" count="10" type="stmt"/>
        <line num="49" count="10" type="cond" truecount="1" falsecount="0"/>
        <line num="50" count="2" type="stmt"/>
        <line num="51" count="2" type="cond" truecount="1" falsecount="0"/>
        <line num="52" count="6" type="stmt"/>
        <line num="53" count="6" type="stmt"/>
        <line num="54" count="6" type="cond" truecount="1" falsecount="0"/>
        <line num="55" count="1" type="stmt"/>
        <line num="56" count="1" type="stmt"/>
        <line num="57" count="1" type="stmt"/>
        <line num="58" count="6" type="stmt"/>
        <line num="59" count="6" type="cond" truecount="0" falsecount="1"/>
        <line num="60" count="6" type="stmt"/>
        <line num="62" count="6" type="stmt"/>
        <line num="63" count="6" type="stmt"/>
        <line num="64" count="2" type="stmt"/>
        <line num="65" count="2" type="stmt"/>
        <line num="67" count="10" type="stmt"/>
        <line num="69" count="10" type="stmt"/>
        <line num="71" count="1" type="stmt"/>
      </file>
      <file name="Table.tsx" path="/Users/josemanuelgarciazumaya/Desktop/TEC/Monarca_Frontend/src/components/Approvals/Table.tsx">
        <metrics statements="147" coveredstatements="112" conditionals="23" coveredconditionals="18" methods="6" coveredmethods="3"/>
        <line num="1" count="1" type="stmt"/>
        <line num="2" count="1" type="stmt"/>
        <line num="19" count="1" type="cond" truecount="1" falsecount="0"/>
        <line num="20" count="8" type="stmt"/>
        <line num="21" count="8" type="stmt"/>
        <line num="22" count="8" type="stmt"/>
        <line num="23" count="8" type="stmt"/>
        <line num="24" count="8" type="stmt"/>
        <line num="25" count="8" type="stmt"/>
        <line num="26" count="8" type="stmt"/>
        <line num="27" count="8" type="stmt"/>
        <line num="29" count="8" type="cond" truecount="1" falsecount="0"/>
        <line num="30" count="6" type="stmt"/>
        <line num="31" count="8" type="stmt"/>
        <line num="33" count="8" type="stmt"/>
        <line num="34" count="8" type="stmt"/>
        <line num="35" count="8" type="stmt"/>
        <line num="36" count="8" type="stmt"/>
        <line num="38" count="8" type="cond" truecount="1" falsecount="0"/>
        <line num="39" count="1" type="cond" truecount="0" falsecount="1"/>
        <line num="40" count="1" type="cond" truecount="0" falsecount="1"/>
        <line num="41" count="1" type="stmt"/>
        <line num="42" count="1" type="stmt"/>
        <line num="44" count="8" type="stmt"/>
        <line num="45" count="0" type="stmt"/>
        <line num="46" count="0" type="stmt"/>
        <line num="48" count="8" type="stmt"/>
        <line num="49" count="8" type="stmt"/>
        <line num="50" count="8" type="stmt"/>
        <line num="51" count="8" type="stmt"/>
        <line num="52" count="8" type="stmt"/>
        <line num="53" count="8" type="stmt"/>
        <line num="54" count="8" type="cond" truecount="1" falsecount="0"/>
        <line num="55" count="23" type="stmt"/>
        <line num="56" count="23" type="stmt"/>
        <line num="57" count="23" type="stmt"/>
        <line num="58" count="23" type="cond" truecount="2" falsecount="0"/>
        <line num="59" count="23" type="stmt"/>
        <line num="61" count="23" type="cond" truecount="2" falsecount="0"/>
        <line num="62" count="23" type="stmt"/>
        <line num="64" count="23" type="stmt"/>
        <line num="65" count="23" type="stmt"/>
        <line num="66" count="8" type="stmt"/>
        <line num="69" count="8" type="stmt"/>
        <line num="71" count="8" type="stmt"/>
        <line num="74" count="8" type="stmt"/>
        <line num="75" count="8" type="stmt"/>
        <line num="76" count="8" type="stmt"/>
        <line num="78" count="8" type="stmt"/>
        <line num="79" count="8" type="cond" truecount="1" falsecount="0"/>
        <line num="80" count="1" type="stmt"/>
        <line num="81" count="1" type="stmt"/>
        <line num="83" count="1" type="stmt"/>
        <line num="84" count="1" type="cond" truecount="1" falsecount="0"/>
        <line num="85" count="7" type="cond" truecount="1" falsecount="0"/>
        <line num="86" count="16" type="stmt"/>
        <line num="87" count="16" type="stmt"/>
        <line num="88" count="16" type="cond" truecount="1" falsecount="0"/>
        <line num="89" count="46" type="stmt"/>
        <line num="90" count="46" type="stmt"/>
        <line num="91" count="46" type="stmt"/>
        <line num="92" count="46" type="cond" truecount="2" falsecount="0"/>
        <line num="93" count="46" type="stmt"/>
        <line num="95" count="46" type="cond" truecount="2" falsecount="0"/>
        <line num="96" count="46" type="stmt"/>
        <line num="98" count="46" type="stmt"/>
        <line num="99" count="46" type="cond" truecount="0" falsecount="1"/>
        <line num="100" count="0" type="stmt"/>
        <line num="101" count="46" type="stmt"/>
        <line num="102" count="16" type="stmt"/>
        <line num="104" count="16" type="stmt"/>
        <line num="105" count="16" type="stmt"/>
        <line num="106" count="16" type="stmt"/>
        <line num="107" count="16" type="stmt"/>
        <line num="108" count="16" type="stmt"/>
        <line num="110" count="16" type="stmt"/>
        <line num="111" count="16" type="stmt"/>
        <line num="114" count="16" type="stmt"/>
        <line num="115" count="16" type="stmt"/>
        <line num="116" count="16" type="stmt"/>
        <line num="117" count="16" type="stmt"/>
        <line num="118" count="16" type="stmt"/>
        <line num="120" count="16" type="cond" truecount="0" falsecount="1"/>
        <line num="121" count="16" type="stmt"/>
        <line num="122" count="16" type="stmt"/>
        <line num="123" count="16" type="stmt"/>
        <line num="125" count="16" type="cond" truecount="0" falsecount="1"/>
        <line num="126" count="0" type="stmt"/>
        <line num="127" count="0" type="stmt"/>
        <line num="128" count="0" type="stmt"/>
        <line num="129" count="0" type="stmt"/>
        <line num="131" count="0" type="stmt"/>
        <line num="132" count="0" type="stmt"/>
        <line num="133" count="0" type="stmt"/>
        <line num="134" count="0" type="stmt"/>
        <line num="135" count="0" type="stmt"/>
        <line num="136" count="0" type="stmt"/>
        <line num="137" count="0" type="stmt"/>
        <line num="138" count="0" type="stmt"/>
        <line num="139" count="0" type="stmt"/>
        <line num="140" count="0" type="stmt"/>
        <line num="141" count="0" type="stmt"/>
        <line num="142" count="0" type="stmt"/>
        <line num="143" count="0" type="stmt"/>
        <line num="144" count="0" type="stmt"/>
        <line num="145" count="0" type="stmt"/>
        <line num="146" count="0" type="stmt"/>
        <line num="147" count="0" type="stmt"/>
        <line num="148" count="0" type="stmt"/>
        <line num="149" count="0" type="stmt"/>
        <line num="150" count="0" type="stmt"/>
        <line num="151" count="0" type="stmt"/>
        <line num="152" count="0" type="stmt"/>
        <line num="153" count="0" type="stmt"/>
        <line num="154" count="0" type="stmt"/>
        <line num="155" count="0" type="stmt"/>
        <line num="157" count="0" type="stmt"/>
        <line num="158" count="0" type="stmt"/>
        <line num="159" count="0" type="stmt"/>
        <line num="161" count="16" type="stmt"/>
        <line num="162" count="7" type="stmt"/>
        <line num="163" count="8" type="stmt"/>
        <line num="164" count="8" type="stmt"/>
        <line num="165" count="8" type="stmt"/>
        <line num="167" count="8" type="cond" truecount="1" falsecount="0"/>
        <line num="168" count="4" type="stmt"/>
        <line num="169" count="4" type="stmt"/>
        <line num="170" count="4" type="stmt"/>
        <line num="171" count="4" type="stmt"/>
        <line num="172" count="4" type="stmt"/>
        <line num="173" count="4" type="stmt"/>
        <line num="174" count="4" type="stmt"/>
        <line num="176" count="4" type="stmt"/>
        <line num="178" count="4" type="stmt"/>
        <line num="179" count="4" type="stmt"/>
        <line num="180" count="4" type="stmt"/>
        <line num="182" count="4" type="stmt"/>
        <line num="183" count="4" type="cond" truecount="1" falsecount="0"/>
        <line num="184" count="4" type="stmt"/>
        <line num="185" count="4" type="stmt"/>
        <line num="186" count="4" type="stmt"/>
        <line num="187" count="4" type="stmt"/>
        <line num="189" count="4" type="stmt"/>
        <line num="190" count="4" type="stmt"/>
        <line num="192" count="8" type="stmt"/>
        <line num="194" count="8" type="stmt"/>
        <line num="196" count="1" type="stmt"/>
      </file>
    </package>
    <package name="src.components.Refunds">
      <metrics statements="642" coveredstatements="540" conditionals="149" coveredconditionals="113" methods="25" coveredmethods="22"/>
      <file name="Button.tsx" path="/Users/josemanuelgarciazumaya/Desktop/TEC/Monarca_Frontend/src/components/Refunds/Button.tsx">
        <metrics statements="13" coveredstatements="13" conditionals="1" coveredconditionals="1" methods="1" coveredmethods="1"/>
        <line num="24" count="1" type="cond" truecount="1" falsecount="0"/>
        <line num="25" count="25" type="stmt"/>
        <line num="26" count="25" type="stmt"/>
        <line num="27" count="25" type="stmt"/>
        <line num="28" count="25" type="stmt"/>
        <line num="29" count="25" type="stmt"/>
        <line num="30" count="25" type="stmt"/>
        <line num="31" count="25" type="stmt"/>
        <line num="32" count="25" type="stmt"/>
        <line num="33" count="25" type="stmt"/>
        <line num="34" count="25" type="stmt"/>
        <line num="36" count="25" type="stmt"/>
        <line num="38" count="1" type="stmt"/>
      </file>
      <file name="DropDown.tsx" path="/Users/josemanuelgarciazumaya/Desktop/TEC/Monarca_Frontend/src/components/Refunds/DropDown.tsx">
        <metrics statements="49" coveredstatements="45" conditionals="4" coveredconditionals="2" methods="1" coveredmethods="1"/>
        <line num="37" count="1" type="cond" truecount="1" falsecount="0"/>
        <line num="38" count="100" type="stmt"/>
        <line num="39" count="100" type="stmt"/>
        <line num="40" count="100" type="stmt"/>
        <line num="41" count="100" type="stmt"/>
        <line num="42" count="100" type="stmt"/>
        <line num="43" count="100" type="stmt"/>
        <line num="44" count="100" type="stmt"/>
        <line num="45" count="100" type="stmt"/>
        <line num="46" count="100" type="stmt"/>
        <line num="47" count="100" type="stmt"/>
        <line num="48" count="100" type="stmt"/>
        <line num="49" count="100" type="stmt"/>
        <line num="50" count="100" type="stmt"/>
        <line num="51" count="100" type="stmt"/>
        <line num="52" count="100" type="stmt"/>
        <line num="53" count="100" type="stmt"/>
        <line num="54" count="100" type="stmt"/>
        <line num="55" count="100" type="cond" truecount="0" falsecount="1"/>
        <line num="56" count="0" type="stmt"/>
        <line num="57" count="0" type="stmt"/>
        <line num="58" count="0" type="stmt"/>
        <line num="59" count="0" type="stmt"/>
        <line num="61" count="100" type="stmt"/>
        <line num="62" count="100" type="stmt"/>
        <line num="65" count="100" type="stmt"/>
        <line num="66" count="100" type="stmt"/>
        <line num="67" count="100" type="stmt"/>
        <line num="68" count="100" type="stmt"/>
        <line num="69" count="100" type="stmt"/>
        <line num="70" count="100" type="stmt"/>
        <line num="71" count="100" type="stmt"/>
        <line num="72" count="100" type="stmt"/>
        <line num="73" count="100" type="stmt"/>
        <line num="75" count="100" type="stmt"/>
        <line num="76" count="100" type="stmt"/>
        <line num="77" count="100" type="stmt"/>
        <line num="78" count="100" type="stmt"/>
        <line num="80" count="100" type="cond" truecount="1" falsecount="0"/>
        <line num="81" count="200" type="stmt"/>
        <line num="82" count="200" type="stmt"/>
        <line num="83" count="200" type="stmt"/>
        <line num="84" count="100" type="stmt"/>
        <line num="85" count="100" type="stmt"/>
        <line num="86" count="100" type="stmt"/>
        <line num="87" count="100" type="cond" truecount="0" falsecount="1"/>
        <line num="88" count="100" type="stmt"/>
        <line num="90" count="100" type="stmt"/>
        <line num="92" count="1" type="stmt"/>
      </file>
      <file name="DynamicTable.tsx" path="/Users/josemanuelgarciazumaya/Desktop/TEC/Monarca_Frontend/src/components/Refunds/DynamicTable.tsx">
        <metrics statements="112" coveredstatements="85" conditionals="17" coveredconditionals="14" methods="4" coveredmethods="2"/>
        <line num="7" count="1" type="stmt"/>
        <line num="52" count="1" type="cond" truecount="1" falsecount="0"/>
        <line num="53" count="25" type="stmt"/>
        <line num="54" count="25" type="stmt"/>
        <line num="55" count="25" type="stmt"/>
        <line num="56" count="25" type="stmt"/>
        <line num="57" count="25" type="stmt"/>
        <line num="58" count="25" type="stmt"/>
        <line num="64" count="25" type="stmt"/>
        <line num="71" count="25" type="cond" truecount="1" falsecount="0"/>
        <line num="72" count="12" type="stmt"/>
        <line num="73" count="12" type="stmt"/>
        <line num="74" count="12" type="stmt"/>
        <line num="75" count="12" type="stmt"/>
        <line num="76" count="12" type="stmt"/>
        <line num="78" count="12" type="stmt"/>
        <line num="79" count="12" type="stmt"/>
        <line num="80" count="12" type="stmt"/>
        <line num="81" count="12" type="stmt"/>
        <line num="83" count="12" type="stmt"/>
        <line num="85" count="12" type="stmt"/>
        <line num="86" count="12" type="stmt"/>
        <line num="87" count="12" type="stmt"/>
        <line num="88" count="12" type="stmt"/>
        <line num="90" count="25" type="stmt"/>
        <line num="91" count="0" type="stmt"/>
        <line num="92" count="0" type="stmt"/>
        <line num="93" count="0" type="stmt"/>
        <line num="94" count="0" type="stmt"/>
        <line num="97" count="0" type="stmt"/>
        <line num="98" count="0" type="stmt"/>
        <line num="100" count="0" type="stmt"/>
        <line num="101" count="0" type="stmt"/>
        <line num="102" count="0" type="stmt"/>
        <line num="103" count="0" type="stmt"/>
        <line num="106" count="25" type="stmt"/>
        <line num="107" count="0" type="stmt"/>
        <line num="108" count="0" type="stmt"/>
        <line num="109" count="0" type="stmt"/>
        <line num="111" count="0" type="stmt"/>
        <line num="112" count="0" type="stmt"/>
        <line num="113" count="0" type="stmt"/>
        <line num="115" count="0" type="stmt"/>
        <line num="116" count="0" type="stmt"/>
        <line num="117" count="0" type="stmt"/>
        <line num="119" count="0" type="stmt"/>
        <line num="120" count="0" type="stmt"/>
        <line num="122" count="25" type="stmt"/>
        <line num="123" count="25" type="stmt"/>
        <line num="124" count="25" type="stmt"/>
        <line num="125" count="25" type="stmt"/>
        <line num="126" count="25" type="stmt"/>
        <line num="127" count="25" type="stmt"/>
        <line num="128" count="25" type="cond" truecount="1" falsecount="0"/>
        <line num="129" count="225" type="stmt"/>
        <line num="130" count="225" type="stmt"/>
        <line num="131" count="225" type="stmt"/>
        <line num="132" count="225" type="cond" truecount="2" falsecount="0"/>
        <line num="133" count="225" type="cond" truecount="2" falsecount="0"/>
        <line num="135" count="225" type="stmt"/>
        <line num="136" count="225" type="stmt"/>
        <line num="137" count="25" type="stmt"/>
        <line num="138" count="25" type="stmt"/>
        <line num="139" count="25" type="stmt"/>
        <line num="140" count="25" type="stmt"/>
        <line num="141" count="25" type="cond" truecount="1" falsecount="0"/>
        <line num="142" count="50" type="stmt"/>
        <line num="143" count="50" type="stmt"/>
        <line num="144" count="50" type="cond" truecount="1" falsecount="0"/>
        <line num="145" count="450" type="stmt"/>
        <line num="146" count="450" type="stmt"/>
        <line num="147" count="450" type="stmt"/>
        <line num="148" count="450" type="cond" truecount="2" falsecount="0"/>
        <line num="149" count="450" type="stmt"/>
        <line num="150" count="450" type="cond" truecount="2" falsecount="0"/>
        <line num="151" count="450" type="stmt"/>
        <line num="163" count="450" type="stmt"/>
        <line num="164" count="450" type="stmt"/>
        <line num="165" count="450" type="stmt"/>
        <line num="166" count="450" type="cond" truecount="1" falsecount="0"/>
        <line num="167" count="12" type="stmt"/>
        <line num="168" count="12" type="stmt"/>
        <line num="169" count="12" type="stmt"/>
        <line num="170" count="12" type="stmt"/>
        <line num="171" count="12" type="stmt"/>
        <line num="172" count="450" type="stmt"/>
        <line num="173" count="450" type="cond" truecount="0" falsecount="1"/>
        <line num="174" count="0" type="stmt"/>
        <line num="176" count="450" type="stmt"/>
        <line num="177" count="50" type="stmt"/>
        <line num="178" count="50" type="stmt"/>
        <line num="181" count="50" type="cond" truecount="0" falsecount="2"/>
        <line num="182" count="0" type="stmt"/>
        <line num="183" count="0" type="stmt"/>
        <line num="184" count="0" type="stmt"/>
        <line num="185" count="0" type="stmt"/>
        <line num="186" count="0" type="stmt"/>
        <line num="188" count="50" type="stmt"/>
        <line num="189" count="25" type="stmt"/>
        <line num="190" count="25" type="stmt"/>
        <line num="191" count="25" type="stmt"/>
        <line num="192" count="25" type="stmt"/>
        <line num="193" count="25" type="stmt"/>
        <line num="194" count="25" type="stmt"/>
        <line num="195" count="25" type="stmt"/>
        <line num="196" count="25" type="stmt"/>
        <line num="197" count="25" type="stmt"/>
        <line num="199" count="25" type="stmt"/>
        <line num="200" count="25" type="stmt"/>
        <line num="201" count="25" type="stmt"/>
        <line num="203" count="25" type="stmt"/>
        <line num="205" count="1" type="stmt"/>
      </file>
      <file name="FilePreviewer.tsx" path="/Users/josemanuelgarciazumaya/Desktop/TEC/Monarca_Frontend/src/components/Refunds/FilePreviewer.tsx">
        <metrics statements="39" coveredstatements="39" conditionals="1" coveredconditionals="1" methods="1" coveredmethods="1"/>
        <line num="1" count="1" type="stmt"/>
        <line num="2" count="1" type="stmt"/>
        <line num="19" count="1" type="cond" truecount="1" falsecount="0"/>
        <line num="20" count="23" type="stmt"/>
        <line num="21" count="23" type="stmt"/>
        <line num="22" count="23" type="stmt"/>
        <line num="23" count="23" type="stmt"/>
        <line num="24" count="23" type="stmt"/>
        <line num="25" count="23" type="stmt"/>
        <line num="26" count="23" type="stmt"/>
        <line num="27" count="23" type="stmt"/>
        <line num="28" count="23" type="stmt"/>
        <line num="29" count="23" type="stmt"/>
        <line num="31" count="23" type="stmt"/>
        <line num="32" count="23" type="stmt"/>
        <line num="33" count="23" type="stmt"/>
        <line num="34" count="23" type="stmt"/>
        <line num="35" count="23" type="stmt"/>
        <line num="36" count="23" type="stmt"/>
        <line num="37" count="23" type="stmt"/>
        <line num="39" count="23" type="stmt"/>
        <line num="40" count="23" type="stmt"/>
        <line num="41" count="23" type="stmt"/>
        <line num="42" count="23" type="stmt"/>
        <line num="43" count="23" type="stmt"/>
        <line num="44" count="23" type="stmt"/>
        <line num="45" count="23" type="stmt"/>
        <line num="47" count="23" type="stmt"/>
        <line num="48" count="23" type="stmt"/>
        <line num="49" count="23" type="stmt"/>
        <line num="50" count="23" type="stmt"/>
        <line num="51" count="23" type="stmt"/>
        <line num="52" count="23" type="stmt"/>
        <line num="54" count="23" type="stmt"/>
        <line num="55" count="23" type="stmt"/>
        <line num="56" count="23" type="stmt"/>
        <line num="57" count="23" type="stmt"/>
        <line num="59" count="23" type="stmt"/>
        <line num="61" count="1" type="stmt"/>
      </file>
      <file name="InputField.tsx" path="/Users/josemanuelgarciazumaya/Desktop/TEC/Monarca_Frontend/src/components/Refunds/InputField.tsx">
        <metrics statements="195" coveredstatements="164" conditionals="63" coveredconditionals="48" methods="7" coveredmethods="7"/>
        <line num="1" count="1" type="stmt"/>
        <line num="46" count="1" type="cond" truecount="1" falsecount="0"/>
        <line num="47" count="392" type="stmt"/>
        <line num="48" count="392" type="stmt"/>
        <line num="49" count="392" type="stmt"/>
        <line num="50" count="392" type="stmt"/>
        <line num="51" count="392" type="stmt"/>
        <line num="52" count="392" type="stmt"/>
        <line num="53" count="392" type="stmt"/>
        <line num="54" count="392" type="stmt"/>
        <line num="55" count="392" type="stmt"/>
        <line num="56" count="392" type="stmt"/>
        <line num="57" count="392" type="stmt"/>
        <line num="58" count="392" type="stmt"/>
        <line num="59" count="392" type="stmt"/>
        <line num="60" count="392" type="stmt"/>
        <line num="61" count="392" type="stmt"/>
        <line num="62" count="392" type="stmt"/>
        <line num="64" count="392" type="stmt"/>
        <line num="65" count="392" type="cond" truecount="3" falsecount="0"/>
        <line num="68" count="392" type="stmt"/>
        <line num="69" count="392" type="stmt"/>
        <line num="70" count="392" type="stmt"/>
        <line num="73" count="392" type="cond" truecount="1" falsecount="0"/>
        <line num="75" count="7" type="cond" truecount="0" falsecount="1"/>
        <line num="76" count="0" type="stmt"/>
        <line num="77" count="0" type="stmt"/>
        <line num="80" count="7" type="cond" truecount="0" falsecount="1"/>
        <line num="82" count="0" type="stmt"/>
        <line num="83" count="0" type="stmt"/>
        <line num="86" count="7" type="cond" truecount="0" falsecount="1"/>
        <line num="87" count="0" type="stmt"/>
        <line num="88" count="0" type="stmt"/>
        <line num="91" count="7" type="cond" truecount="0" falsecount="1"/>
        <line num="92" count="0" type="stmt"/>
        <line num="93" count="0" type="stmt"/>
        <line num="96" count="7" type="cond" truecount="0" falsecount="1"/>
        <line num="97" count="0" type="stmt"/>
        <line num="98" count="0" type="stmt"/>
        <line num="101" count="7" type="stmt"/>
        <line num="102" count="7" type="cond" truecount="0" falsecount="1"/>
        <line num="103" count="0" type="stmt"/>
        <line num="104" count="7" type="stmt"/>
        <line num="107" count="392" type="stmt"/>
        <line num="108" count="392" type="cond" truecount="4" falsecount="0"/>
        <line num="111" count="392" type="stmt"/>
        <line num="112" count="392" type="cond" truecount="3" falsecount="1"/>
        <line num="115" count="392" type="stmt"/>
        <line num="116" count="392" type="cond" truecount="2" falsecount="0"/>
        <line num="117" count="4" type="cond" truecount="1" falsecount="0"/>
        <line num="118" count="388" type="cond" truecount="1" falsecount="0"/>
        <line num="119" count="8" type="cond" truecount="1" falsecount="0"/>
        <line num="120" count="380" type="cond" truecount="0" falsecount="1"/>
        <line num="121" count="0" type="stmt"/>
        <line num="122" count="380" type="cond" truecount="0" falsecount="1"/>
        <line num="123" count="0" type="stmt"/>
        <line num="124" count="380" type="cond" truecount="1" falsecount="0"/>
        <line num="125" count="52" type="cond" truecount="1" falsecount="0"/>
        <line num="126" count="328" type="stmt"/>
        <line num="127" count="392" type="stmt"/>
        <line num="130" count="392" type="stmt"/>
        <line num="131" count="392" type="cond" truecount="2" falsecount="0"/>
        <line num="132" count="5" type="cond" truecount="1" falsecount="0"/>
        <line num="133" count="387" type="stmt"/>
        <line num="136" count="392" type="stmt"/>
        <line num="139" count="392" type="cond" truecount="1" falsecount="0"/>
        <line num="141" count="16" type="cond" truecount="3" falsecount="0"/>
        <line num="142" count="2" type="stmt"/>
        <line num="143" count="2" type="stmt"/>
        <line num="144" count="2" type="cond" truecount="1" falsecount="0"/>
        <line num="146" count="14" type="cond" truecount="2" falsecount="0"/>
        <line num="147" count="1" type="stmt"/>
        <line num="148" count="1" type="stmt"/>
        <line num="149" count="1" type="stmt"/>
        <line num="150" count="1" type="cond" truecount="1" falsecount="0"/>
        <line num="152" count="13" type="stmt"/>
        <line num="153" count="13" type="stmt"/>
        <line num="154" count="13" type="stmt"/>
        <line num="155" count="13" type="stmt"/>
        <line num="156" count="16" type="stmt"/>
        <line num="159" count="392" type="cond" truecount="1" falsecount="0"/>
        <line num="160" count="4" type="stmt"/>
        <line num="162" count="4" type="cond" truecount="0" falsecount="1"/>
        <line num="165" count="4" type="cond" truecount="1" falsecount="0"/>
        <line num="166" count="4" type="stmt"/>
        <line num="169" count="392" type="cond" truecount="1" falsecount="0"/>
        <line num="171" count="12" type="stmt"/>
        <line num="174" count="12" type="stmt"/>
        <line num="177" count="12" type="cond" truecount="0" falsecount="1"/>
        <line num="178" count="0" type="stmt"/>
        <line num="179" count="12" type="stmt"/>
        <line num="180" count="12" type="stmt"/>
        <line num="181" count="12" type="stmt"/>
        <line num="184" count="392" type="cond" truecount="1" falsecount="0"/>
        <line num="185" count="1" type="stmt"/>
        <line num="186" count="1" type="stmt"/>
        <line num="187" count="1" type="stmt"/>
        <line num="190" count="392" type="cond" truecount="1" falsecount="0"/>
        <line num="192" count="392" type="cond" truecount="2" falsecount="0"/>
        <line num="193" count="4" type="stmt"/>
        <line num="194" count="4" type="stmt"/>
        <line num="195" count="4" type="stmt"/>
        <line num="196" count="4" type="stmt"/>
        <line num="197" count="4" type="stmt"/>
        <line num="198" count="4" type="stmt"/>
        <line num="199" count="4" type="stmt"/>
        <line num="200" count="4" type="cond" truecount="1" falsecount="0"/>
        <line num="201" count="4" type="stmt"/>
        <line num="202" count="4" type="stmt"/>
        <line num="203" count="4" type="stmt"/>
        <line num="204" count="4" type="stmt"/>
        <line num="205" count="4" type="stmt"/>
        <line num="206" count="4" type="stmt"/>
        <line num="207" count="4" type="stmt"/>
        <line num="208" count="4" type="stmt"/>
        <line num="209" count="4" type="stmt"/>
        <line num="210" count="4" type="cond" truecount="0" falsecount="1"/>
        <line num="211" count="0" type="stmt"/>
        <line num="212" count="0" type="stmt"/>
        <line num="213" count="0" type="stmt"/>
        <line num="215" count="0" type="stmt"/>
        <line num="216" count="0" type="stmt"/>
        <line num="217" count="0" type="stmt"/>
        <line num="219" count="4" type="stmt"/>
        <line num="221" count="4" type="cond" truecount="1" falsecount="0"/>
        <line num="224" count="392" type="cond" truecount="1" falsecount="0"/>
        <line num="225" count="8" type="stmt"/>
        <line num="226" count="8" type="stmt"/>
        <line num="227" count="8" type="cond" truecount="0" falsecount="1"/>
        <line num="228" count="0" type="stmt"/>
        <line num="229" count="0" type="stmt"/>
        <line num="230" count="0" type="stmt"/>
        <line num="232" count="0" type="stmt"/>
        <line num="233" count="0" type="stmt"/>
        <line num="234" count="0" type="stmt"/>
        <line num="236" count="8" type="stmt"/>
        <line num="237" count="8" type="stmt"/>
        <line num="238" count="8" type="cond" truecount="0" falsecount="1"/>
        <line num="239" count="8" type="stmt"/>
        <line num="240" count="8" type="stmt"/>
        <line num="241" count="8" type="stmt"/>
        <line num="242" count="8" type="stmt"/>
        <line num="243" count="8" type="stmt"/>
        <line num="244" count="8" type="stmt"/>
        <line num="245" count="8" type="stmt"/>
        <line num="246" count="8" type="stmt"/>
        <line num="247" count="8" type="stmt"/>
        <line num="248" count="8" type="stmt"/>
        <line num="249" count="8" type="stmt"/>
        <line num="250" count="8" type="cond" truecount="0" falsecount="1"/>
        <line num="251" count="0" type="stmt"/>
        <line num="252" count="0" type="stmt"/>
        <line num="253" count="0" type="stmt"/>
        <line num="254" count="0" type="stmt"/>
        <line num="255" count="0" type="stmt"/>
        <line num="257" count="8" type="stmt"/>
        <line num="258" count="8" type="stmt"/>
        <line num="260" count="8" type="cond" truecount="1" falsecount="0"/>
        <line num="263" count="380" type="stmt"/>
        <line num="264" count="380" type="stmt"/>
        <line num="265" count="380" type="cond" truecount="1" falsecount="0"/>
        <line num="266" count="2" type="stmt"/>
        <line num="267" count="2" type="stmt"/>
        <line num="268" count="2" type="stmt"/>
        <line num="270" count="2" type="stmt"/>
        <line num="271" count="2" type="cond" truecount="1" falsecount="0"/>
        <line num="272" count="2" type="stmt"/>
        <line num="274" count="392" type="stmt"/>
        <line num="275" count="392" type="stmt"/>
        <line num="276" count="392" type="cond" truecount="1" falsecount="0"/>
        <line num="277" count="392" type="stmt"/>
        <line num="278" count="392" type="stmt"/>
        <line num="279" count="392" type="cond" truecount="1" falsecount="0"/>
        <line num="280" count="392" type="stmt"/>
        <line num="281" count="392" type="stmt"/>
        <line num="282" count="392" type="stmt"/>
        <line num="283" count="392" type="stmt"/>
        <line num="284" count="392" type="stmt"/>
        <line num="285" count="392" type="stmt"/>
        <line num="286" count="392" type="stmt"/>
        <line num="287" count="392" type="stmt"/>
        <line num="288" count="392" type="stmt"/>
        <line num="289" count="392" type="cond" truecount="2" falsecount="0"/>
        <line num="290" count="392" type="stmt"/>
        <line num="291" count="392" type="stmt"/>
        <line num="292" count="392" type="stmt"/>
        <line num="294" count="392" type="stmt"/>
        <line num="296" count="392" type="stmt"/>
        <line num="297" count="392" type="stmt"/>
        <line num="298" count="392" type="stmt"/>
        <line num="299" count="392" type="cond" truecount="1" falsecount="0"/>
        <line num="300" count="5" type="stmt"/>
        <line num="302" count="392" type="stmt"/>
        <line num="304" count="392" type="stmt"/>
        <line num="306" count="1" type="stmt"/>
      </file>
      <file name="Table.tsx" path="/Users/josemanuelgarciazumaya/Desktop/TEC/Monarca_Frontend/src/components/Refunds/Table.tsx">
        <metrics statements="80" coveredstatements="80" conditionals="22" coveredconditionals="20" methods="4" coveredmethods="3"/>
        <line num="7" count="1" type="stmt"/>
        <line num="46" count="1" type="cond" truecount="1" falsecount="0"/>
        <line num="50" count="9" type="stmt"/>
        <line num="57" count="9" type="stmt"/>
        <line num="62" count="9" type="stmt"/>
        <line num="63" count="9" type="stmt"/>
        <line num="70" count="9" type="stmt"/>
        <line num="77" count="9" type="cond" truecount="1" falsecount="0"/>
        <line num="78" count="2" type="cond" truecount="0" falsecount="1"/>
        <line num="79" count="2" type="cond" truecount="0" falsecount="1"/>
        <line num="80" count="2" type="stmt"/>
        <line num="81" count="2" type="stmt"/>
        <line num="83" count="9" type="stmt"/>
        <line num="84" count="9" type="stmt"/>
        <line num="86" count="9" type="stmt"/>
        <line num="87" count="9" type="stmt"/>
        <line num="88" count="9" type="stmt"/>
        <line num="89" count="9" type="stmt"/>
        <line num="94" count="9" type="cond" truecount="1" falsecount="0"/>
        <line num="95" count="27" type="stmt"/>
        <line num="96" count="27" type="stmt"/>
        <line num="97" count="27" type="stmt"/>
        <line num="98" count="27" type="cond" truecount="2" falsecount="0"/>
        <line num="99" count="27" type="cond" truecount="2" falsecount="0"/>
        <line num="101" count="27" type="stmt"/>
        <line num="102" count="27" type="stmt"/>
        <line num="103" count="9" type="stmt"/>
        <line num="104" count="9" type="stmt"/>
        <line num="105" count="9" type="stmt"/>
        <line num="106" count="9" type="stmt"/>
        <line num="117" count="9" type="cond" truecount="1" falsecount="0"/>
        <line num="118" count="1" type="stmt"/>
        <line num="119" count="1" type="stmt"/>
        <line num="121" count="1" type="stmt"/>
        <line num="122" count="1" type="cond" truecount="1" falsecount="0"/>
        <line num="123" count="8" type="cond" truecount="1" falsecount="0"/>
        <line num="124" count="18" type="stmt"/>
        <line num="125" count="18" type="stmt"/>
        <line num="126" count="18" type="stmt"/>
        <line num="133" count="18" type="cond" truecount="1" falsecount="0"/>
        <line num="134" count="54" type="stmt"/>
        <line num="135" count="54" type="stmt"/>
        <line num="136" count="54" type="stmt"/>
        <line num="137" count="54" type="cond" truecount="2" falsecount="0"/>
        <line num="138" count="54" type="stmt"/>
        <line num="139" count="54" type="cond" truecount="2" falsecount="0"/>
        <line num="140" count="54" type="stmt"/>
        <line num="146" count="54" type="cond" truecount="2" falsecount="0"/>
        <line num="153" count="52" type="cond" truecount="1" falsecount="0"/>
        <line num="154" count="2" type="stmt"/>
        <line num="155" count="54" type="stmt"/>
        <line num="156" count="18" type="stmt"/>
        <line num="157" count="18" type="stmt"/>
        <line num="158" count="8" type="stmt"/>
        <line num="159" count="9" type="stmt"/>
        <line num="160" count="9" type="stmt"/>
        <line num="161" count="9" type="stmt"/>
        <line num="167" count="9" type="cond" truecount="1" falsecount="0"/>
        <line num="168" count="5" type="stmt"/>
        <line num="170" count="5" type="stmt"/>
        <line num="171" count="5" type="stmt"/>
        <line num="172" count="5" type="stmt"/>
        <line num="173" count="5" type="stmt"/>
        <line num="174" count="5" type="stmt"/>
        <line num="175" count="5" type="stmt"/>
        <line num="177" count="5" type="stmt"/>
        <line num="179" count="5" type="stmt"/>
        <line num="180" count="5" type="stmt"/>
        <line num="181" count="5" type="stmt"/>
        <line num="183" count="5" type="stmt"/>
        <line num="184" count="5" type="cond" truecount="1" falsecount="0"/>
        <line num="185" count="5" type="stmt"/>
        <line num="186" count="5" type="stmt"/>
        <line num="187" count="5" type="stmt"/>
        <line num="188" count="5" type="stmt"/>
        <line num="190" count="5" type="stmt"/>
        <line num="191" count="5" type="stmt"/>
        <line num="193" count="9" type="stmt"/>
        <line num="195" count="9" type="stmt"/>
        <line num="197" count="1" type="stmt"/>
      </file>
      <file name="TextArea.tsx" path="/Users/josemanuelgarciazumaya/Desktop/TEC/Monarca_Frontend/src/components/Refunds/TextArea.tsx">
        <metrics statements="154" coveredstatements="114" conditionals="41" coveredconditionals="27" methods="7" coveredmethods="7"/>
        <line num="1" count="1" type="stmt"/>
        <line num="46" count="1" type="cond" truecount="1" falsecount="0"/>
        <line num="47" count="27" type="stmt"/>
        <line num="48" count="27" type="stmt"/>
        <line num="49" count="27" type="stmt"/>
        <line num="50" count="27" type="stmt"/>
        <line num="51" count="27" type="stmt"/>
        <line num="52" count="27" type="stmt"/>
        <line num="53" count="27" type="stmt"/>
        <line num="54" count="27" type="stmt"/>
        <line num="55" count="27" type="stmt"/>
        <line num="56" count="27" type="stmt"/>
        <line num="57" count="27" type="stmt"/>
        <line num="58" count="27" type="stmt"/>
        <line num="59" count="27" type="stmt"/>
        <line num="60" count="27" type="stmt"/>
        <line num="61" count="27" type="stmt"/>
        <line num="63" count="27" type="stmt"/>
        <line num="64" count="27" type="cond" truecount="0" falsecount="2"/>
        <line num="67" count="27" type="stmt"/>
        <line num="68" count="27" type="stmt"/>
        <line num="69" count="27" type="stmt"/>
        <line num="72" count="27" type="cond" truecount="1" falsecount="0"/>
        <line num="74" count="7" type="cond" truecount="0" falsecount="1"/>
        <line num="76" count="0" type="stmt"/>
        <line num="77" count="0" type="stmt"/>
        <line num="80" count="7" type="cond" truecount="0" falsecount="1"/>
        <line num="81" count="0" type="stmt"/>
        <line num="82" count="0" type="stmt"/>
        <line num="85" count="7" type="cond" truecount="0" falsecount="1"/>
        <line num="86" count="0" type="stmt"/>
        <line num="87" count="0" type="stmt"/>
        <line num="90" count="7" type="cond" truecount="0" falsecount="1"/>
        <line num="91" count="0" type="stmt"/>
        <line num="92" count="0" type="stmt"/>
        <line num="95" count="7" type="cond" truecount="0" falsecount="1"/>
        <line num="96" count="0" type="stmt"/>
        <line num="97" count="0" type="stmt"/>
        <line num="100" count="7" type="stmt"/>
        <line num="101" count="7" type="cond" truecount="0" falsecount="1"/>
        <line num="102" count="0" type="stmt"/>
        <line num="103" count="7" type="stmt"/>
        <line num="106" count="27" type="stmt"/>
        <line num="107" count="27" type="cond" truecount="4" falsecount="0"/>
        <line num="110" count="27" type="stmt"/>
        <line num="111" count="27" type="cond" truecount="3" falsecount="0"/>
        <line num="114" count="27" type="stmt"/>
        <line num="115" count="27" type="cond" truecount="0" falsecount="1"/>
        <line num="116" count="0" type="stmt"/>
        <line num="117" count="27" type="cond" truecount="0" falsecount="1"/>
        <line num="118" count="0" type="stmt"/>
        <line num="119" count="27" type="cond" truecount="0" falsecount="1"/>
        <line num="120" count="0" type="stmt"/>
        <line num="121" count="27" type="cond" truecount="0" falsecount="1"/>
        <line num="122" count="0" type="stmt"/>
        <line num="123" count="27" type="cond" truecount="0" falsecount="1"/>
        <line num="124" count="0" type="stmt"/>
        <line num="125" count="27" type="stmt"/>
        <line num="126" count="27" type="stmt"/>
        <line num="129" count="27" type="stmt"/>
        <line num="130" count="27" type="cond" truecount="2" falsecount="0"/>
        <line num="131" count="5" type="cond" truecount="1" falsecount="0"/>
        <line num="132" count="22" type="stmt"/>
        <line num="135" count="27" type="stmt"/>
        <line num="138" count="27" type="cond" truecount="1" falsecount="0"/>
        <line num="140" count="5" type="cond" truecount="2" falsecount="0"/>
        <line num="141" count="2" type="stmt"/>
        <line num="142" count="2" type="stmt"/>
        <line num="143" count="2" type="cond" truecount="1" falsecount="0"/>
        <line num="145" count="3" type="cond" truecount="1" falsecount="0"/>
        <line num="146" count="1" type="stmt"/>
        <line num="147" count="1" type="stmt"/>
        <line num="148" count="1" type="stmt"/>
        <line num="149" count="1" type="cond" truecount="1" falsecount="0"/>
        <line num="151" count="2" type="stmt"/>
        <line num="152" count="2" type="stmt"/>
        <line num="153" count="2" type="stmt"/>
        <line num="154" count="2" type="stmt"/>
        <line num="155" count="5" type="stmt"/>
        <line num="160" count="27" type="cond" truecount="1" falsecount="0"/>
        <line num="161" count="4" type="stmt"/>
        <line num="162" count="4" type="stmt"/>
        <line num="165" count="4" type="cond" truecount="1" falsecount="0"/>
        <line num="166" count="4" type="stmt"/>
        <line num="169" count="27" type="cond" truecount="1" falsecount="0"/>
        <line num="171" count="1" type="stmt"/>
        <line num="174" count="1" type="stmt"/>
        <line num="177" count="1" type="stmt"/>
        <line num="178" count="1" type="stmt"/>
        <line num="181" count="27" type="cond" truecount="1" falsecount="0"/>
        <line num="182" count="1" type="stmt"/>
        <line num="183" count="1" type="stmt"/>
[...]
        <line num="140" count="0" type="stmt"/>
        <line num="141" count="0" type="stmt"/>
        <line num="142" count="0" type="stmt"/>
        <line num="143" count="0" type="stmt"/>
        <line num="144" count="0" type="stmt"/>
        <line num="145" count="0" type="stmt"/>
        <line num="146" count="0" type="stmt"/>
        <line num="147" count="0" type="stmt"/>
        <line num="148" count="0" type="stmt"/>
        <line num="149" count="0" type="stmt"/>
        <line num="150" count="0" type="stmt"/>
        <line num="151" count="0" type="stmt"/>
        <line num="152" count="0" type="stmt"/>
        <line num="153" count="0" type="stmt"/>
        <line num="154" count="0" type="stmt"/>
        <line num="155" count="0" type="stmt"/>
        <line num="156" count="1" type="stmt"/>
        <line num="158" count="8" type="stmt"/>
        <line num="159" count="8" type="stmt"/>
        <line num="160" count="8" type="stmt"/>
        <line num="161" count="8" type="stmt"/>
        <line num="162" count="8" type="stmt"/>
        <line num="163" count="8" type="stmt"/>
        <line num="164" count="8" type="stmt"/>
        <line num="165" count="8" type="stmt"/>
        <line num="166" count="8" type="stmt"/>
        <line num="167" count="8" type="stmt"/>
        <line num="169" count="8" type="stmt"/>
        <line num="170" count="8" type="stmt"/>
        <line num="171" count="8" type="stmt"/>
        <line num="172" count="8" type="stmt"/>
        <line num="174" count="8" type="stmt"/>
        <line num="175" count="8" type="stmt"/>
        <line num="176" count="8" type="stmt"/>
        <line num="177" count="8" type="stmt"/>
        <line num="179" count="8" type="stmt"/>
        <line num="180" count="8" type="cond" truecount="2" falsecount="0"/>
        <line num="181" count="4" type="stmt"/>
        <line num="182" count="4" type="stmt"/>
        <line num="183" count="4" type="stmt"/>
        <line num="185" count="4" type="stmt"/>
        <line num="186" count="4" type="stmt"/>
        <line num="187" count="4" type="cond" truecount="1" falsecount="0"/>
        <line num="188" count="32" type="stmt"/>
        <line num="189" count="32" type="stmt"/>
        <line num="190" count="32" type="stmt"/>
        <line num="191" count="32" type="stmt"/>
        <line num="193" count="32" type="stmt"/>
        <line num="194" count="32" type="stmt"/>
        <line num="195" count="32" type="stmt"/>
        <line num="196" count="32" type="stmt"/>
        <line num="197" count="32" type="stmt"/>
        <line num="198" count="32" type="stmt"/>
        <line num="199" count="32" type="cond" truecount="0" falsecount="1"/>
        <line num="200" count="32" type="stmt"/>
        <line num="201" count="32" type="stmt"/>
        <line num="202" count="32" type="stmt"/>
        <line num="203" count="4" type="stmt"/>
        <line num="204" count="4" type="stmt"/>
        <line num="205" count="4" type="stmt"/>
        <line num="206" count="4" type="stmt"/>
        <line num="207" count="4" type="stmt"/>
        <line num="208" count="4" type="stmt"/>
        <line num="209" count="4" type="stmt"/>
        <line num="210" count="4" type="stmt"/>
        <line num="211" count="4" type="stmt"/>
        <line num="212" count="4" type="stmt"/>
        <line num="213" count="4" type="stmt"/>
        <line num="215" count="4" type="stmt"/>
        <line num="216" count="4" type="stmt"/>
        <line num="217" count="4" type="stmt"/>
        <line num="218" count="4" type="cond" truecount="2" falsecount="0"/>
        <line num="219" count="4" type="cond" truecount="1" falsecount="0"/>
        <line num="220" count="4" type="stmt"/>
        <line num="221" count="4" type="stmt"/>
        <line num="222" count="4" type="stmt"/>
        <line num="223" count="4" type="stmt"/>
        <line num="225" count="4" type="stmt"/>
        <line num="226" count="4" type="stmt"/>
        <line num="227" count="4" type="stmt"/>
        <line num="228" count="4" type="stmt"/>
        <line num="229" count="4" type="stmt"/>
        <line num="231" count="4" type="stmt"/>
        <line num="232" count="4" type="stmt"/>
        <line num="233" count="4" type="stmt"/>
        <line num="234" count="4" type="cond" truecount="1" falsecount="0"/>
        <line num="235" count="4" type="stmt"/>
        <line num="236" count="4" type="stmt"/>
        <line num="237" count="4" type="stmt"/>
        <line num="238" count="4" type="stmt"/>
        <line num="239" count="4" type="stmt"/>
        <line num="241" count="4" type="stmt"/>
        <line num="242" count="4" type="stmt"/>
        <line num="243" count="4" type="stmt"/>
        <line num="244" count="4" type="stmt"/>
        <line num="245" count="4" type="stmt"/>
        <line num="247" count="4" type="stmt"/>
        <line num="249" count="4" type="stmt"/>
        <line num="250" count="4" type="stmt"/>
        <line num="251" count="4" type="stmt"/>
        <line num="252" count="4" type="stmt"/>
        <line num="253" count="4" type="stmt"/>
        <line num="254" count="4" type="cond" truecount="1" falsecount="0"/>
        <line num="255" count="4" type="stmt"/>
        <line num="256" count="4" type="stmt"/>
        <line num="257" count="4" type="stmt"/>
        <line num="259" count="4" type="stmt"/>
        <line num="260" count="4" type="stmt"/>
        <line num="261" count="4" type="stmt"/>
        <line num="262" count="4" type="stmt"/>
        <line num="263" count="4" type="stmt"/>
        <line num="264" count="4" type="stmt"/>
        <line num="265" count="4" type="stmt"/>
        <line num="266" count="4" type="stmt"/>
        <line num="268" count="4" type="stmt"/>
        <line num="269" count="4" type="stmt"/>
        <line num="270" count="4" type="stmt"/>
        <line num="271" count="4" type="cond" truecount="1" falsecount="0"/>
        <line num="272" count="4" type="stmt"/>
        <line num="273" count="4" type="stmt"/>
        <line num="274" count="4" type="stmt"/>
        <line num="275" count="4" type="stmt"/>
        <line num="276" count="4" type="stmt"/>
        <line num="278" count="4" type="stmt"/>
        <line num="279" count="4" type="stmt"/>
        <line num="280" count="4" type="stmt"/>
        <line num="281" count="4" type="stmt"/>
        <line num="282" count="4" type="stmt"/>
        <line num="284" count="4" type="stmt"/>
        <line num="285" count="4" type="stmt"/>
        <line num="286" count="4" type="stmt"/>
        <line num="287" count="4" type="cond" truecount="1" falsecount="0"/>
        <line num="288" count="4" type="stmt"/>
        <line num="289" count="4" type="stmt"/>
        <line num="290" count="4" type="stmt"/>
        <line num="291" count="4" type="stmt"/>
        <line num="292" count="4" type="stmt"/>
        <line num="294" count="4" type="stmt"/>
        <line num="295" count="4" type="stmt"/>
        <line num="296" count="4" type="stmt"/>
        <line num="297" count="4" type="stmt"/>
        <line num="298" count="4" type="stmt"/>
        <line num="300" count="4" type="stmt"/>
        <line num="301" count="4" type="stmt"/>
        <line num="302" count="4" type="stmt"/>
        <line num="303" count="4" type="stmt"/>
        <line num="304" count="4" type="stmt"/>
        <line num="305" count="4" type="stmt"/>
        <line num="306" count="4" type="cond" truecount="1" falsecount="0"/>
        <line num="307" count="4" type="stmt"/>
        <line num="308" count="4" type="stmt"/>
        <line num="309" count="4" type="stmt"/>
        <line num="311" count="4" type="stmt"/>
        <line num="312" count="4" type="stmt"/>
        <line num="313" count="8" type="stmt"/>
        <line num="314" count="8" type="stmt"/>
        <line num="316" count="8" type="stmt"/>
        <line num="317" count="8" type="stmt"/>
        <line num="318" count="8" type="stmt"/>
        <line num="319" count="8" type="stmt"/>
        <line num="320" count="8" type="stmt"/>
        <line num="321" count="8" type="cond" truecount="0" falsecount="1"/>
        <line num="322" count="0" type="stmt"/>
        <line num="323" count="8" type="stmt"/>
        <line num="324" count="8" type="stmt"/>
        <line num="326" count="8" type="stmt"/>
        <line num="327" count="8" type="stmt"/>
        <line num="328" count="8" type="stmt"/>
        <line num="329" count="8" type="stmt"/>
        <line num="330" count="8" type="stmt"/>
        <line num="332" count="8" type="stmt"/>
        <line num="334" count="1" type="stmt"/>
      </file>
    </package>
    <package name="src.pages.Reservations.local">
      <metrics statements="38" coveredstatements="38" conditionals="0" coveredconditionals="0" methods="0" coveredmethods="0"/>
      <file name="dummyData.ts" path="/Users/josemanuelgarciazumaya/Desktop/TEC/Monarca_Frontend/src/pages/Reservations/local/dummyData.ts">
        <metrics statements="38" coveredstatements="38" conditionals="0" coveredconditionals="0" methods="0" coveredmethods="0"/>
        <line num="3" count="1" type="stmt"/>
        <line num="4" count="1" type="stmt"/>
        <line num="5" count="1" type="stmt"/>
        <line num="6" count="1" type="stmt"/>
        <line num="7" count="1" type="stmt"/>
        <line num="8" count="1" type="stmt"/>
        <line num="9" count="1" type="stmt"/>
        <line num="10" count="1" type="stmt"/>
        <line num="11" count="1" type="stmt"/>
        <line num="12" count="1" type="stmt"/>
        <line num="13" count="1" type="stmt"/>
        <line num="14" count="1" type="stmt"/>
        <line num="15" count="1" type="stmt"/>
        <line num="16" count="1" type="stmt"/>
        <line num="17" count="1" type="stmt"/>
        <line num="18" count="1" type="stmt"/>
        <line num="19" count="1" type="stmt"/>
        <line num="20" count="1" type="stmt"/>
        <line num="21" count="1" type="stmt"/>
        <line num="22" count="1" type="stmt"/>
        <line num="23" count="1" type="stmt"/>
        <line num="24" count="1" type="stmt"/>
        <line num="25" count="1" type="stmt"/>
        <line num="26" count="1" type="stmt"/>
        <line num="27" count="1" type="stmt"/>
        <line num="28" count="1" type="stmt"/>
        <line num="29" count="1" type="stmt"/>
        <line num="30" count="1" type="stmt"/>
        <line num="31" count="1" type="stmt"/>
        <line num="32" count="1" type="stmt"/>
        <line num="33" count="1" type="stmt"/>
        <line num="34" count="1" type="stmt"/>
        <line num="35" count="1" type="stmt"/>
        <line num="36" count="1" type="stmt"/>
        <line num="37" count="1" type="stmt"/>
        <line num="38" count="1" type="stmt"/>
        <line num="39" count="1" type="stmt"/>
        <line num="40" count="1" type="stmt"/>
      </file>
    </package>
    <package name="src.types">
      <metrics statements="0" coveredstatements="0" conditionals="3" coveredconditionals="3" methods="3" coveredmethods="3"/>
      <file name="destinations.ts" path="/Users/josemanuelgarciazumaya/Desktop/TEC/Monarca_Frontend/src/types/destinations.ts">
        <metrics statements="0" coveredstatements="0" conditionals="1" coveredconditionals="1" methods="1" coveredmethods="1"/>
      </file>
      <file name="requestDestinations.ts" path="/Users/josemanuelgarciazumaya/Desktop/TEC/Monarca_Frontend/src/types/requestDestinations.ts">
        <metrics statements="0" coveredstatements="0" conditionals="1" coveredconditionals="1" methods="1" coveredmethods="1"/>
      </file>
      <file name="requests.ts" path="/Users/josemanuelgarciazumaya/Desktop/TEC/Monarca_Frontend/src/types/requests.ts">
        <metrics statements="0" coveredstatements="0" conditionals="1" coveredconditionals="1" methods="1" coveredmethods="1"/>
      </file>
    </package>
    <package name="src.utils">
      <metrics statements="132" coveredstatements="130" conditionals="27" coveredconditionals="26" methods="8" coveredmethods="8"/>
      <file name="apiService.tsx" path="/Users/josemanuelgarciazumaya/Desktop/TEC/Monarca_Frontend/src/utils/apiService.tsx">
        <metrics statements="93" coveredstatements="91" conditionals="21" coveredconditionals="20" methods="5" coveredmethods="5"/>
        <line num="3" count="1" type="stmt"/>
        <line num="6" count="1" type="stmt"/>
        <line num="7" count="1" type="stmt"/>
        <line num="8" count="1" type="stmt"/>
        <line num="9" count="1" type="stmt"/>
        <line num="10" count="1" type="stmt"/>
        <line num="11" count="1" type="stmt"/>
        <line num="12" count="1" type="stmt"/>
        <line num="13" count="1" type="stmt"/>
        <line num="16" count="1" type="stmt"/>
        <line num="17" count="1" type="stmt"/>
        <line num="18" count="1" type="cond" truecount="1" falsecount="0"/>
        <line num="19" count="3" type="cond" truecount="1" falsecount="0"/>
        <line num="20" count="1" type="stmt"/>
        <line num="21" count="1" type="stmt"/>
        <line num="23" count="1" type="stmt"/>
        <line num="24" count="3" type="cond" truecount="2" falsecount="0"/>
        <line num="25" count="1" type="stmt"/>
        <line num="26" count="1" type="stmt"/>
        <line num="27" count="1" type="stmt"/>
        <line num="28" count="1" type="stmt"/>
        <line num="29" count="3" type="stmt"/>
        <line num="30" count="3" type="stmt"/>
        <line num="31" count="1" type="stmt"/>
        <line num="34" count="1" type="cond" truecount="1" falsecount="0"/>
        <line num="35" count="1" type="stmt"/>
        <line num="36" count="1" type="stmt"/>
        <line num="37" count="1" type="stmt"/>
        <line num="38" count="1" type="stmt"/>
        <line num="39" count="1" type="stmt"/>
        <line num="40" count="1" type="stmt"/>
        <line num="41" count="1" type="stmt"/>
        <line num="44" count="1" type="cond" truecount="1" falsecount="0"/>
        <line num="45" count="3" type="stmt"/>
        <line num="46" count="3" type="stmt"/>
        <line num="47" count="3" type="stmt"/>
        <line num="48" count="3" type="stmt"/>
        <line num="49" count="3" type="stmt"/>
        <line num="50" count="3" type="stmt"/>
        <line num="51" count="3" type="stmt"/>
        <line num="52" count="3" type="stmt"/>
        <line num="53" count="3" type="cond" truecount="2" falsecount="0"/>
        <line num="54" count="3" type="stmt"/>
        <line num="55" count="3" type="stmt"/>
        <line num="56" count="3" type="cond" truecount="1" falsecount="0"/>
        <line num="57" count="2" type="stmt"/>
        <line num="58" count="3" type="cond" truecount="1" falsecount="0"/>
        <line num="59" count="1" type="stmt"/>
        <line num="60" count="1" type="stmt"/>
        <line num="61" count="3" type="stmt"/>
        <line num="78" count="1" type="cond" truecount="1" falsecount="0"/>
        <line num="79" count="2" type="stmt"/>
        <line num="80" count="2" type="stmt"/>
        <line num="81" count="2" type="stmt"/>
        <line num="82" count="2" type="stmt"/>
        <line num="83" count="2" type="stmt"/>
        <line num="84" count="2" type="stmt"/>
        <line num="85" count="2" type="stmt"/>
        <line num="86" count="2" type="stmt"/>
        <line num="87" count="2" type="cond" truecount="2" falsecount="0"/>
        <line num="88" count="2" type="stmt"/>
        <line num="89" count="2" type="stmt"/>
        <line num="90" count="2" type="stmt"/>
        <line num="91" count="2" type="cond" truecount="0" falsecount="1"/>
        <line num="92" count="0" type="stmt"/>
        <line num="93" count="0" type="stmt"/>
        <line num="94" count="2" type="stmt"/>
        <line num="97" count="1" type="cond" truecount="1" falsecount="0"/>
        <line num="98" count="3" type="stmt"/>
        <line num="99" count="3" type="stmt"/>
        <line num="100" count="3" type="stmt"/>
        <line num="101" count="3" type="stmt"/>
        <line num="102" count="3" type="stmt"/>
        <line num="103" count="3" type="stmt"/>
        <line num="104" count="3" type="stmt"/>
        <line num="105" count="3" type="stmt"/>
        <line num="106" count="3" type="cond" truecount="2" falsecount="0"/>
        <line num="107" count="3" type="stmt"/>
        <line num="108" count="3" type="cond" truecount="1" falsecount="0"/>
        <line num="109" count="2" type="stmt"/>
        <line num="110" count="3" type="cond" truecount="1" falsecount="0"/>
        <line num="111" count="1" type="stmt"/>
        <line num="112" count="1" type="stmt"/>
        <line num="113" count="3" type="stmt"/>
        <line num="116" count="1" type="cond" truecount="1" falsecount="0"/>
        <line num="117" count="2" type="stmt"/>
        <line num="118" count="2" type="cond" truecount="1" falsecount="0"/>
        <line num="119" count="1" type="stmt"/>
        <line num="120" count="1" type="stmt"/>
        <line num="121" count="1" type="stmt"/>
        <line num="122" count="1" type="stmt"/>
        <line num="123" count="2" type="stmt"/>
        <line num="125" count="1" type="stmt"/>
      </file>
      <file name="formatDate.tsx" path="/Users/josemanuelgarciazumaya/Desktop/TEC/Monarca_Frontend/src/utils/formatDate.tsx">
        <metrics statements="8" coveredstatements="8" conditionals="1" coveredconditionals="1" methods="1" coveredmethods="1"/>
        <line num="7" count="1" type="cond" truecount="1" falsecount="0"/>
        <line num="8" count="80" type="stmt"/>
        <line num="9" count="80" type="stmt"/>
        <line num="10" count="80" type="stmt"/>
        <line num="11" count="80" type="stmt"/>
        <line num="13" count="80" type="stmt"/>
        <line num="14" count="80" type="stmt"/>
        <line num="16" count="1" type="stmt"/>
      </file>
      <file name="formatMoney.tsx" path="/Users/josemanuelgarciazumaya/Desktop/TEC/Monarca_Frontend/src/utils/formatMoney.tsx">
        <metrics statements="7" coveredstatements="7" conditionals="4" coveredconditionals="4" methods="1" coveredmethods="1"/>
        <line num="2" count="1" type="cond" truecount="1" falsecount="0"/>
        <line num="3" count="107" type="cond" truecount="2" falsecount="0"/>
        <line num="4" count="4" type="stmt"/>
        <line num="5" count="4" type="cond" truecount="1" falsecount="0"/>
        <line num="6" count="103" type="stmt"/>
        <line num="7" count="103" type="stmt"/>
        <line num="9" count="1" type="stmt"/>
      </file>
      <file name="pdfViewer.tsx" path="/Users/josemanuelgarciazumaya/Desktop/TEC/Monarca_Frontend/src/utils/pdfViewer.tsx">
        <metrics statements="24" coveredstatements="24" conditionals="1" coveredconditionals="1" methods="1" coveredmethods="1"/>
        <line num="1" count="1" type="stmt"/>
        <line num="4" count="1" type="stmt"/>
        <line num="5" count="1" type="stmt"/>
        <line num="6" count="1" type="stmt"/>
        <line num="7" count="1" type="stmt"/>
        <line num="8" count="1" type="stmt"/>
        <line num="9" count="1" type="stmt"/>
        <line num="10" count="1" type="stmt"/>
        <line num="11" count="1" type="stmt"/>
        <line num="12" count="1" type="stmt"/>
        <line num="13" count="1" type="stmt"/>
        <line num="14" count="1" type="stmt"/>
        <line num="17" count="1" type="cond" truecount="1" falsecount="0"/>
        <line num="18" count="2" type="stmt"/>
        <line num="19" count="2" type="stmt"/>
        <line num="20" count="2" type="stmt"/>
        <line num="21" count="2" type="stmt"/>
        <line num="22" count="2" type="stmt"/>
        <line num="23" count="2" type="stmt"/>
        <line num="24" count="2" type="stmt"/>
        <line num="25" count="2" type="stmt"/>
        <line num="26" count="2" type="stmt"/>
        <line num="27" count="2" type="stmt"/>
        <line num="30" count="1" type="stmt"/>
      </file>
    </package>
  </project>
</coverage>
