{"/Users/josemanuelgarciazumaya/Desktop/TEC/Monarca_Frontend/src/main.tsx": {"path":"/Users/josemanuelgarciazumaya/Desktop/TEC/Monarca_Frontend/src/main.tsx","all":false,"statementMap":{"0":{"start":{"line":1,"column":0},"end":{"line":1,"column":35}},"1":{"start":{"line":2,"column":0},"end":{"line":2,"column":46}},"3":{"start":{"line":4,"column":0},"end":{"line":4,"column":71}},"5":{"start":{"line":6,"column":0},"end":{"line":6,"column":73}},"6":{"start":{"line":7,"column":0},"end":{"line":7,"column":66}},"7":{"start":{"line":8,"column":0},"end":{"line":8,"column":62}},"9":{"start":{"line":10,"column":0},"end":{"line":10,"column":8}},"13":{"start":{"line":14,"column":0},"end":{"line":14,"column":18}},"16":{"start":{"line":17,"column":0},"end":{"line":17,"column":21}},"17":{"start":{"line":18,"column":0},"end":{"line":18,"column":19}},"20":{"start":{"line":21,"column":0},"end":{"line":21,"column":38}},"21":{"start":{"line":22,"column":0},"end":{"line":22,"column":44}},"22":{"start":{"line":23,"column":0},"end":{"line":23,"column":38}},"23":{"start":{"line":24,"column":0},"end":{"line":24,"column":56}},"24":{"start":{"line":25,"column":0},"end":{"line":25,"column":44}},"25":{"start":{"line":26,"column":0},"end":{"line":26,"column":54}},"26":{"start":{"line":27,"column":0},"end":{"line":27,"column":56}},"27":{"start":{"line":28,"column":0},"end":{"line":28,"column":65}},"28":{"start":{"line":29,"column":0},"end":{"line":29,"column":50}},"29":{"start":{"line":30,"column":0},"end":{"line":30,"column":70}},"30":{"start":{"line":31,"column":0},"end":{"line":31,"column":56}},"31":{"start":{"line":32,"column":0},"end":{"line":32,"column":50}},"32":{"start":{"line":33,"column":0},"end":{"line":33,"column":60}},"33":{"start":{"line":34,"column":0},"end":{"line":34,"column":66}},"35":{"start":{"line":36,"column":0},"end":{"line":36,"column":43}},"37":{"start":{"line":38,"column":0},"end":{"line":38,"column":3}},"38":{"start":{"line":39,"column":0},"end":{"line":39,"column":14}},"39":{"start":{"line":40,"column":0},"end":{"line":40,"column":23}},"40":{"start":{"line":41,"column":0},"end":{"line":41,"column":4}},"41":{"start":{"line":42,"column":0},"end":{"line":42,"column":3}},"42":{"start":{"line":43,"column":0},"end":{"line":43,"column":22}},"43":{"start":{"line":44,"column":0},"end":{"line":44,"column":26}},"44":{"start":{"line":45,"column":0},"end":{"line":45,"column":4}},"45":{"start":{"line":46,"column":0},"end":{"line":46,"column":3}},"46":{"start":{"line":47,"column":0},"end":{"line":47,"column":26}},"47":{"start":{"line":48,"column":0},"end":{"line":48,"column":30}},"48":{"start":{"line":49,"column":0},"end":{"line":49,"column":4}},"49":{"start":{"line":50,"column":0},"end":{"line":50,"column":3}},"50":{"start":{"line":51,"column":0},"end":{"line":51,"column":14}},"51":{"start":{"line":52,"column":0},"end":{"line":52,"column":23}},"52":{"start":{"line":53,"column":0},"end":{"line":53,"column":4}},"55":{"start":{"line":56,"column":0},"end":{"line":56,"column":3}},"56":{"start":{"line":57,"column":0},"end":{"line":57,"column":14}},"57":{"start":{"line":58,"column":0},"end":{"line":58,"column":32}},"58":{"start":{"line":59,"column":0},"end":{"line":59,"column":15}},"59":{"start":{"line":60,"column":0},"end":{"line":60,"column":7}},"60":{"start":{"line":61,"column":0},"end":{"line":61,"column":27}},"61":{"start":{"line":62,"column":0},"end":{"line":62,"column":46}},"62":{"start":{"line":63,"column":0},"end":{"line":63,"column":8}},"63":{"start":{"line":64,"column":0},"end":{"line":64,"column":7}},"64":{"start":{"line":65,"column":0},"end":{"line":65,"column":27}},"65":{"start":{"line":66,"column":0},"end":{"line":66,"column":31}},"66":{"start":{"line":67,"column":0},"end":{"line":67,"column":8}},"67":{"start":{"line":68,"column":0},"end":{"line":68,"column":7}},"68":{"start":{"line":69,"column":0},"end":{"line":69,"column":30}},"69":{"start":{"line":70,"column":0},"end":{"line":70,"column":33}},"70":{"start":{"line":71,"column":0},"end":{"line":71,"column":8}},"71":{"start":{"line":72,"column":0},"end":{"line":72,"column":7}},"72":{"start":{"line":73,"column":0},"end":{"line":73,"column":33}},"73":{"start":{"line":74,"column":0},"end":{"line":74,"column":41}},"74":{"start":{"line":75,"column":0},"end":{"line":75,"column":8}},"75":{"start":{"line":76,"column":0},"end":{"line":76,"column":7}},"76":{"start":{"line":77,"column":0},"end":{"line":77,"column":35}},"77":{"start":{"line":78,"column":0},"end":{"line":78,"column":39}},"78":{"start":{"line":79,"column":0},"end":{"line":79,"column":8}},"79":{"start":{"line":80,"column":0},"end":{"line":80,"column":7}},"80":{"start":{"line":81,"column":0},"end":{"line":81,"column":25}},"81":{"start":{"line":82,"column":0},"end":{"line":82,"column":31}},"82":{"start":{"line":83,"column":0},"end":{"line":83,"column":8}},"83":{"start":{"line":84,"column":0},"end":{"line":84,"column":7}},"84":{"start":{"line":85,"column":0},"end":{"line":85,"column":25}},"85":{"start":{"line":86,"column":0},"end":{"line":86,"column":29}},"86":{"start":{"line":87,"column":0},"end":{"line":87,"column":8}},"87":{"start":{"line":88,"column":0},"end":{"line":88,"column":7}},"88":{"start":{"line":89,"column":0},"end":{"line":89,"column":29}},"89":{"start":{"line":90,"column":0},"end":{"line":90,"column":30}},"90":{"start":{"line":91,"column":0},"end":{"line":91,"column":8}},"91":{"start":{"line":92,"column":0},"end":{"line":92,"column":7}},"92":{"start":{"line":93,"column":0},"end":{"line":93,"column":26}},"93":{"start":{"line":94,"column":0},"end":{"line":94,"column":30}},"94":{"start":{"line":95,"column":0},"end":{"line":95,"column":8}},"95":{"start":{"line":96,"column":0},"end":{"line":96,"column":7}},"96":{"start":{"line":97,"column":0},"end":{"line":97,"column":30}},"97":{"start":{"line":98,"column":0},"end":{"line":98,"column":34}},"98":{"start":{"line":99,"column":0},"end":{"line":99,"column":8}},"99":{"start":{"line":100,"column":0},"end":{"line":100,"column":7}},"100":{"start":{"line":101,"column":0},"end":{"line":101,"column":32}},"101":{"start":{"line":102,"column":0},"end":{"line":102,"column":35}},"102":{"start":{"line":103,"column":0},"end":{"line":103,"column":8}},"103":{"start":{"line":104,"column":0},"end":{"line":104,"column":7}},"104":{"start":{"line":105,"column":0},"end":{"line":105,"column":36}},"105":{"start":{"line":106,"column":0},"end":{"line":106,"column":39}},"106":{"start":{"line":107,"column":0},"end":{"line":107,"column":8}},"107":{"start":{"line":108,"column":0},"end":{"line":108,"column":7}},"108":{"start":{"line":109,"column":0},"end":{"line":109,"column":26}},"109":{"start":{"line":110,"column":0},"end":{"line":110,"column":18}},"110":{"start":{"line":111,"column":0},"end":{"line":111,"column":77}},"112":{"start":{"line":113,"column":0},"end":{"line":113,"column":19}},"113":{"start":{"line":114,"column":0},"end":{"line":114,"column":11}},"114":{"start":{"line":115,"column":0},"end":{"line":115,"column":21}},"115":{"start":{"line":116,"column":0},"end":{"line":116,"column":49}},"116":{"start":{"line":117,"column":0},"end":{"line":117,"column":12}},"117":{"start":{"line":118,"column":0},"end":{"line":118,"column":11}},"118":{"start":{"line":119,"column":0},"end":{"line":119,"column":28}},"119":{"start":{"line":120,"column":0},"end":{"line":120,"column":22}},"120":{"start":{"line":121,"column":0},"end":{"line":121,"column":39}},"121":{"start":{"line":122,"column":0},"end":{"line":122,"column":63}},"122":{"start":{"line":123,"column":0},"end":{"line":123,"column":16}},"124":{"start":{"line":125,"column":0},"end":{"line":125,"column":23}},"125":{"start":{"line":126,"column":0},"end":{"line":126,"column":15}},"126":{"start":{"line":127,"column":0},"end":{"line":127,"column":25}},"127":{"start":{"line":128,"column":0},"end":{"line":128,"column":53}},"128":{"start":{"line":129,"column":0},"end":{"line":129,"column":16}},"129":{"start":{"line":130,"column":0},"end":{"line":130,"column":14}},"130":{"start":{"line":131,"column":0},"end":{"line":131,"column":12}},"131":{"start":{"line":132,"column":0},"end":{"line":132,"column":10}},"132":{"start":{"line":133,"column":0},"end":{"line":133,"column":8}},"134":{"start":{"line":135,"column":0},"end":{"line":135,"column":7}},"135":{"start":{"line":136,"column":0},"end":{"line":136,"column":25}},"136":{"start":{"line":137,"column":0},"end":{"line":137,"column":18}},"137":{"start":{"line":138,"column":0},"end":{"line":138,"column":74}},"139":{"start":{"line":140,"column":0},"end":{"line":140,"column":19}},"140":{"start":{"line":141,"column":0},"end":{"line":141,"column":11}},"141":{"start":{"line":142,"column":0},"end":{"line":142,"column":28}},"142":{"start":{"line":143,"column":0},"end":{"line":143,"column":22}},"143":{"start":{"line":144,"column":0},"end":{"line":144,"column":39}},"144":{"start":{"line":145,"column":0},"end":{"line":145,"column":62}},"145":{"start":{"line":146,"column":0},"end":{"line":146,"column":16}},"147":{"start":{"line":148,"column":0},"end":{"line":148,"column":23}},"148":{"start":{"line":149,"column":0},"end":{"line":149,"column":15}},"149":{"start":{"line":150,"column":0},"end":{"line":150,"column":25}},"150":{"start":{"line":151,"column":0},"end":{"line":151,"column":90}},"151":{"start":{"line":152,"column":0},"end":{"line":152,"column":16}},"152":{"start":{"line":153,"column":0},"end":{"line":153,"column":14}},"153":{"start":{"line":154,"column":0},"end":{"line":154,"column":12}},"154":{"start":{"line":155,"column":0},"end":{"line":155,"column":10}},"155":{"start":{"line":156,"column":0},"end":{"line":156,"column":8}},"156":{"start":{"line":157,"column":0},"end":{"line":157,"column":6}},"157":{"start":{"line":158,"column":0},"end":{"line":158,"column":4}},"158":{"start":{"line":159,"column":0},"end":{"line":159,"column":3}},"160":{"start":{"line":161,"column":0},"end":{"line":161,"column":38}},"162":{"start":{"line":163,"column":0},"end":{"line":163,"column":52}},"163":{"start":{"line":164,"column":0},"end":{"line":164,"column":54}},"164":{"start":{"line":165,"column":0},"end":{"line":165,"column":20}},"165":{"start":{"line":166,"column":0},"end":{"line":166,"column":35}},"166":{"start":{"line":167,"column":0},"end":{"line":167,"column":18}},"167":{"start":{"line":168,"column":0},"end":{"line":168,"column":50}},"168":{"start":{"line":169,"column":0},"end":{"line":169,"column":44}},"169":{"start":{"line":170,"column":0},"end":{"line":170,"column":30}},"170":{"start":{"line":171,"column":0},"end":{"line":171,"column":19}},"171":{"start":{"line":172,"column":0},"end":{"line":172,"column":6}},"172":{"start":{"line":173,"column":0},"end":{"line":173,"column":3}},"173":{"start":{"line":174,"column":0},"end":{"line":174,"column":1}}},"s":{"0":1,"1":1,"3":1,"5":1,"6":1,"7":1,"9":1,"13":1,"16":1,"17":1,"20":1,"21":1,"22":1,"23":1,"24":1,"25":1,"26":1,"27":1,"28":1,"29":1,"30":1,"31":1,"32":1,"33":1,"35":1,"37":1,"38":1,"39":1,"40":1,"41":1,"42":1,"43":1,"44":1,"45":1,"46":1,"47":1,"48":1,"49":1,"50":1,"51":1,"52":1,"55":1,"56":1,"57":1,"58":1,"59":1,"60":1,"61":1,"62":1,"63":1,"64":1,"65":1,"66":1,"67":1,"68":1,"69":1,"70":1,"71":1,"72":1,"73":1,"74":1,"75":1,"76":1,"77":1,"78":1,"79":1,"80":1,"81":1,"82":1,"83":1,"84":1,"85":1,"86":1,"87":1,"88":1,"89":1,"90":1,"91":1,"92":1,"93":1,"94":1,"95":1,"96":1,"97":1,"98":1,"99":1,"100":1,"101":1,"102":1,"103":1,"104":1,"105":1,"106":1,"107":1,"108":1,"109":1,"110":1,"112":1,"113":1,"114":1,"115":1,"116":1,"117":1,"118":1,"119":1,"120":1,"121":1,"122":1,"124":1,"125":1,"126":1,"127":1,"128":1,"129":1,"130":1,"131":1,"132":1,"134":1,"135":1,"136":1,"137":1,"139":1,"140":1,"141":1,"142":1,"143":1,"144":1,"145":1,"147":1,"148":1,"149":1,"150":1,"151":1,"152":1,"153":1,"154":1,"155":1,"156":1,"157":1,"158":1,"160":1,"162":1,"163":0,"164":0,"165":0,"166":0,"167":0,"168":0,"169":0,"170":0,"171":0,"172":0,"173":0},"branchMap":{"0":{"type":"branch","line":163,"loc":{"start":{"line":163,"column":51},"end":{"line":174,"column":1}},"locations":[{"start":{"line":163,"column":51},"end":{"line":174,"column":1}}]}},"b":{"0":[0]},"fnMap":{},"f":{}}
,"/Users/josemanuelgarciazumaya/Desktop/TEC/Monarca_Frontend/src/components/DynamicTableExpand.tsx": {"path":"/Users/josemanuelgarciazumaya/Desktop/TEC/Monarca_Frontend/src/components/DynamicTableExpand.tsx","all":false,"statementMap":{"7":{"start":{"line":8,"column":0},"end":{"line":8,"column":40}},"58":{"start":{"line":59,"column":0},"end":{"line":59,"column":64}},"59":{"start":{"line":60,"column":0},"end":{"line":60,"column":10}},"60":{"start":{"line":61,"column":0},"end":{"line":61,"column":19}},"61":{"start":{"line":62,"column":0},"end":{"line":62,"column":15}},"62":{"start":{"line":63,"column":0},"end":{"line":63,"column":20}},"63":{"start":{"line":64,"column":0},"end":{"line":64,"column":20}},"64":{"start":{"line":65,"column":0},"end":{"line":65,"column":7}},"65":{"start":{"line":66,"column":0},"end":{"line":66,"column":106}},"67":{"start":{"line":68,"column":0},"end":{"line":68,"column":29}},"68":{"start":{"line":69,"column":0},"end":{"line":69,"column":21}},"69":{"start":{"line":70,"column":0},"end":{"line":70,"column":22}},"70":{"start":{"line":71,"column":0},"end":{"line":71,"column":76}},"71":{"start":{"line":72,"column":0},"end":{"line":72,"column":8}},"72":{"start":{"line":73,"column":0},"end":{"line":73,"column":39}},"74":{"start":{"line":75,"column":0},"end":{"line":75,"column":29}},"75":{"start":{"line":76,"column":0},"end":{"line":76,"column":31}},"76":{"start":{"line":77,"column":0},"end":{"line":77,"column":28}},"77":{"start":{"line":78,"column":0},"end":{"line":78,"column":6}},"79":{"start":{"line":80,"column":0},"end":{"line":80,"column":30}},"81":{"start":{"line":82,"column":0},"end":{"line":82,"column":23}},"82":{"start":{"line":83,"column":0},"end":{"line":83,"column":32}},"83":{"start":{"line":84,"column":0},"end":{"line":84,"column":5}},"84":{"start":{"line":85,"column":0},"end":{"line":85,"column":4}},"86":{"start":{"line":87,"column":0},"end":{"line":87,"column":25}},"87":{"start":{"line":88,"column":0},"end":{"line":88,"column":77}},"88":{"start":{"line":89,"column":0},"end":{"line":89,"column":50}},"89":{"start":{"line":90,"column":0},"end":{"line":90,"column":17}},"90":{"start":{"line":91,"column":0},"end":{"line":91,"column":34}},"92":{"start":{"line":93,"column":0},"end":{"line":93,"column":51}},"93":{"start":{"line":94,"column":0},"end":{"line":94,"column":30}},"95":{"start":{"line":96,"column":0},"end":{"line":96,"column":23}},"96":{"start":{"line":97,"column":0},"end":{"line":97,"column":32}},"97":{"start":{"line":98,"column":0},"end":{"line":98,"column":5}},"98":{"start":{"line":99,"column":0},"end":{"line":99,"column":4}},"100":{"start":{"line":101,"column":0},"end":{"line":101,"column":10}},"101":{"start":{"line":102,"column":0},"end":{"line":102,"column":30}},"102":{"start":{"line":103,"column":0},"end":{"line":103,"column":44}},"103":{"start":{"line":104,"column":0},"end":{"line":104,"column":135}},"104":{"start":{"line":105,"column":0},"end":{"line":105,"column":17}},"105":{"start":{"line":106,"column":0},"end":{"line":106,"column":70}},"106":{"start":{"line":107,"column":0},"end":{"line":107,"column":47}},"107":{"start":{"line":108,"column":0},"end":{"line":108,"column":19}},"108":{"start":{"line":109,"column":0},"end":{"line":109,"column":29}},"109":{"start":{"line":110,"column":0},"end":{"line":110,"column":54}},"110":{"start":{"line":111,"column":0},"end":{"line":111,"column":53}},"111":{"start":{"line":112,"column":0},"end":{"line":112,"column":75}},"113":{"start":{"line":114,"column":0},"end":{"line":114,"column":33}},"114":{"start":{"line":115,"column":0},"end":{"line":115,"column":21}},"115":{"start":{"line":116,"column":0},"end":{"line":116,"column":17}},"116":{"start":{"line":117,"column":0},"end":{"line":117,"column":17}},"117":{"start":{"line":118,"column":0},"end":{"line":118,"column":18}},"118":{"start":{"line":119,"column":0},"end":{"line":119,"column":17}},"119":{"start":{"line":120,"column":0},"end":{"line":120,"column":47}},"120":{"start":{"line":121,"column":0},"end":{"line":121,"column":45}},"121":{"start":{"line":122,"column":0},"end":{"line":122,"column":68}},"122":{"start":{"line":123,"column":0},"end":{"line":123,"column":55}},"123":{"start":{"line":124,"column":0},"end":{"line":124,"column":23}},"124":{"start":{"line":125,"column":0},"end":{"line":125,"column":37}},"125":{"start":{"line":126,"column":0},"end":{"line":126,"column":46}},"126":{"start":{"line":127,"column":0},"end":{"line":127,"column":61}},"127":{"start":{"line":128,"column":0},"end":{"line":128,"column":26}},"128":{"start":{"line":129,"column":0},"end":{"line":129,"column":78}},"129":{"start":{"line":130,"column":0},"end":{"line":130,"column":25}},"131":{"start":{"line":132,"column":0},"end":{"line":132,"column":40}},"132":{"start":{"line":133,"column":0},"end":{"line":133,"column":44}},"133":{"start":{"line":134,"column":0},"end":{"line":134,"column":44}},"134":{"start":{"line":135,"column":0},"end":{"line":135,"column":46}},"135":{"start":{"line":136,"column":0},"end":{"line":136,"column":80}},"136":{"start":{"line":137,"column":0},"end":{"line":137,"column":36}},"137":{"start":{"line":138,"column":0},"end":{"line":138,"column":27}},"138":{"start":{"line":139,"column":0},"end":{"line":139,"column":42}},"139":{"start":{"line":140,"column":0},"end":{"line":140,"column":25}},"140":{"start":{"line":141,"column":0},"end":{"line":141,"column":21}},"141":{"start":{"line":142,"column":0},"end":{"line":142,"column":21}},"144":{"start":{"line":145,"column":0},"end":{"line":145,"column":74}},"145":{"start":{"line":146,"column":0},"end":{"line":146,"column":58}},"146":{"start":{"line":147,"column":0},"end":{"line":147,"column":71}},"147":{"start":{"line":148,"column":0},"end":{"line":148,"column":51}},"148":{"start":{"line":149,"column":0},"end":{"line":149,"column":25}},"149":{"start":{"line":150,"column":0},"end":{"line":150,"column":23}},"151":{"start":{"line":152,"column":0},"end":{"line":152,"column":31}},"152":{"start":{"line":153,"column":0},"end":{"line":153,"column":15}},"153":{"start":{"line":154,"column":0},"end":{"line":154,"column":18}},"154":{"start":{"line":155,"column":0},"end":{"line":155,"column":16}},"155":{"start":{"line":156,"column":0},"end":{"line":156,"column":12}},"156":{"start":{"line":157,"column":0},"end":{"line":157,"column":56}},"157":{"start":{"line":158,"column":0},"end":{"line":158,"column":15}},"158":{"start":{"line":159,"column":0},"end":{"line":159,"column":27}},"159":{"start":{"line":160,"column":0},"end":{"line":160,"column":124}},"160":{"start":{"line":161,"column":0},"end":{"line":161,"column":9}},"162":{"start":{"line":163,"column":0},"end":{"line":163,"column":17}},"163":{"start":{"line":164,"column":0},"end":{"line":164,"column":12}},"164":{"start":{"line":165,"column":0},"end":{"line":165,"column":10}},"166":{"start":{"line":167,"column":0},"end":{"line":167,"column":2}},"168":{"start":{"line":169,"column":0},"end":{"line":169,"column":34}}},"s":{"7":1,"58":1,"59":9,"60":9,"61":9,"62":9,"63":9,"64":9,"65":9,"67":9,"68":1,"69":1,"70":1,"71":1,"72":1,"74":1,"75":1,"76":1,"77":1,"79":1,"81":1,"82":1,"83":1,"84":1,"86":9,"87":1,"88":3,"89":3,"90":1,"92":1,"93":1,"95":1,"96":1,"97":1,"98":1,"100":9,"101":9,"102":9,"103":9,"104":9,"105":9,"106":9,"107":27,"108":27,"109":27,"110":27,"111":27,"113":27,"114":27,"115":9,"116":9,"117":9,"118":9,"119":9,"120":17,"121":17,"122":17,"123":51,"124":51,"125":51,"126":51,"127":51,"128":51,"129":51,"131":51,"132":17,"133":17,"134":17,"135":1,"136":17,"137":17,"138":34,"139":51,"140":17,"141":17,"144":17,"145":1,"146":1,"147":1,"148":1,"149":1,"151":17,"152":9,"153":9,"154":9,"155":9,"156":9,"157":9,"158":9,"159":9,"160":9,"162":9,"163":9,"164":9,"166":9,"168":1},"branchMap":{"0":{"type":"branch","line":59,"loc":{"start":{"line":59,"column":62},"end":{"line":167,"column":2}},"locations":[{"start":{"line":59,"column":62},"end":{"line":167,"column":2}}]},"1":{"type":"branch","line":68,"loc":{"start":{"line":68,"column":28},"end":{"line":85,"column":4}},"locations":[{"start":{"line":68,"column":28},"end":{"line":85,"column":4}}]},"2":{"type":"branch","line":87,"loc":{"start":{"line":87,"column":18},"end":{"line":99,"column":4}},"locations":[{"start":{"line":87,"column":18},"end":{"line":99,"column":4}}]},"3":{"type":"branch","line":88,"loc":{"start":{"line":88,"column":38},"end":{"line":91,"column":7}},"locations":[{"start":{"line":88,"column":38},"end":{"line":91,"column":7}}]},"4":{"type":"branch","line":107,"loc":{"start":{"line":107,"column":27},"end":{"line":115,"column":21}},"locations":[{"start":{"line":107,"column":27},"end":{"line":115,"column":21}}]},"5":{"type":"branch","line":111,"loc":{"start":{"line":111,"column":30},"end":{"line":111,"column":51}},"locations":[{"start":{"line":111,"column":30},"end":{"line":111,"column":51}}]},"6":{"type":"branch","line":111,"loc":{"start":{"line":111,"column":34},"end":{"line":111,"column":53}},"locations":[{"start":{"line":111,"column":34},"end":{"line":111,"column":53}}]},"7":{"type":"branch","line":112,"loc":{"start":{"line":112,"column":49},"end":{"line":112,"column":70}},"locations":[{"start":{"line":112,"column":49},"end":{"line":112,"column":70}}]},"8":{"type":"branch","line":112,"loc":{"start":{"line":112,"column":53},"end":{"line":112,"column":72}},"locations":[{"start":{"line":112,"column":53},"end":{"line":112,"column":72}}]},"9":{"type":"branch","line":120,"loc":{"start":{"line":120,"column":27},"end":{"line":152,"column":31}},"locations":[{"start":{"line":120,"column":27},"end":{"line":152,"column":31}}]},"10":{"type":"branch","line":145,"loc":{"start":{"line":145,"column":47},"end":{"line":145,"column":74}},"locations":[{"start":{"line":145,"column":47},"end":{"line":145,"column":74}}]},"11":{"type":"branch","line":145,"loc":{"start":{"line":145,"column":52},"end":{"line":150,"column":23}},"locations":[{"start":{"line":145,"column":52},"end":{"line":150,"column":23}}]},"12":{"type":"branch","line":123,"loc":{"start":{"line":123,"column":31},"end":{"line":140,"column":25}},"locations":[{"start":{"line":123,"column":31},"end":{"line":140,"column":25}}]},"13":{"type":"branch","line":127,"loc":{"start":{"line":127,"column":38},"end":{"line":127,"column":59}},"locations":[{"start":{"line":127,"column":38},"end":{"line":127,"column":59}}]},"14":{"type":"branch","line":127,"loc":{"start":{"line":127,"column":42},"end":{"line":127,"column":61}},"locations":[{"start":{"line":127,"column":42},"end":{"line":127,"column":61}}]},"15":{"type":"branch","line":129,"loc":{"start":{"line":129,"column":55},"end":{"line":129,"column":76}},"locations":[{"start":{"line":129,"column":55},"end":{"line":129,"column":76}}]},"16":{"type":"branch","line":129,"loc":{"start":{"line":129,"column":59},"end":{"line":129,"column":78}},"locations":[{"start":{"line":129,"column":59},"end":{"line":129,"column":78}}]},"17":{"type":"branch","line":132,"loc":{"start":{"line":132,"column":30},"end":{"line":138,"column":27}},"locations":[{"start":{"line":132,"column":30},"end":{"line":138,"column":27}}]},"18":{"type":"branch","line":138,"loc":{"start":{"line":138,"column":26},"end":{"line":139,"column":42}},"locations":[{"start":{"line":138,"column":26},"end":{"line":139,"column":42}}]},"19":{"type":"branch","line":135,"loc":{"start":{"line":135,"column":28},"end":{"line":136,"column":80}},"locations":[{"start":{"line":135,"column":28},"end":{"line":136,"column":80}}]}},"b":{"0":[9],"1":[1],"2":[1],"3":[3],"4":[27],"5":[9],"6":[18],"7":[9],"8":[18],"9":[17],"10":[1],"11":[1],"12":[51],"13":[17],"14":[34],"15":[17],"16":[34],"17":[17],"18":[34],"19":[1]},"fnMap":{"0":{"name":"DynamicTableExpand","decl":{"start":{"line":59,"column":62},"end":{"line":167,"column":2}},"loc":{"start":{"line":59,"column":62},"end":{"line":167,"column":2}},"line":59},"1":{"name":"handleFieldChange","decl":{"start":{"line":68,"column":28},"end":{"line":85,"column":4}},"loc":{"start":{"line":68,"column":28},"end":{"line":85,"column":4}},"line":68},"2":{"name":"addItem","decl":{"start":{"line":87,"column":18},"end":{"line":99,"column":4}},"loc":{"start":{"line":87,"column":18},"end":{"line":99,"column":4}},"line":87}},"f":{"0":9,"1":1,"2":1}}
,"/Users/josemanuelgarciazumaya/Desktop/TEC/Monarca_Frontend/src/components/Footer.tsx": {"path":"/Users/josemanuelgarciazumaya/Desktop/TEC/Monarca_Frontend/src/components/Footer.tsx","all":false,"statementMap":{"0":{"start":{"line":1,"column":0},"end":{"line":1,"column":19}},"1":{"start":{"line":2,"column":0},"end":{"line":2,"column":12}},"2":{"start":{"line":3,"column":0},"end":{"line":3,"column":77}},"3":{"start":{"line":4,"column":0},"end":{"line":4,"column":99}},"4":{"start":{"line":5,"column":0},"end":{"line":5,"column":75}},"5":{"start":{"line":6,"column":0},"end":{"line":6,"column":82}},"6":{"start":{"line":7,"column":0},"end":{"line":7,"column":18}},"7":{"start":{"line":8,"column":0},"end":{"line":8,"column":17}},"9":{"start":{"line":10,"column":0},"end":{"line":10,"column":1}},"11":{"start":{"line":12,"column":0},"end":{"line":12,"column":22}}},"s":{"0":1,"1":1,"2":1,"3":1,"4":1,"5":1,"6":1,"7":1,"9":1,"11":1},"branchMap":{"0":{"type":"branch","line":1,"loc":{"start":{"line":1,"column":0},"end":{"line":10,"column":1}},"locations":[{"start":{"line":1,"column":0},"end":{"line":10,"column":1}}]}},"b":{"0":[1]},"fnMap":{"0":{"name":"Footer","decl":{"start":{"line":1,"column":0},"end":{"line":10,"column":1}},"loc":{"start":{"line":1,"column":0},"end":{"line":10,"column":1}},"line":1}},"f":{"0":1}}
,"/Users/josemanuelgarciazumaya/Desktop/TEC/Monarca_Frontend/src/components/GoBack.tsx": {"path":"/Users/josemanuelgarciazumaya/Desktop/TEC/Monarca_Frontend/src/components/GoBack.tsx","all":false,"statementMap":{"0":{"start":{"line":1,"column":0},"end":{"line":1,"column":47}},"1":{"start":{"line":2,"column":0},"end":{"line":2,"column":46}},"3":{"start":{"line":4,"column":0},"end":{"line":4,"column":22}},"4":{"start":{"line":5,"column":0},"end":{"line":5,"column":35}},"6":{"start":{"line":7,"column":0},"end":{"line":7,"column":12}},"7":{"start":{"line":8,"column":0},"end":{"line":8,"column":15}},"8":{"start":{"line":9,"column":0},"end":{"line":9,"column":50}},"9":{"start":{"line":10,"column":0},"end":{"line":10,"column":33}},"10":{"start":{"line":11,"column":0},"end":{"line":11,"column":25}},"11":{"start":{"line":12,"column":0},"end":{"line":12,"column":130}},"14":{"start":{"line":15,"column":0},"end":{"line":15,"column":36}},"15":{"start":{"line":16,"column":0},"end":{"line":16,"column":17}},"17":{"start":{"line":18,"column":0},"end":{"line":18,"column":1}},"19":{"start":{"line":20,"column":0},"end":{"line":20,"column":22}}},"s":{"0":1,"1":1,"3":1,"4":51,"6":51,"7":51,"8":51,"9":51,"10":51,"11":51,"14":51,"15":51,"17":51,"19":1},"branchMap":{"0":{"type":"branch","line":4,"loc":{"start":{"line":4,"column":15},"end":{"line":18,"column":1}},"locations":[{"start":{"line":4,"column":15},"end":{"line":18,"column":1}}]},"1":{"type":"branch","line":9,"loc":{"start":{"line":9,"column":21},"end":{"line":9,"column":50}},"locations":[{"start":{"line":9,"column":21},"end":{"line":9,"column":50}}]}},"b":{"0":[51],"1":[1]},"fnMap":{"0":{"name":"GoBack","decl":{"start":{"line":4,"column":15},"end":{"line":18,"column":1}},"loc":{"start":{"line":4,"column":15},"end":{"line":18,"column":1}},"line":4},"1":{"name":"onClick","decl":{"start":{"line":9,"column":21},"end":{"line":9,"column":50}},"loc":{"start":{"line":9,"column":21},"end":{"line":9,"column":50}},"line":9}},"f":{"0":51,"1":1}}
,"/Users/josemanuelgarciazumaya/Desktop/TEC/Monarca_Frontend/src/components/Header.tsx": {"path":"/Users/josemanuelgarciazumaya/Desktop/TEC/Monarca_Frontend/src/components/Header.tsx","all":false,"statementMap":{"0":{"start":{"line":1,"column":0},"end":{"line":1,"column":33}},"1":{"start":{"line":2,"column":0},"end":{"line":2,"column":52}},"2":{"start":{"line":3,"column":0},"end":{"line":3,"column":49}},"4":{"start":{"line":5,"column":0},"end":{"line":5,"column":19}},"5":{"start":{"line":6,"column":0},"end":{"line":6,"column":48}},"6":{"start":{"line":7,"column":0},"end":{"line":7,"column":33}},"8":{"start":{"line":9,"column":0},"end":{"line":9,"column":58}},"10":{"start":{"line":11,"column":0},"end":{"line":11,"column":10}},"11":{"start":{"line":12,"column":0},"end":{"line":12,"column":87}},"12":{"start":{"line":13,"column":0},"end":{"line":13,"column":49}},"13":{"start":{"line":14,"column":0},"end":{"line":14,"column":59}},"14":{"start":{"line":15,"column":0},"end":{"line":15,"column":75}},"15":{"start":{"line":16,"column":0},"end":{"line":16,"column":115}},"16":{"start":{"line":17,"column":0},"end":{"line":17,"column":25}},"17":{"start":{"line":18,"column":0},"end":{"line":18,"column":19}},"18":{"start":{"line":19,"column":0},"end":{"line":19,"column":16}},"19":{"start":{"line":20,"column":0},"end":{"line":20,"column":45}},"20":{"start":{"line":21,"column":0},"end":{"line":21,"column":61}},"21":{"start":{"line":22,"column":0},"end":{"line":22,"column":55}},"22":{"start":{"line":23,"column":0},"end":{"line":23,"column":51}},"23":{"start":{"line":24,"column":0},"end":{"line":24,"column":81}},"24":{"start":{"line":25,"column":0},"end":{"line":25,"column":21}},"25":{"start":{"line":26,"column":0},"end":{"line":26,"column":23}},"26":{"start":{"line":27,"column":0},"end":{"line":27,"column":31}},"27":{"start":{"line":28,"column":0},"end":{"line":28,"column":88}},"28":{"start":{"line":29,"column":0},"end":{"line":29,"column":64}},"30":{"start":{"line":31,"column":0},"end":{"line":31,"column":100}},"31":{"start":{"line":32,"column":0},"end":{"line":32,"column":25}},"32":{"start":{"line":33,"column":0},"end":{"line":33,"column":20}},"33":{"start":{"line":34,"column":0},"end":{"line":34,"column":30}},"34":{"start":{"line":35,"column":0},"end":{"line":35,"column":20}},"35":{"start":{"line":36,"column":0},"end":{"line":36,"column":172}},"37":{"start":{"line":38,"column":0},"end":{"line":38,"column":45}},"38":{"start":{"line":39,"column":0},"end":{"line":39,"column":177}},"39":{"start":{"line":40,"column":0},"end":{"line":40,"column":65}},"40":{"start":{"line":41,"column":0},"end":{"line":41,"column":24}},"41":{"start":{"line":42,"column":0},"end":{"line":42,"column":179}},"42":{"start":{"line":43,"column":0},"end":{"line":43,"column":42}},"44":{"start":{"line":45,"column":0},"end":{"line":45,"column":24}},"45":{"start":{"line":46,"column":0},"end":{"line":46,"column":179}},"46":{"start":{"line":47,"column":0},"end":{"line":47,"column":41}},"48":{"start":{"line":49,"column":0},"end":{"line":49,"column":24}},"49":{"start":{"line":50,"column":0},"end":{"line":50,"column":24}},"50":{"start":{"line":51,"column":0},"end":{"line":51,"column":39}},"51":{"start":{"line":52,"column":0},"end":{"line":52,"column":24}},"52":{"start":{"line":53,"column":0},"end":{"line":53,"column":30}},"53":{"start":{"line":54,"column":0},"end":{"line":54,"column":38}},"54":{"start":{"line":55,"column":0},"end":{"line":55,"column":134}},"55":{"start":{"line":56,"column":0},"end":{"line":56,"column":46}},"56":{"start":{"line":57,"column":0},"end":{"line":57,"column":23}},"58":{"start":{"line":59,"column":0},"end":{"line":59,"column":31}},"59":{"start":{"line":60,"column":0},"end":{"line":60,"column":25}},"60":{"start":{"line":61,"column":0},"end":{"line":61,"column":23}},"61":{"start":{"line":62,"column":0},"end":{"line":62,"column":22}},"63":{"start":{"line":64,"column":0},"end":{"line":64,"column":18}},"64":{"start":{"line":65,"column":0},"end":{"line":65,"column":16}},"65":{"start":{"line":66,"column":0},"end":{"line":66,"column":14}},"66":{"start":{"line":67,"column":0},"end":{"line":67,"column":12}},"67":{"start":{"line":68,"column":0},"end":{"line":68,"column":10}},"69":{"start":{"line":70,"column":0},"end":{"line":70,"column":1}},"71":{"start":{"line":72,"column":0},"end":{"line":72,"column":22}}},"s":{"0":1,"1":1,"2":1,"4":3,"5":3,"6":3,"8":3,"10":3,"11":3,"12":3,"13":3,"14":3,"15":3,"16":3,"17":3,"18":3,"19":3,"20":3,"21":3,"22":3,"23":3,"24":3,"25":3,"26":3,"27":3,"28":3,"30":3,"31":3,"32":3,"33":3,"34":1,"35":1,"37":1,"38":1,"39":1,"40":1,"41":1,"42":1,"44":1,"45":1,"46":1,"48":1,"49":1,"50":1,"51":1,"52":1,"53":1,"54":1,"55":1,"56":1,"58":1,"59":1,"60":1,"61":1,"63":3,"64":3,"65":3,"66":3,"67":3,"69":3,"71":1},"branchMap":{"0":{"type":"branch","line":5,"loc":{"start":{"line":5,"column":0},"end":{"line":70,"column":1}},"locations":[{"start":{"line":5,"column":0},"end":{"line":70,"column":1}}]},"1":{"type":"branch","line":34,"loc":{"start":{"line":34,"column":15},"end":{"line":62,"column":22}},"locations":[{"start":{"line":34,"column":15},"end":{"line":62,"column":22}}]},"2":{"type":"branch","line":29,"loc":{"start":{"line":29,"column":27},"end":{"line":29,"column":64}},"locations":[{"start":{"line":29,"column":27},"end":{"line":29,"column":64}}]}},"b":{"0":[3],"1":[1],"2":[1]},"fnMap":{"0":{"name":"Header","decl":{"start":{"line":5,"column":0},"end":{"line":70,"column":1}},"loc":{"start":{"line":5,"column":0},"end":{"line":70,"column":1}},"line":5},"1":{"name":"onClick","decl":{"start":{"line":29,"column":27},"end":{"line":29,"column":64}},"loc":{"start":{"line":29,"column":27},"end":{"line":29,"column":64}},"line":29}},"f":{"0":3,"1":1}}
,"/Users/josemanuelgarciazumaya/Desktop/TEC/Monarca_Frontend/src/components/Layout.tsx": {"path":"/Users/josemanuelgarciazumaya/Desktop/TEC/Monarca_Frontend/src/components/Layout.tsx","all":false,"statementMap":{"0":{"start":{"line":1,"column":0},"end":{"line":1,"column":44}},"1":{"start":{"line":2,"column":0},"end":{"line":2,"column":52}},"2":{"start":{"line":3,"column":0},"end":{"line":3,"column":47}},"3":{"start":{"line":4,"column":0},"end":{"line":4,"column":47}},"6":{"start":{"line":7,"column":0},"end":{"line":7,"column":30}},"7":{"start":{"line":8,"column":0},"end":{"line":8,"column":32}},"8":{"start":{"line":9,"column":0},"end":{"line":9,"column":30}},"15":{"start":{"line":16,"column":0},"end":{"line":16,"column":44}},"16":{"start":{"line":17,"column":0},"end":{"line":17,"column":50}},"20":{"start":{"line":21,"column":0},"end":{"line":21,"column":51}},"23":{"start":{"line":24,"column":0},"end":{"line":24,"column":61}},"25":{"start":{"line":26,"column":0},"end":{"line":26,"column":10}},"26":{"start":{"line":27,"column":0},"end":{"line":27,"column":9}},"27":{"start":{"line":28,"column":0},"end":{"line":28,"column":16}},"28":{"start":{"line":29,"column":0},"end":{"line":29,"column":24}},"29":{"start":{"line":30,"column":0},"end":{"line":30,"column":50}},"30":{"start":{"line":31,"column":0},"end":{"line":31,"column":37}},"31":{"start":{"line":32,"column":0},"end":{"line":32,"column":38}},"32":{"start":{"line":33,"column":0},"end":{"line":33,"column":62}},"33":{"start":{"line":34,"column":0},"end":{"line":34,"column":14}},"34":{"start":{"line":35,"column":0},"end":{"line":35,"column":18}},"35":{"start":{"line":36,"column":0},"end":{"line":36,"column":12}},"36":{"start":{"line":37,"column":0},"end":{"line":37,"column":24}},"37":{"start":{"line":38,"column":0},"end":{"line":38,"column":10}},"39":{"start":{"line":40,"column":0},"end":{"line":40,"column":1}},"41":{"start":{"line":42,"column":0},"end":{"line":42,"column":22}}},"s":{"0":1,"1":1,"2":1,"3":1,"6":1,"7":1,"8":1,"15":3,"16":3,"20":3,"23":3,"25":1,"26":1,"27":1,"28":1,"29":1,"30":1,"31":1,"32":1,"33":1,"34":1,"35":1,"36":1,"37":1,"39":1,"41":1},"branchMap":{"0":{"type":"branch","line":16,"loc":{"start":{"line":16,"column":0},"end":{"line":40,"column":1}},"locations":[{"start":{"line":16,"column":0},"end":{"line":40,"column":1}}]},"1":{"type":"branch","line":21,"loc":{"start":{"line":21,"column":22},"end":{"line":21,"column":51}},"locations":[{"start":{"line":21,"column":22},"end":{"line":21,"column":51}}]},"2":{"type":"branch","line":21,"loc":{"start":{"line":21,"column":44},"end":{"line":24,"column":41}},"locations":[{"start":{"line":21,"column":44},"end":{"line":24,"column":41}}]},"3":{"type":"branch","line":24,"loc":{"start":{"line":24,"column":34},"end":{"line":40,"column":1}},"locations":[{"start":{"line":24,"column":34},"end":{"line":40,"column":1}}]}},"b":{"0":[3],"1":[1],"2":[2],"3":[1]},"fnMap":{"0":{"name":"Layout","decl":{"start":{"line":16,"column":0},"end":{"line":40,"column":1}},"loc":{"start":{"line":16,"column":0},"end":{"line":40,"column":1}},"line":16}},"f":{"0":3}}
,"/Users/josemanuelgarciazumaya/Desktop/TEC/Monarca_Frontend/src/components/Mosaic.tsx": {"path":"/Users/josemanuelgarciazumaya/Desktop/TEC/Monarca_Frontend/src/components/Mosaic.tsx","all":false,"statementMap":{"0":{"start":{"line":1,"column":0},"end":{"line":1,"column":39}},"8":{"start":{"line":9,"column":0},"end":{"line":9,"column":59}},"11":{"start":{"line":12,"column":0},"end":{"line":12,"column":12}},"12":{"start":{"line":13,"column":0},"end":{"line":13,"column":87}},"13":{"start":{"line":14,"column":0},"end":{"line":14,"column":14}},"14":{"start":{"line":15,"column":0},"end":{"line":15,"column":170}},"16":{"start":{"line":17,"column":0},"end":{"line":17,"column":121}},"17":{"start":{"line":18,"column":0},"end":{"line":18,"column":46}},"18":{"start":{"line":19,"column":0},"end":{"line":19,"column":16}},"19":{"start":{"line":20,"column":0},"end":{"line":20,"column":101}},"20":{"start":{"line":21,"column":0},"end":{"line":21,"column":19}},"21":{"start":{"line":22,"column":0},"end":{"line":22,"column":14}},"22":{"start":{"line":23,"column":0},"end":{"line":23,"column":14}},"23":{"start":{"line":24,"column":0},"end":{"line":24,"column":15}},"25":{"start":{"line":26,"column":0},"end":{"line":26,"column":1}},"27":{"start":{"line":28,"column":0},"end":{"line":28,"column":22}}},"s":{"0":1,"8":1,"11":3,"12":3,"13":3,"14":3,"16":3,"17":3,"18":3,"19":3,"20":3,"21":3,"22":3,"23":3,"25":3,"27":1},"branchMap":{"0":{"type":"branch","line":9,"loc":{"start":{"line":9,"column":15},"end":{"line":26,"column":1}},"locations":[{"start":{"line":9,"column":15},"end":{"line":26,"column":1}}]}},"b":{"0":[3]},"fnMap":{"0":{"name":"Mosaic","decl":{"start":{"line":9,"column":15},"end":{"line":26,"column":1}},"loc":{"start":{"line":9,"column":15},"end":{"line":26,"column":1}},"line":9}},"f":{"0":3}}
,"/Users/josemanuelgarciazumaya/Desktop/TEC/Monarca_Frontend/src/components/RefreshButton.tsx": {"path":"/Users/josemanuelgarciazumaya/Desktop/TEC/Monarca_Frontend/src/components/RefreshButton.tsx","all":false,"statementMap":{"0":{"start":{"line":1,"column":0},"end":{"line":1,"column":43}},"2":{"start":{"line":3,"column":0},"end":{"line":3,"column":29}},"4":{"start":{"line":5,"column":0},"end":{"line":5,"column":12}},"5":{"start":{"line":6,"column":0},"end":{"line":6,"column":15}},"6":{"start":{"line":7,"column":0},"end":{"line":7,"column":72}},"8":{"start":{"line":9,"column":0},"end":{"line":9,"column":60}},"9":{"start":{"line":10,"column":0},"end":{"line":10,"column":17}},"12":{"start":{"line":13,"column":0},"end":{"line":13,"column":1}},"15":{"start":{"line":16,"column":0},"end":{"line":16,"column":29}}},"s":{"0":1,"2":1,"4":2,"5":2,"6":2,"8":2,"9":2,"12":2,"15":1},"branchMap":{"0":{"type":"branch","line":3,"loc":{"start":{"line":3,"column":22},"end":{"line":13,"column":1}},"locations":[{"start":{"line":3,"column":22},"end":{"line":13,"column":1}}]}},"b":{"0":[2]},"fnMap":{"0":{"name":"RefreshButton","decl":{"start":{"line":3,"column":22},"end":{"line":13,"column":1}},"loc":{"start":{"line":3,"column":22},"end":{"line":13,"column":1}},"line":3}},"f":{"0":2}}
,"/Users/josemanuelgarciazumaya/Desktop/TEC/Monarca_Frontend/src/components/RequestRow.tsx": {"path":"/Users/josemanuelgarciazumaya/Desktop/TEC/Monarca_Frontend/src/components/RequestRow.tsx","all":false,"statementMap":{"7":{"start":{"line":8,"column":0},"end":{"line":8,"column":33}},"8":{"start":{"line":9,"column":0},"end":{"line":9,"column":50}},"9":{"start":{"line":10,"column":0},"end":{"line":10,"column":62}},"10":{"start":{"line":11,"column":0},"end":{"line":11,"column":58}},"11":{"start":{"line":12,"column":0},"end":{"line":12,"column":54}},"15":{"start":{"line":16,"column":0},"end":{"line":16,"column":24}},"16":{"start":{"line":17,"column":0},"end":{"line":17,"column":47}},"17":{"start":{"line":18,"column":0},"end":{"line":18,"column":45}},"18":{"start":{"line":19,"column":0},"end":{"line":19,"column":2}},"21":{"start":{"line":22,"column":0},"end":{"line":22,"column":24}},"22":{"start":{"line":23,"column":0},"end":{"line":23,"column":33}},"23":{"start":{"line":24,"column":0},"end":{"line":24,"column":33}},"24":{"start":{"line":25,"column":0},"end":{"line":25,"column":2}},"30":{"start":{"line":31,"column":0},"end":{"line":31,"column":26}},"32":{"start":{"line":33,"column":0},"end":{"line":33,"column":36}},"33":{"start":{"line":34,"column":0},"end":{"line":34,"column":5}},"34":{"start":{"line":35,"column":0},"end":{"line":35,"column":17}},"35":{"start":{"line":36,"column":0},"end":{"line":36,"column":25}},"36":{"start":{"line":37,"column":0},"end":{"line":37,"column":21}},"37":{"start":{"line":38,"column":0},"end":{"line":38,"column":20}},"38":{"start":{"line":39,"column":0},"end":{"line":39,"column":22}},"39":{"start":{"line":40,"column":0},"end":{"line":40,"column":27}},"40":{"start":{"line":41,"column":0},"end":{"line":41,"column":31}},"41":{"start":{"line":42,"column":0},"end":{"line":42,"column":21}},"42":{"start":{"line":43,"column":0},"end":{"line":43,"column":22}},"43":{"start":{"line":44,"column":0},"end":{"line":44,"column":6}},"44":{"start":{"line":45,"column":0},"end":{"line":45,"column":5}},"45":{"start":{"line":46,"column":0},"end":{"line":46,"column":17}},"46":{"start":{"line":47,"column":0},"end":{"line":47,"column":25}},"47":{"start":{"line":48,"column":0},"end":{"line":48,"column":19}},"48":{"start":{"line":49,"column":0},"end":{"line":49,"column":20}},"49":{"start":{"line":50,"column":0},"end":{"line":50,"column":26}},"50":{"start":{"line":51,"column":0},"end":{"line":51,"column":27}},"51":{"start":{"line":52,"column":0},"end":{"line":52,"column":31}},"52":{"start":{"line":53,"column":0},"end":{"line":53,"column":21}},"53":{"start":{"line":54,"column":0},"end":{"line":54,"column":22}},"54":{"start":{"line":55,"column":0},"end":{"line":55,"column":6}},"55":{"start":{"line":56,"column":0},"end":{"line":56,"column":5}},"58":{"start":{"line":59,"column":0},"end":{"line":59,"column":19}},"59":{"start":{"line":60,"column":0},"end":{"line":60,"column":5}},"60":{"start":{"line":61,"column":0},"end":{"line":61,"column":20}},"61":{"start":{"line":62,"column":0},"end":{"line":62,"column":29}},"62":{"start":{"line":63,"column":0},"end":{"line":63,"column":32}},"63":{"start":{"line":64,"column":0},"end":{"line":64,"column":19}},"64":{"start":{"line":65,"column":0},"end":{"line":65,"column":34}},"65":{"start":{"line":66,"column":0},"end":{"line":66,"column":44}},"66":{"start":{"line":67,"column":0},"end":{"line":67,"column":26}},"68":{"start":{"line":69,"column":0},"end":{"line":69,"column":17}},"69":{"start":{"line":70,"column":0},"end":{"line":70,"column":29}},"70":{"start":{"line":71,"column":0},"end":{"line":71,"column":34}},"71":{"start":{"line":72,"column":0},"end":{"line":72,"column":56}},"72":{"start":{"line":73,"column":0},"end":{"line":73,"column":10}},"74":{"start":{"line":75,"column":0},"end":{"line":75,"column":6}},"75":{"start":{"line":76,"column":0},"end":{"line":76,"column":5}},"76":{"start":{"line":77,"column":0},"end":{"line":77,"column":16}},"77":{"start":{"line":78,"column":0},"end":{"line":78,"column":22}},"78":{"start":{"line":79,"column":0},"end":{"line":79,"column":23}},"79":{"start":{"line":80,"column":0},"end":{"line":80,"column":19}},"80":{"start":{"line":81,"column":0},"end":{"line":81,"column":34}},"81":{"start":{"line":82,"column":0},"end":{"line":82,"column":44}},"82":{"start":{"line":83,"column":0},"end":{"line":83,"column":26}},"84":{"start":{"line":85,"column":0},"end":{"line":85,"column":19}},"85":{"start":{"line":86,"column":0},"end":{"line":86,"column":29}},"86":{"start":{"line":87,"column":0},"end":{"line":87,"column":56}},"87":{"start":{"line":88,"column":0},"end":{"line":88,"column":10}},"89":{"start":{"line":90,"column":0},"end":{"line":90,"column":6}},"90":{"start":{"line":91,"column":0},"end":{"line":91,"column":5}},"91":{"start":{"line":92,"column":0},"end":{"line":92,"column":18}},"92":{"start":{"line":93,"column":0},"end":{"line":93,"column":29}},"93":{"start":{"line":94,"column":0},"end":{"line":94,"column":23}},"94":{"start":{"line":95,"column":0},"end":{"line":95,"column":19}},"95":{"start":{"line":96,"column":0},"end":{"line":96,"column":34}},"96":{"start":{"line":97,"column":0},"end":{"line":97,"column":44}},"97":{"start":{"line":98,"column":0},"end":{"line":98,"column":26}},"99":{"start":{"line":100,"column":0},"end":{"line":100,"column":19}},"100":{"start":{"line":101,"column":0},"end":{"line":101,"column":21}},"101":{"start":{"line":102,"column":0},"end":{"line":102,"column":29}},"102":{"start":{"line":103,"column":0},"end":{"line":103,"column":56}},"103":{"start":{"line":104,"column":0},"end":{"line":104,"column":10}},"105":{"start":{"line":106,"column":0},"end":{"line":106,"column":6}},"106":{"start":{"line":107,"column":0},"end":{"line":107,"column":5}},"107":{"start":{"line":108,"column":0},"end":{"line":108,"column":18}},"108":{"start":{"line":109,"column":0},"end":{"line":109,"column":26}},"109":{"start":{"line":110,"column":0},"end":{"line":110,"column":23}},"110":{"start":{"line":111,"column":0},"end":{"line":111,"column":19}},"111":{"start":{"line":112,"column":0},"end":{"line":112,"column":34}},"112":{"start":{"line":113,"column":0},"end":{"line":113,"column":44}},"113":{"start":{"line":114,"column":0},"end":{"line":114,"column":26}},"115":{"start":{"line":116,"column":0},"end":{"line":116,"column":19}},"116":{"start":{"line":117,"column":0},"end":{"line":117,"column":29}},"117":{"start":{"line":118,"column":0},"end":{"line":118,"column":56}},"118":{"start":{"line":119,"column":0},"end":{"line":119,"column":10}},"120":{"start":{"line":121,"column":0},"end":{"line":121,"column":6}},"121":{"start":{"line":122,"column":0},"end":{"line":122,"column":5}},"122":{"start":{"line":123,"column":0},"end":{"line":123,"column":21}},"123":{"start":{"line":124,"column":0},"end":{"line":124,"column":21}},"124":{"start":{"line":125,"column":0},"end":{"line":125,"column":25}},"125":{"start":{"line":126,"column":0},"end":{"line":126,"column":19}},"126":{"start":{"line":127,"column":0},"end":{"line":127,"column":34}},"127":{"start":{"line":128,"column":0},"end":{"line":128,"column":44}},"128":{"start":{"line":129,"column":0},"end":{"line":129,"column":26}},"130":{"start":{"line":131,"column":0},"end":{"line":131,"column":19}},"131":{"start":{"line":132,"column":0},"end":{"line":132,"column":29}},"132":{"start":{"line":133,"column":0},"end":{"line":133,"column":56}},"133":{"start":{"line":134,"column":0},"end":{"line":134,"column":10}},"135":{"start":{"line":136,"column":0},"end":{"line":136,"column":6}},"136":{"start":{"line":137,"column":0},"end":{"line":137,"column":5}},"137":{"start":{"line":138,"column":0},"end":{"line":138,"column":20}},"138":{"start":{"line":139,"column":0},"end":{"line":139,"column":22}},"139":{"start":{"line":140,"column":0},"end":{"line":140,"column":23}},"140":{"start":{"line":141,"column":0},"end":{"line":141,"column":19}},"141":{"start":{"line":142,"column":0},"end":{"line":142,"column":34}},"142":{"start":{"line":143,"column":0},"end":{"line":143,"column":44}},"143":{"start":{"line":144,"column":0},"end":{"line":144,"column":26}},"145":{"start":{"line":146,"column":0},"end":{"line":146,"column":19}},"146":{"start":{"line":147,"column":0},"end":{"line":147,"column":29}},"147":{"start":{"line":148,"column":0},"end":{"line":148,"column":56}},"148":{"start":{"line":149,"column":0},"end":{"line":149,"column":10}},"150":{"start":{"line":151,"column":0},"end":{"line":151,"column":6}},"151":{"start":{"line":152,"column":0},"end":{"line":152,"column":5}},"152":{"start":{"line":153,"column":0},"end":{"line":153,"column":24}},"153":{"start":{"line":154,"column":0},"end":{"line":154,"column":29}},"154":{"start":{"line":155,"column":0},"end":{"line":155,"column":23}},"155":{"start":{"line":156,"column":0},"end":{"line":156,"column":19}},"156":{"start":{"line":157,"column":0},"end":{"line":157,"column":34}},"157":{"start":{"line":158,"column":0},"end":{"line":158,"column":44}},"158":{"start":{"line":159,"column":0},"end":{"line":159,"column":26}},"160":{"start":{"line":161,"column":0},"end":{"line":161,"column":19}},"161":{"start":{"line":162,"column":0},"end":{"line":162,"column":29}},"162":{"start":{"line":163,"column":0},"end":{"line":163,"column":56}},"163":{"start":{"line":164,"column":0},"end":{"line":164,"column":10}},"165":{"start":{"line":166,"column":0},"end":{"line":166,"column":6}},"166":{"start":{"line":167,"column":0},"end":{"line":167,"column":5}},"167":{"start":{"line":168,"column":0},"end":{"line":168,"column":20}},"168":{"start":{"line":169,"column":0},"end":{"line":169,"column":26}},"169":{"start":{"line":170,"column":0},"end":{"line":170,"column":25}},"170":{"start":{"line":171,"column":0},"end":{"line":171,"column":19}},"171":{"start":{"line":172,"column":0},"end":{"line":172,"column":34}},"172":{"start":{"line":173,"column":0},"end":{"line":173,"column":44}},"173":{"start":{"line":174,"column":0},"end":{"line":174,"column":26}},"175":{"start":{"line":176,"column":0},"end":{"line":176,"column":19}},"176":{"start":{"line":177,"column":0},"end":{"line":177,"column":29}},"177":{"start":{"line":178,"column":0},"end":{"line":178,"column":56}},"178":{"start":{"line":179,"column":0},"end":{"line":179,"column":10}},"180":{"start":{"line":181,"column":0},"end":{"line":181,"column":6}},"181":{"start":{"line":182,"column":0},"end":{"line":182,"column":5}},"182":{"start":{"line":183,"column":0},"end":{"line":183,"column":22}},"183":{"start":{"line":184,"column":0},"end":{"line":184,"column":23}},"184":{"start":{"line":185,"column":0},"end":{"line":185,"column":26}},"185":{"start":{"line":186,"column":0},"end":{"line":186,"column":19}},"186":{"start":{"line":187,"column":0},"end":{"line":187,"column":34}},"187":{"start":{"line":188,"column":0},"end":{"line":188,"column":44}},"188":{"start":{"line":189,"column":0},"end":{"line":189,"column":26}},"190":{"start":{"line":191,"column":0},"end":{"line":191,"column":17}},"191":{"start":{"line":192,"column":0},"end":{"line":192,"column":29}},"192":{"start":{"line":193,"column":0},"end":{"line":193,"column":34}},"193":{"start":{"line":194,"column":0},"end":{"line":194,"column":56}},"194":{"start":{"line":195,"column":0},"end":{"line":195,"column":10}},"196":{"start":{"line":197,"column":0},"end":{"line":197,"column":6}},"197":{"start":{"line":198,"column":0},"end":{"line":198,"column":4}},"199":{"start":{"line":200,"column":0},"end":{"line":200,"column":10}},"200":{"start":{"line":201,"column":0},"end":{"line":201,"column":55}},"202":{"start":{"line":203,"column":0},"end":{"line":203,"column":62}},"203":{"start":{"line":204,"column":0},"end":{"line":204,"column":15}},"204":{"start":{"line":205,"column":0},"end":{"line":205,"column":24}},"205":{"start":{"line":206,"column":0},"end":{"line":206,"column":66}},"206":{"start":{"line":207,"column":0},"end":{"line":207,"column":10}},"208":{"start":{"line":209,"column":0},"end":{"line":209,"column":12}},"211":{"start":{"line":212,"column":0},"end":{"line":212,"column":19}},"212":{"start":{"line":213,"column":0},"end":{"line":213,"column":32}},"213":{"start":{"line":214,"column":0},"end":{"line":214,"column":26}},"214":{"start":{"line":215,"column":0},"end":{"line":215,"column":30}},"215":{"start":{"line":216,"column":0},"end":{"line":216,"column":8}},"218":{"start":{"line":219,"column":0},"end":{"line":219,"column":101}},"219":{"start":{"line":220,"column":0},"end":{"line":220,"column":71}},"220":{"start":{"line":221,"column":0},"end":{"line":221,"column":73}},"221":{"start":{"line":222,"column":0},"end":{"line":222,"column":71}},"222":{"start":{"line":223,"column":0},"end":{"line":223,"column":71}},"223":{"start":{"line":224,"column":0},"end":{"line":224,"column":76}},"224":{"start":{"line":225,"column":0},"end":{"line":225,"column":71}},"225":{"start":{"line":226,"column":0},"end":{"line":226,"column":12}},"226":{"start":{"line":227,"column":0},"end":{"line":227,"column":10}},"228":{"start":{"line":229,"column":0},"end":{"line":229,"column":2}},"230":{"start":{"line":231,"column":0},"end":{"line":231,"column":26}}},"s":{"7":1,"8":1,"9":1,"10":1,"11":1,"15":1,"16":1,"17":1,"18":1,"21":1,"22":1,"23":1,"24":1,"30":1,"32":25,"33":25,"34":25,"35":25,"36":25,"37":25,"38":25,"39":25,"40":25,"41":25,"42":25,"43":25,"44":25,"45":25,"46":25,"47":25,"48":25,"49":25,"50":25,"51":25,"52":25,"53":25,"54":25,"55":25,"58":25,"59":25,"60":25,"61":25,"62":25,"63":25,"64":50,"65":50,"66":50,"68":50,"69":50,"70":50,"71":50,"72":50,"74":25,"75":25,"76":25,"77":25,"78":25,"79":25,"80":50,"81":50,"82":50,"84":50,"85":50,"86":50,"87":50,"89":25,"90":25,"91":25,"92":25,"93":25,"94":25,"95":50,"96":50,"97":50,"99":50,"100":50,"101":50,"102":50,"103":50,"105":25,"106":25,"107":25,"108":25,"109":25,"110":25,"111":50,"112":50,"113":50,"115":50,"116":50,"117":50,"118":50,"120":25,"121":25,"122":25,"123":25,"124":25,"125":25,"126":50,"127":50,"128":50,"130":50,"131":50,"132":50,"133":50,"135":25,"136":25,"137":25,"138":25,"139":25,"140":25,"141":50,"142":50,"143":50,"145":50,"146":50,"147":50,"148":50,"150":25,"151":25,"152":25,"153":25,"154":25,"155":25,"156":50,"157":50,"158":50,"160":50,"161":50,"162":50,"163":50,"165":25,"166":25,"167":25,"168":25,"169":25,"170":25,"171":50,"172":50,"173":50,"175":50,"176":50,"177":50,"178":50,"180":25,"181":25,"182":25,"183":25,"184":25,"185":25,"186":50,"187":50,"188":50,"190":50,"191":50,"192":50,"193":50,"194":50,"196":25,"197":25,"199":25,"200":25,"202":25,"203":25,"204":25,"205":25,"206":25,"208":25,"211":25,"212":25,"213":25,"214":25,"215":25,"218":25,"219":25,"220":25,"221":25,"222":25,"223":25,"224":25,"225":25,"226":25,"228":25,"230":1},"branchMap":{"0":{"type":"branch","line":31,"loc":{"start":{"line":31,"column":19},"end":{"line":229,"column":2}},"locations":[{"start":{"line":31,"column":19},"end":{"line":229,"column":2}}]},"1":{"type":"branch","line":64,"loc":{"start":{"line":64,"column":18},"end":{"line":73,"column":10}},"locations":[{"start":{"line":64,"column":18},"end":{"line":73,"column":10}}]},"2":{"type":"branch","line":70,"loc":{"start":{"line":70,"column":17},"end":{"line":70,"column":29}},"locations":[{"start":{"line":70,"column":17},"end":{"line":70,"column":29}}]},"3":{"type":"branch","line":72,"loc":{"start":{"line":72,"column":20},"end":{"line":72,"column":56}},"locations":[{"start":{"line":72,"column":20},"end":{"line":72,"column":56}}]},"4":{"type":"branch","line":80,"loc":{"start":{"line":80,"column":18},"end":{"line":88,"column":10}},"locations":[{"start":{"line":80,"column":18},"end":{"line":88,"column":10}}]},"5":{"type":"branch","line":86,"loc":{"start":{"line":86,"column":17},"end":{"line":86,"column":29}},"locations":[{"start":{"line":86,"column":17},"end":{"line":86,"column":29}}]},"6":{"type":"branch","line":87,"loc":{"start":{"line":87,"column":20},"end":{"line":87,"column":56}},"locations":[{"start":{"line":87,"column":20},"end":{"line":87,"column":56}}]},"7":{"type":"branch","line":95,"loc":{"start":{"line":95,"column":18},"end":{"line":104,"column":10}},"locations":[{"start":{"line":95,"column":18},"end":{"line":104,"column":10}}]},"8":{"type":"branch","line":102,"loc":{"start":{"line":102,"column":17},"end":{"line":102,"column":29}},"locations":[{"start":{"line":102,"column":17},"end":{"line":102,"column":29}}]},"9":{"type":"branch","line":103,"loc":{"start":{"line":103,"column":20},"end":{"line":103,"column":56}},"locations":[{"start":{"line":103,"column":20},"end":{"line":103,"column":56}}]},"10":{"type":"branch","line":111,"loc":{"start":{"line":111,"column":18},"end":{"line":119,"column":10}},"locations":[{"start":{"line":111,"column":18},"end":{"line":119,"column":10}}]},"11":{"type":"branch","line":117,"loc":{"start":{"line":117,"column":17},"end":{"line":117,"column":29}},"locations":[{"start":{"line":117,"column":17},"end":{"line":117,"column":29}}]},"12":{"type":"branch","line":118,"loc":{"start":{"line":118,"column":20},"end":{"line":118,"column":56}},"locations":[{"start":{"line":118,"column":20},"end":{"line":118,"column":56}}]},"13":{"type":"branch","line":126,"loc":{"start":{"line":126,"column":18},"end":{"line":134,"column":10}},"locations":[{"start":{"line":126,"column":18},"end":{"line":134,"column":10}}]},"14":{"type":"branch","line":132,"loc":{"start":{"line":132,"column":17},"end":{"line":132,"column":29}},"locations":[{"start":{"line":132,"column":17},"end":{"line":132,"column":29}}]},"15":{"type":"branch","line":133,"loc":{"start":{"line":133,"column":20},"end":{"line":133,"column":56}},"locations":[{"start":{"line":133,"column":20},"end":{"line":133,"column":56}}]},"16":{"type":"branch","line":141,"loc":{"start":{"line":141,"column":18},"end":{"line":149,"column":10}},"locations":[{"start":{"line":141,"column":18},"end":{"line":149,"column":10}}]},"17":{"type":"branch","line":147,"loc":{"start":{"line":147,"column":17},"end":{"line":147,"column":29}},"locations":[{"start":{"line":147,"column":17},"end":{"line":147,"column":29}}]},"18":{"type":"branch","line":148,"loc":{"start":{"line":148,"column":20},"end":{"line":148,"column":56}},"locations":[{"start":{"line":148,"column":20},"end":{"line":148,"column":56}}]},"19":{"type":"branch","line":156,"loc":{"start":{"line":156,"column":18},"end":{"line":164,"column":10}},"locations":[{"start":{"line":156,"column":18},"end":{"line":164,"column":10}}]},"20":{"type":"branch","line":162,"loc":{"start":{"line":162,"column":17},"end":{"line":162,"column":29}},"locations":[{"start":{"line":162,"column":17},"end":{"line":162,"column":29}}]},"21":{"type":"branch","line":163,"loc":{"start":{"line":163,"column":20},"end":{"line":163,"column":56}},"locations":[{"start":{"line":163,"column":20},"end":{"line":163,"column":56}}]},"22":{"type":"branch","line":171,"loc":{"start":{"line":171,"column":18},"end":{"line":179,"column":10}},"locations":[{"start":{"line":171,"column":18},"end":{"line":179,"column":10}}]},"23":{"type":"branch","line":177,"loc":{"start":{"line":177,"column":17},"end":{"line":177,"column":29}},"locations":[{"start":{"line":177,"column":17},"end":{"line":177,"column":29}}]},"24":{"type":"branch","line":178,"loc":{"start":{"line":178,"column":20},"end":{"line":178,"column":56}},"locations":[{"start":{"line":178,"column":20},"end":{"line":178,"column":56}}]},"25":{"type":"branch","line":186,"loc":{"start":{"line":186,"column":18},"end":{"line":195,"column":10}},"locations":[{"start":{"line":186,"column":18},"end":{"line":195,"column":10}}]},"26":{"type":"branch","line":192,"loc":{"start":{"line":192,"column":17},"end":{"line":192,"column":29}},"locations":[{"start":{"line":192,"column":17},"end":{"line":192,"column":29}}]},"27":{"type":"branch","line":194,"loc":{"start":{"line":194,"column":20},"end":{"line":194,"column":56}},"locations":[{"start":{"line":194,"column":20},"end":{"line":194,"column":56}}]}},"b":{"0":[25],"1":[50],"2":[0],"3":[1],"4":[50],"5":[0],"6":[1],"7":[50],"8":[0],"9":[1],"10":[50],"11":[0],"12":[3],"13":[50],"14":[0],"15":[1],"16":[50],"17":[0],"18":[2],"19":[50],"20":[0],"21":[1],"22":[50],"23":[0],"24":[1],"25":[50],"26":[0],"27":[1]},"fnMap":{"0":{"name":"RequestRow","decl":{"start":{"line":31,"column":19},"end":{"line":229,"column":2}},"loc":{"start":{"line":31,"column":19},"end":{"line":229,"column":2}},"line":31},"1":{"name":"renderCell","decl":{"start":{"line":64,"column":18},"end":{"line":73,"column":10}},"loc":{"start":{"line":64,"column":18},"end":{"line":73,"column":10}},"line":64},"2":{"name":"onChange","decl":{"start":{"line":72,"column":20},"end":{"line":72,"column":56}},"loc":{"start":{"line":72,"column":20},"end":{"line":72,"column":56}},"line":72},"3":{"name":"renderCell","decl":{"start":{"line":80,"column":18},"end":{"line":88,"column":10}},"loc":{"start":{"line":80,"column":18},"end":{"line":88,"column":10}},"line":80},"4":{"name":"onChange","decl":{"start":{"line":87,"column":20},"end":{"line":87,"column":56}},"loc":{"start":{"line":87,"column":20},"end":{"line":87,"column":56}},"line":87},"5":{"name":"renderCell","decl":{"start":{"line":95,"column":18},"end":{"line":104,"column":10}},"loc":{"start":{"line":95,"column":18},"end":{"line":104,"column":10}},"line":95},"6":{"name":"onChange","decl":{"start":{"line":103,"column":20},"end":{"line":103,"column":56}},"loc":{"start":{"line":103,"column":20},"end":{"line":103,"column":56}},"line":103},"7":{"name":"renderCell","decl":{"start":{"line":111,"column":18},"end":{"line":119,"column":10}},"loc":{"start":{"line":111,"column":18},"end":{"line":119,"column":10}},"line":111},"8":{"name":"onChange","decl":{"start":{"line":118,"column":20},"end":{"line":118,"column":56}},"loc":{"start":{"line":118,"column":20},"end":{"line":118,"column":56}},"line":118},"9":{"name":"renderCell","decl":{"start":{"line":126,"column":18},"end":{"line":134,"column":10}},"loc":{"start":{"line":126,"column":18},"end":{"line":134,"column":10}},"line":126},"10":{"name":"onChange","decl":{"start":{"line":133,"column":20},"end":{"line":133,"column":56}},"loc":{"start":{"line":133,"column":20},"end":{"line":133,"column":56}},"line":133},"11":{"name":"renderCell","decl":{"start":{"line":141,"column":18},"end":{"line":149,"column":10}},"loc":{"start":{"line":141,"column":18},"end":{"line":149,"column":10}},"line":141},"12":{"name":"onChange","decl":{"start":{"line":148,"column":20},"end":{"line":148,"column":56}},"loc":{"start":{"line":148,"column":20},"end":{"line":148,"column":56}},"line":148},"13":{"name":"renderCell","decl":{"start":{"line":156,"column":18},"end":{"line":164,"column":10}},"loc":{"start":{"line":156,"column":18},"end":{"line":164,"column":10}},"line":156},"14":{"name":"onChange","decl":{"start":{"line":163,"column":20},"end":{"line":163,"column":56}},"loc":{"start":{"line":163,"column":20},"end":{"line":163,"column":56}},"line":163},"15":{"name":"renderCell","decl":{"start":{"line":171,"column":18},"end":{"line":179,"column":10}},"loc":{"start":{"line":171,"column":18},"end":{"line":179,"column":10}},"line":171},"16":{"name":"onChange","decl":{"start":{"line":178,"column":20},"end":{"line":178,"column":56}},"loc":{"start":{"line":178,"column":20},"end":{"line":178,"column":56}},"line":178},"17":{"name":"renderCell","decl":{"start":{"line":186,"column":18},"end":{"line":195,"column":10}},"loc":{"start":{"line":186,"column":18},"end":{"line":195,"column":10}},"line":186},"18":{"name":"onChange","decl":{"start":{"line":194,"column":20},"end":{"line":194,"column":56}},"loc":{"start":{"line":194,"column":20},"end":{"line":194,"column":56}},"line":194}},"f":{"0":25,"1":50,"2":1,"3":50,"4":1,"5":50,"6":1,"7":50,"8":3,"9":50,"10":1,"11":50,"12":2,"13":50,"14":1,"15":50,"16":1,"17":50,"18":1}}
,"/Users/josemanuelgarciazumaya/Desktop/TEC/Monarca_Frontend/src/components/Sidebar.tsx": {"path":"/Users/josemanuelgarciazumaya/Desktop/TEC/Monarca_Frontend/src/components/Sidebar.tsx","all":false,"statementMap":{"1":{"start":{"line":2,"column":0},"end":{"line":2,"column":38}},"4":{"start":{"line":5,"column":0},"end":{"line":5,"column":45}},"8":{"start":{"line":9,"column":0},"end":{"line":9,"column":49}},"9":{"start":{"line":10,"column":0},"end":{"line":10,"column":10}},"10":{"start":{"line":11,"column":0},"end":{"line":11,"column":10}},"11":{"start":{"line":12,"column":0},"end":{"line":12,"column":23}},"12":{"start":{"line":13,"column":0},"end":{"line":13,"column":70}},"13":{"start":{"line":14,"column":0},"end":{"line":14,"column":26}},"15":{"start":{"line":16,"column":0},"end":{"line":16,"column":56}},"16":{"start":{"line":17,"column":0},"end":{"line":17,"column":103}},"17":{"start":{"line":18,"column":0},"end":{"line":18,"column":76}},"18":{"start":{"line":19,"column":0},"end":{"line":19,"column":14}},"19":{"start":{"line":20,"column":0},"end":{"line":20,"column":72}},"20":{"start":{"line":21,"column":0},"end":{"line":21,"column":94}},"21":{"start":{"line":22,"column":0},"end":{"line":22,"column":71}},"22":{"start":{"line":23,"column":0},"end":{"line":23,"column":14}},"23":{"start":{"line":24,"column":0},"end":{"line":24,"column":46}},"24":{"start":{"line":25,"column":0},"end":{"line":25,"column":27}},"25":{"start":{"line":26,"column":0},"end":{"line":26,"column":28}},"26":{"start":{"line":27,"column":0},"end":{"line":27,"column":46}},"27":{"start":{"line":28,"column":0},"end":{"line":28,"column":31}},"28":{"start":{"line":29,"column":0},"end":{"line":29,"column":14}},"29":{"start":{"line":30,"column":0},"end":{"line":30,"column":79}},"30":{"start":{"line":31,"column":0},"end":{"line":31,"column":135}},"32":{"start":{"line":33,"column":0},"end":{"line":33,"column":161}},"33":{"start":{"line":34,"column":0},"end":{"line":34,"column":117}},"35":{"start":{"line":36,"column":0},"end":{"line":36,"column":80}},"36":{"start":{"line":37,"column":0},"end":{"line":37,"column":117}},"38":{"start":{"line":39,"column":0},"end":{"line":39,"column":80}},"39":{"start":{"line":40,"column":0},"end":{"line":40,"column":117}},"41":{"start":{"line":42,"column":0},"end":{"line":42,"column":162}},"42":{"start":{"line":43,"column":0},"end":{"line":43,"column":137}},"44":{"start":{"line":45,"column":0},"end":{"line":45,"column":81}},"45":{"start":{"line":46,"column":0},"end":{"line":46,"column":139}},"50":{"start":{"line":51,"column":0},"end":{"line":51,"column":80}},"51":{"start":{"line":52,"column":0},"end":{"line":52,"column":124}},"53":{"start":{"line":54,"column":0},"end":{"line":54,"column":84}},"54":{"start":{"line":55,"column":0},"end":{"line":55,"column":118}},"59":{"start":{"line":60,"column":0},"end":{"line":60,"column":166}},"60":{"start":{"line":61,"column":0},"end":{"line":61,"column":139}},"62":{"start":{"line":63,"column":0},"end":{"line":63,"column":13}},"63":{"start":{"line":64,"column":0},"end":{"line":64,"column":12}},"64":{"start":{"line":65,"column":0},"end":{"line":65,"column":12}},"66":{"start":{"line":67,"column":0},"end":{"line":67,"column":1}},"68":{"start":{"line":69,"column":0},"end":{"line":69,"column":23}}},"s":{"1":1,"4":1,"8":5,"9":5,"10":5,"11":5,"12":5,"13":5,"15":5,"16":5,"17":5,"18":5,"19":5,"20":5,"21":5,"22":5,"23":5,"24":5,"25":5,"26":5,"27":5,"28":5,"29":5,"30":0,"32":5,"33":0,"35":5,"36":0,"38":5,"39":0,"41":5,"42":0,"44":5,"45":0,"50":5,"51":0,"53":5,"54":0,"59":5,"60":0,"62":5,"63":5,"64":5,"66":5,"68":1},"branchMap":{"0":{"type":"branch","line":9,"loc":{"start":{"line":9,"column":0},"end":{"line":67,"column":1}},"locations":[{"start":{"line":9,"column":0},"end":{"line":67,"column":1}}]},"1":{"type":"branch","line":30,"loc":{"start":{"line":30,"column":73},"end":{"line":31,"column":135}},"locations":[{"start":{"line":30,"column":73},"end":{"line":31,"column":135}}]},"2":{"type":"branch","line":33,"loc":{"start":{"line":33,"column":90},"end":{"line":33,"column":161}},"locations":[{"start":{"line":33,"column":90},"end":{"line":33,"column":161}}]},"3":{"type":"branch","line":33,"loc":{"start":{"line":33,"column":155},"end":{"line":34,"column":117}},"locations":[{"start":{"line":33,"column":155},"end":{"line":34,"column":117}}]},"4":{"type":"branch","line":36,"loc":{"start":{"line":36,"column":74},"end":{"line":37,"column":117}},"locations":[{"start":{"line":36,"column":74},"end":{"line":37,"column":117}}]},"5":{"type":"branch","line":39,"loc":{"start":{"line":39,"column":74},"end":{"line":40,"column":117}},"locations":[{"start":{"line":39,"column":74},"end":{"line":40,"column":117}}]},"6":{"type":"branch","line":42,"loc":{"start":{"line":42,"column":90},"end":{"line":42,"column":162}},"locations":[{"start":{"line":42,"column":90},"end":{"line":42,"column":162}}]},"7":{"type":"branch","line":42,"loc":{"start":{"line":42,"column":156},"end":{"line":43,"column":137}},"locations":[{"start":{"line":42,"column":156},"end":{"line":43,"column":137}}]},"8":{"type":"branch","line":45,"loc":{"start":{"line":45,"column":75},"end":{"line":46,"column":139}},"locations":[{"start":{"line":45,"column":75},"end":{"line":46,"column":139}}]},"9":{"type":"branch","line":51,"loc":{"start":{"line":51,"column":74},"end":{"line":52,"column":124}},"locations":[{"start":{"line":51,"column":74},"end":{"line":52,"column":124}}]},"10":{"type":"branch","line":54,"loc":{"start":{"line":54,"column":78},"end":{"line":55,"column":118}},"locations":[{"start":{"line":54,"column":78},"end":{"line":55,"column":118}}]},"11":{"type":"branch","line":60,"loc":{"start":{"line":60,"column":90},"end":{"line":60,"column":166}},"locations":[{"start":{"line":60,"column":90},"end":{"line":60,"column":166}}]},"12":{"type":"branch","line":60,"loc":{"start":{"line":60,"column":160},"end":{"line":61,"column":139}},"locations":[{"start":{"line":60,"column":160},"end":{"line":61,"column":139}}]}},"b":{"0":[5],"1":[0],"2":[0],"3":[0],"4":[0],"5":[0],"6":[0],"7":[0],"8":[0],"9":[0],"10":[0],"11":[0],"12":[0]},"fnMap":{"0":{"name":"Sidebar","decl":{"start":{"line":9,"column":0},"end":{"line":67,"column":1}},"loc":{"start":{"line":9,"column":0},"end":{"line":67,"column":1}},"line":9}},"f":{"0":5}}
,"/Users/josemanuelgarciazumaya/Desktop/TEC/Monarca_Frontend/src/components/SiderbarOption.tsx": {"path":"/Users/josemanuelgarciazumaya/Desktop/TEC/Monarca_Frontend/src/components/SiderbarOption.tsx","all":false,"statementMap":{"1":{"start":{"line":2,"column":0},"end":{"line":2,"column":40}},"9":{"start":{"line":10,"column":0},"end":{"line":10,"column":74}},"11":{"start":{"line":12,"column":0},"end":{"line":12,"column":12}},"12":{"start":{"line":13,"column":0},"end":{"line":13,"column":12}},"13":{"start":{"line":14,"column":0},"end":{"line":14,"column":17}},"14":{"start":{"line":15,"column":0},"end":{"line":15,"column":23}},"15":{"start":{"line":16,"column":0},"end":{"line":16,"column":151}},"17":{"start":{"line":18,"column":0},"end":{"line":18,"column":18}},"18":{"start":{"line":19,"column":0},"end":{"line":19,"column":30}},"19":{"start":{"line":20,"column":0},"end":{"line":20,"column":27}},"20":{"start":{"line":21,"column":0},"end":{"line":21,"column":63}},"21":{"start":{"line":22,"column":0},"end":{"line":22,"column":16}},"22":{"start":{"line":23,"column":0},"end":{"line":23,"column":151}},"23":{"start":{"line":24,"column":0},"end":{"line":24,"column":19}},"24":{"start":{"line":25,"column":0},"end":{"line":25,"column":15}},"26":{"start":{"line":27,"column":0},"end":{"line":27,"column":2}},"29":{"start":{"line":30,"column":0},"end":{"line":30,"column":29}}},"s":{"1":1,"9":1,"11":10,"12":10,"13":10,"14":10,"15":10,"17":10,"18":10,"19":10,"20":10,"21":10,"22":10,"23":10,"24":10,"26":10,"29":1},"branchMap":{"0":{"type":"branch","line":10,"loc":{"start":{"line":10,"column":22},"end":{"line":27,"column":2}},"locations":[{"start":{"line":10,"column":22},"end":{"line":27,"column":2}}]}},"b":{"0":[10]},"fnMap":{"0":{"name":"SidebarOption","decl":{"start":{"line":10,"column":22},"end":{"line":27,"column":2}},"loc":{"start":{"line":10,"column":22},"end":{"line":27,"column":2}},"line":10}},"f":{"0":10}}
,"/Users/josemanuelgarciazumaya/Desktop/TEC/Monarca_Frontend/src/components/Approvals/DropDown.tsx": {"path":"/Users/josemanuelgarciazumaya/Desktop/TEC/Monarca_Frontend/src/components/Approvals/DropDown.tsx","all":false,"statementMap":{"0":{"start":{"line":1,"column":0},"end":{"line":1,"column":59}},"14":{"start":{"line":15,"column":0},"end":{"line":15,"column":44}},"15":{"start":{"line":16,"column":0},"end":{"line":16,"column":10}},"16":{"start":{"line":17,"column":0},"end":{"line":17,"column":8}},"17":{"start":{"line":18,"column":0},"end":{"line":18,"column":11}},"18":{"start":{"line":19,"column":0},"end":{"line":19,"column":40}},"19":{"start":{"line":20,"column":0},"end":{"line":20,"column":7}},"20":{"start":{"line":21,"column":0},"end":{"line":21,"column":46}},"21":{"start":{"line":22,"column":0},"end":{"line":22,"column":51}},"24":{"start":{"line":25,"column":0},"end":{"line":25,"column":19}},"25":{"start":{"line":26,"column":0},"end":{"line":26,"column":52}},"26":{"start":{"line":27,"column":0},"end":{"line":27,"column":87}},"27":{"start":{"line":28,"column":0},"end":{"line":28,"column":25}},"28":{"start":{"line":29,"column":0},"end":{"line":29,"column":7}},"29":{"start":{"line":30,"column":0},"end":{"line":30,"column":5}},"31":{"start":{"line":32,"column":0},"end":{"line":32,"column":63}},"32":{"start":{"line":33,"column":0},"end":{"line":33,"column":79}},"33":{"start":{"line":34,"column":0},"end":{"line":34,"column":9}},"35":{"start":{"line":36,"column":0},"end":{"line":36,"column":68}},"37":{"start":{"line":38,"column":0},"end":{"line":38,"column":10}},"38":{"start":{"line":39,"column":0},"end":{"line":39,"column":66}},"39":{"start":{"line":40,"column":0},"end":{"line":40,"column":13}},"40":{"start":{"line":41,"column":0},"end":{"line":41,"column":21}},"41":{"start":{"line":42,"column":0},"end":{"line":42,"column":50}},"42":{"start":{"line":43,"column":0},"end":{"line":43,"column":126}},"44":{"start":{"line":45,"column":0},"end":{"line":45,"column":61}},"45":{"start":{"line":46,"column":0},"end":{"line":46,"column":70}},"46":{"start":{"line":47,"column":0},"end":{"line":47,"column":15}},"48":{"start":{"line":49,"column":0},"end":{"line":49,"column":18}},"49":{"start":{"line":50,"column":0},"end":{"line":50,"column":120}},"50":{"start":{"line":51,"column":0},"end":{"line":51,"column":33}},"51":{"start":{"line":52,"column":0},"end":{"line":52,"column":15}},"52":{"start":{"line":53,"column":0},"end":{"line":53,"column":29}},"53":{"start":{"line":54,"column":0},"end":{"line":54,"column":30}},"54":{"start":{"line":55,"column":0},"end":{"line":55,"column":36}},"55":{"start":{"line":56,"column":0},"end":{"line":56,"column":33}},"56":{"start":{"line":57,"column":0},"end":{"line":57,"column":16}},"57":{"start":{"line":58,"column":0},"end":{"line":58,"column":88}},"58":{"start":{"line":59,"column":0},"end":{"line":59,"column":67}},"59":{"start":{"line":60,"column":0},"end":{"line":60,"column":17}},"61":{"start":{"line":62,"column":0},"end":{"line":62,"column":25}},"62":{"start":{"line":63,"column":0},"end":{"line":63,"column":17}},"63":{"start":{"line":64,"column":0},"end":{"line":64,"column":13}},"64":{"start":{"line":65,"column":0},"end":{"line":65,"column":13}},"66":{"start":{"line":67,"column":0},"end":{"line":67,"column":10}},"68":{"start":{"line":69,"column":0},"end":{"line":69,"column":2}},"70":{"start":{"line":71,"column":0},"end":{"line":71,"column":24}}},"s":{"0":1,"14":1,"15":10,"16":10,"17":10,"18":10,"19":10,"20":10,"21":10,"24":10,"25":7,"26":0,"27":0,"28":0,"29":0,"31":7,"32":7,"33":10,"35":10,"37":10,"38":10,"39":10,"40":10,"41":10,"42":10,"44":10,"45":10,"46":10,"48":10,"49":2,"50":2,"51":6,"52":6,"53":6,"54":1,"55":1,"56":1,"57":6,"58":6,"59":6,"61":6,"62":6,"63":2,"64":2,"66":10,"68":10,"70":1},"branchMap":{"0":{"type":"branch","line":15,"loc":{"start":{"line":15,"column":42},"end":{"line":69,"column":2}},"locations":[{"start":{"line":15,"column":42},"end":{"line":69,"column":2}}]},"1":{"type":"branch","line":45,"loc":{"start":{"line":45,"column":9},"end":{"line":45,"column":49}},"locations":[{"start":{"line":45,"column":9},"end":{"line":45,"column":49}}]},"2":{"type":"branch","line":45,"loc":{"start":{"line":45,"column":41},"end":{"line":45,"column":61}},"locations":[{"start":{"line":45,"column":41},"end":{"line":45,"column":61}}]},"3":{"type":"branch","line":49,"loc":{"start":{"line":49,"column":7},"end":{"line":65,"column":13}},"locations":[{"start":{"line":49,"column":7},"end":{"line":65,"column":13}}]},"4":{"type":"branch","line":25,"loc":{"start":{"line":25,"column":12},"end":{"line":34,"column":5}},"locations":[{"start":{"line":25,"column":12},"end":{"line":34,"column":5}}]},"5":{"type":"branch","line":33,"loc":{"start":{"line":33,"column":11},"end":{"line":33,"column":79}},"locations":[{"start":{"line":33,"column":11},"end":{"line":33,"column":79}}]},"6":{"type":"branch","line":36,"loc":{"start":{"line":36,"column":38},"end":{"line":36,"column":66}},"locations":[{"start":{"line":36,"column":38},"end":{"line":36,"column":66}}]},"7":{"type":"branch","line":42,"loc":{"start":{"line":42,"column":17},"end":{"line":42,"column":50}},"locations":[{"start":{"line":42,"column":17},"end":{"line":42,"column":50}}]},"8":{"type":"branch","line":42,"loc":{"start":{"line":42,"column":33},"end":{"line":42,"column":48}},"locations":[{"start":{"line":42,"column":33},"end":{"line":42,"column":48}}]},"9":{"type":"branch","line":51,"loc":{"start":{"line":51,"column":23},"end":{"line":63,"column":17}},"locations":[{"start":{"line":51,"column":23},"end":{"line":63,"column":17}}]},"10":{"type":"branch","line":59,"loc":{"start":{"line":59,"column":30},"end":{"line":59,"column":65}},"locations":[{"start":{"line":59,"column":30},"end":{"line":59,"column":65}}]},"11":{"type":"branch","line":54,"loc":{"start":{"line":54,"column":23},"end":{"line":57,"column":16}},"locations":[{"start":{"line":54,"column":23},"end":{"line":57,"column":16}}]}},"b":{"0":[10],"1":[1],"2":[9],"3":[2],"4":[7],"5":[7],"6":[29],"7":[2],"8":[2],"9":[6],"10":[0],"11":[1]},"fnMap":{"0":{"name":"Dropdown","decl":{"start":{"line":15,"column":42},"end":{"line":69,"column":2}},"loc":{"start":{"line":15,"column":42},"end":{"line":69,"column":2}},"line":15},"1":{"name":"handleClickOutside","decl":{"start":{"line":26,"column":4},"end":{"line":30,"column":5}},"loc":{"start":{"line":26,"column":4},"end":{"line":30,"column":5}},"line":26},"2":{"name":"onClick","decl":{"start":{"line":42,"column":17},"end":{"line":42,"column":50}},"loc":{"start":{"line":42,"column":17},"end":{"line":42,"column":50}},"line":42},"3":{"name":"onClick","decl":{"start":{"line":54,"column":23},"end":{"line":57,"column":16}},"loc":{"start":{"line":54,"column":23},"end":{"line":57,"column":16}},"line":54}},"f":{"0":10,"1":0,"2":2,"3":1}}
[...]
,"/Users/josemanuelgarciazumaya/Desktop/TEC/Monarca_Frontend/src/types/destinations.ts": {"path":"/Users/josemanuelgarciazumaya/Desktop/TEC/Monarca_Frontend/src/types/destinations.ts","all":true,"statementMap":{},"s":{},"branchMap":{"0":{"type":"branch","line":1,"loc":{"start":{"line":1,"column":149},"end":{"line":10,"column":2}},"locations":[{"start":{"line":1,"column":149},"end":{"line":10,"column":2}}]}},"b":{"0":[1]},"fnMap":{"0":{"name":"(empty-report)","decl":{"start":{"line":1,"column":149},"end":{"line":10,"column":2}},"loc":{"start":{"line":1,"column":149},"end":{"line":10,"column":2}},"line":1}},"f":{"0":1}}
,"/Users/josemanuelgarciazumaya/Desktop/TEC/Monarca_Frontend/src/types/requestDestinations.ts": {"path":"/Users/josemanuelgarciazumaya/Desktop/TEC/Monarca_Frontend/src/types/requestDestinations.ts","all":true,"statementMap":{},"s":{},"branchMap":{"0":{"type":"branch","line":1,"loc":{"start":{"line":1,"column":299},"end":{"line":11,"column":2}},"locations":[{"start":{"line":1,"column":299},"end":{"line":11,"column":2}}]}},"b":{"0":[1]},"fnMap":{"0":{"name":"(empty-report)","decl":{"start":{"line":1,"column":299},"end":{"line":11,"column":2}},"loc":{"start":{"line":1,"column":299},"end":{"line":11,"column":2}},"line":1}},"f":{"0":1}}
,"/Users/josemanuelgarciazumaya/Desktop/TEC/Monarca_Frontend/src/types/requests.ts": {"path":"/Users/josemanuelgarciazumaya/Desktop/TEC/Monarca_Frontend/src/types/requests.ts","all":true,"statementMap":{},"s":{},"branchMap":{"0":{"type":"branch","line":1,"loc":{"start":{"line":1,"column":265},"end":{"line":10,"column":2}},"locations":[{"start":{"line":1,"column":265},"end":{"line":10,"column":2}}]}},"b":{"0":[1]},"fnMap":{"0":{"name":"(empty-report)","decl":{"start":{"line":1,"column":265},"end":{"line":10,"column":2}},"loc":{"start":{"line":1,"column":265},"end":{"line":10,"column":2}},"line":1}},"f":{"0":1}}
,"/Users/josemanuelgarciazumaya/Desktop/TEC/Monarca_Frontend/src/utils/apiService.tsx": {"path":"/Users/josemanuelgarciazumaya/Desktop/TEC/Monarca_Frontend/src/utils/apiService.tsx","all":false,"statementMap":{"2":{"start":{"line":3,"column":0},"end":{"line":3,"column":50}},"5":{"start":{"line":6,"column":0},"end":{"line":6,"column":26}},"6":{"start":{"line":7,"column":0},"end":{"line":7,"column":40}},"7":{"start":{"line":8,"column":0},"end":{"line":8,"column":16}},"8":{"start":{"line":9,"column":0},"end":{"line":9,"column":12}},"9":{"start":{"line":10,"column":0},"end":{"line":10,"column":39}},"10":{"start":{"line":11,"column":0},"end":{"line":11,"column":4}},"11":{"start":{"line":12,"column":0},"end":{"line":12,"column":24}},"12":{"start":{"line":13,"column":0},"end":{"line":13,"column":3}},"15":{"start":{"line":16,"column":0},"end":{"line":16,"column":30}},"16":{"start":{"line":17,"column":0},"end":{"line":17,"column":25}},"17":{"start":{"line":18,"column":0},"end":{"line":18,"column":14}},"18":{"start":{"line":19,"column":0},"end":{"line":19,"column":25}},"19":{"start":{"line":20,"column":0},"end":{"line":20,"column":72}},"20":{"start":{"line":21,"column":0},"end":{"line":21,"column":42}},"22":{"start":{"line":23,"column":0},"end":{"line":23,"column":7}},"23":{"start":{"line":24,"column":0},"end":{"line":24,"column":31}},"24":{"start":{"line":25,"column":0},"end":{"line":25,"column":73}},"25":{"start":{"line":26,"column":0},"end":{"line":26,"column":12}},"26":{"start":{"line":27,"column":0},"end":{"line":27,"column":71}},"27":{"start":{"line":28,"column":0},"end":{"line":28,"column":5}},"28":{"start":{"line":29,"column":0},"end":{"line":29,"column":33}},"29":{"start":{"line":30,"column":0},"end":{"line":30,"column":3}},"30":{"start":{"line":31,"column":0},"end":{"line":31,"column":2}},"33":{"start":{"line":34,"column":0},"end":{"line":34,"column":33}},"34":{"start":{"line":35,"column":0},"end":{"line":35,"column":14}},"35":{"start":{"line":36,"column":0},"end":{"line":36,"column":14}},"36":{"start":{"line":37,"column":0},"end":{"line":37,"column":33}},"37":{"start":{"line":38,"column":0},"end":{"line":38,"column":6}},"38":{"start":{"line":39,"column":0},"end":{"line":39,"column":61}},"39":{"start":{"line":40,"column":0},"end":{"line":40,"column":23}},"40":{"start":{"line":41,"column":0},"end":{"line":41,"column":2}},"43":{"start":{"line":44,"column":0},"end":{"line":44,"column":34}},"44":{"start":{"line":45,"column":0},"end":{"line":45,"column":14}},"45":{"start":{"line":46,"column":0},"end":{"line":46,"column":43}},"46":{"start":{"line":47,"column":0},"end":{"line":47,"column":33}},"47":{"start":{"line":48,"column":0},"end":{"line":48,"column":6}},"48":{"start":{"line":49,"column":0},"end":{"line":49,"column":7}},"49":{"start":{"line":50,"column":0},"end":{"line":50,"column":44}},"50":{"start":{"line":51,"column":0},"end":{"line":51,"column":21}},"51":{"start":{"line":52,"column":0},"end":{"line":52,"column":24}},"52":{"start":{"line":53,"column":0},"end":{"line":53,"column":67}},"53":{"start":{"line":54,"column":0},"end":{"line":54,"column":6}},"54":{"start":{"line":55,"column":0},"end":{"line":55,"column":30}},"55":{"start":{"line":56,"column":0},"end":{"line":56,"column":71}},"56":{"start":{"line":57,"column":0},"end":{"line":57,"column":25}},"57":{"start":{"line":58,"column":0},"end":{"line":58,"column":19}},"58":{"start":{"line":59,"column":0},"end":{"line":59,"column":16}},"59":{"start":{"line":60,"column":0},"end":{"line":60,"column":3}},"60":{"start":{"line":61,"column":0},"end":{"line":61,"column":2}},"77":{"start":{"line":78,"column":0},"end":{"line":78,"column":33}},"78":{"start":{"line":79,"column":0},"end":{"line":79,"column":14}},"79":{"start":{"line":80,"column":0},"end":{"line":80,"column":43}},"80":{"start":{"line":81,"column":0},"end":{"line":81,"column":33}},"81":{"start":{"line":82,"column":0},"end":{"line":82,"column":6}},"82":{"start":{"line":83,"column":0},"end":{"line":83,"column":7}},"83":{"start":{"line":84,"column":0},"end":{"line":84,"column":44}},"84":{"start":{"line":85,"column":0},"end":{"line":85,"column":21}},"85":{"start":{"line":86,"column":0},"end":{"line":86,"column":24}},"86":{"start":{"line":87,"column":0},"end":{"line":87,"column":67}},"87":{"start":{"line":88,"column":0},"end":{"line":88,"column":6}},"88":{"start":{"line":89,"column":0},"end":{"line":89,"column":70}},"89":{"start":{"line":90,"column":0},"end":{"line":90,"column":25}},"90":{"start":{"line":91,"column":0},"end":{"line":91,"column":19}},"91":{"start":{"line":92,"column":0},"end":{"line":92,"column":16}},"92":{"start":{"line":93,"column":0},"end":{"line":93,"column":3}},"93":{"start":{"line":94,"column":0},"end":{"line":94,"column":2}},"96":{"start":{"line":97,"column":0},"end":{"line":97,"column":35}},"97":{"start":{"line":98,"column":0},"end":{"line":98,"column":14}},"98":{"start":{"line":99,"column":0},"end":{"line":99,"column":43}},"99":{"start":{"line":100,"column":0},"end":{"line":100,"column":33}},"100":{"start":{"line":101,"column":0},"end":{"line":101,"column":6}},"101":{"start":{"line":102,"column":0},"end":{"line":102,"column":7}},"102":{"start":{"line":103,"column":0},"end":{"line":103,"column":44}},"103":{"start":{"line":104,"column":0},"end":{"line":104,"column":21}},"104":{"start":{"line":105,"column":0},"end":{"line":105,"column":24}},"105":{"start":{"line":106,"column":0},"end":{"line":106,"column":67}},"106":{"start":{"line":107,"column":0},"end":{"line":107,"column":6}},"107":{"start":{"line":108,"column":0},"end":{"line":108,"column":72}},"108":{"start":{"line":109,"column":0},"end":{"line":109,"column":25}},"109":{"start":{"line":110,"column":0},"end":{"line":110,"column":19}},"110":{"start":{"line":111,"column":0},"end":{"line":111,"column":16}},"111":{"start":{"line":112,"column":0},"end":{"line":112,"column":3}},"112":{"start":{"line":113,"column":0},"end":{"line":113,"column":2}},"115":{"start":{"line":116,"column":0},"end":{"line":116,"column":53}},"116":{"start":{"line":117,"column":0},"end":{"line":117,"column":7}},"117":{"start":{"line":118,"column":0},"end":{"line":118,"column":43}},"118":{"start":{"line":119,"column":0},"end":{"line":119,"column":25}},"119":{"start":{"line":120,"column":0},"end":{"line":120,"column":19}},"120":{"start":{"line":121,"column":0},"end":{"line":121,"column":16}},"121":{"start":{"line":122,"column":0},"end":{"line":122,"column":3}},"122":{"start":{"line":123,"column":0},"end":{"line":123,"column":2}},"124":{"start":{"line":125,"column":0},"end":{"line":125,"column":19}}},"s":{"2":1,"5":1,"6":1,"7":1,"8":1,"9":1,"10":1,"11":1,"12":1,"15":1,"16":1,"17":1,"18":3,"19":1,"20":1,"22":1,"23":3,"24":1,"25":1,"26":1,"27":1,"28":3,"29":3,"30":1,"33":1,"34":1,"35":1,"36":1,"37":1,"38":1,"39":1,"40":1,"43":1,"44":3,"45":3,"46":3,"47":3,"48":3,"49":3,"50":3,"51":3,"52":3,"53":3,"54":3,"55":3,"56":2,"57":3,"58":1,"59":1,"60":3,"77":1,"78":2,"79":2,"80":2,"81":2,"82":2,"83":2,"84":2,"85":2,"86":2,"87":2,"88":2,"89":2,"90":2,"91":0,"92":0,"93":2,"96":1,"97":3,"98":3,"99":3,"100":3,"101":3,"102":3,"103":3,"104":3,"105":3,"106":3,"107":3,"108":2,"109":3,"110":1,"111":1,"112":3,"115":1,"116":2,"117":2,"118":1,"119":1,"120":1,"121":1,"122":2,"124":1},"branchMap":{"0":{"type":"branch","line":18,"loc":{"start":{"line":18,"column":2},"end":{"line":30,"column":3}},"locations":[{"start":{"line":18,"column":2},"end":{"line":30,"column":3}}]},"1":{"type":"branch","line":19,"loc":{"start":{"line":19,"column":24},"end":{"line":24,"column":15}},"locations":[{"start":{"line":19,"column":24},"end":{"line":24,"column":15}}]},"2":{"type":"branch","line":24,"loc":{"start":{"line":24,"column":4},"end":{"line":28,"column":5}},"locations":[{"start":{"line":24,"column":4},"end":{"line":28,"column":5}}]},"3":{"type":"branch","line":24,"loc":{"start":{"line":24,"column":30},"end":{"line":28,"column":5}},"locations":[{"start":{"line":24,"column":30},"end":{"line":28,"column":5}}]},"4":{"type":"branch","line":34,"loc":{"start":{"line":34,"column":26},"end":{"line":41,"column":2}},"locations":[{"start":{"line":34,"column":26},"end":{"line":41,"column":2}}]},"5":{"type":"branch","line":44,"loc":{"start":{"line":44,"column":27},"end":{"line":61,"column":2}},"locations":[{"start":{"line":44,"column":27},"end":{"line":61,"column":2}}]},"6":{"type":"branch","line":53,"loc":{"start":{"line":53,"column":10},"end":{"line":53,"column":63}},"locations":[{"start":{"line":53,"column":10},"end":{"line":53,"column":63}}]},"7":{"type":"branch","line":53,"loc":{"start":{"line":53,"column":59},"end":{"line":53,"column":67}},"locations":[{"start":{"line":53,"column":59},"end":{"line":53,"column":67}}]},"8":{"type":"branch","line":56,"loc":{"start":{"line":56,"column":69},"end":{"line":58,"column":11}},"locations":[{"start":{"line":56,"column":69},"end":{"line":58,"column":11}}]},"9":{"type":"branch","line":58,"loc":{"start":{"line":58,"column":2},"end":{"line":60,"column":3}},"locations":[{"start":{"line":58,"column":2},"end":{"line":60,"column":3}}]},"10":{"type":"branch","line":78,"loc":{"start":{"line":78,"column":26},"end":{"line":94,"column":2}},"locations":[{"start":{"line":78,"column":26},"end":{"line":94,"column":2}}]},"11":{"type":"branch","line":87,"loc":{"start":{"line":87,"column":10},"end":{"line":87,"column":63}},"locations":[{"start":{"line":87,"column":10},"end":{"line":87,"column":63}}]},"12":{"type":"branch","line":87,"loc":{"start":{"line":87,"column":59},"end":{"line":87,"column":67}},"locations":[{"start":{"line":87,"column":59},"end":{"line":87,"column":67}}]},"13":{"type":"branch","line":91,"loc":{"start":{"line":91,"column":2},"end":{"line":93,"column":3}},"locations":[{"start":{"line":91,"column":2},"end":{"line":93,"column":3}}]},"14":{"type":"branch","line":97,"loc":{"start":{"line":97,"column":28},"end":{"line":113,"column":2}},"locations":[{"start":{"line":97,"column":28},"end":{"line":113,"column":2}}]},"15":{"type":"branch","line":106,"loc":{"start":{"line":106,"column":10},"end":{"line":106,"column":63}},"locations":[{"start":{"line":106,"column":10},"end":{"line":106,"column":63}}]},"16":{"type":"branch","line":106,"loc":{"start":{"line":106,"column":59},"end":{"line":106,"column":67}},"locations":[{"start":{"line":106,"column":59},"end":{"line":106,"column":67}}]},"17":{"type":"branch","line":108,"loc":{"start":{"line":108,"column":70},"end":{"line":110,"column":11}},"locations":[{"start":{"line":108,"column":70},"end":{"line":110,"column":11}}]},"18":{"type":"branch","line":110,"loc":{"start":{"line":110,"column":2},"end":{"line":112,"column":3}},"locations":[{"start":{"line":110,"column":2},"end":{"line":112,"column":3}}]},"19":{"type":"branch","line":116,"loc":{"start":{"line":116,"column":29},"end":{"line":123,"column":2}},"locations":[{"start":{"line":116,"column":29},"end":{"line":123,"column":2}}]},"20":{"type":"branch","line":118,"loc":{"start":{"line":118,"column":41},"end":{"line":122,"column":3}},"locations":[{"start":{"line":118,"column":41},"end":{"line":122,"column":3}}]}},"b":{"0":[3],"1":[1],"2":[2],"3":[1],"4":[1],"5":[3],"6":[1],"7":[2],"8":[2],"9":[1],"10":[2],"11":[1],"12":[1],"13":[0],"14":[3],"15":[1],"16":[2],"17":[2],"18":[1],"19":[2],"20":[1]},"fnMap":{"0":{"name":"getRequest","decl":{"start":{"line":34,"column":26},"end":{"line":41,"column":2}},"loc":{"start":{"line":34,"column":26},"end":{"line":41,"column":2}},"line":34},"1":{"name":"postRequest","decl":{"start":{"line":44,"column":27},"end":{"line":61,"column":2}},"loc":{"start":{"line":44,"column":27},"end":{"line":61,"column":2}},"line":44},"2":{"name":"putRequest","decl":{"start":{"line":78,"column":26},"end":{"line":94,"column":2}},"loc":{"start":{"line":78,"column":26},"end":{"line":94,"column":2}},"line":78},"3":{"name":"patchRequest","decl":{"start":{"line":97,"column":28},"end":{"line":113,"column":2}},"loc":{"start":{"line":97,"column":28},"end":{"line":113,"column":2}},"line":97},"4":{"name":"deleteRequest","decl":{"start":{"line":116,"column":29},"end":{"line":123,"column":2}},"loc":{"start":{"line":116,"column":29},"end":{"line":123,"column":2}},"line":116}},"f":{"0":1,"1":3,"2":2,"3":3,"4":2}}
,"/Users/josemanuelgarciazumaya/Desktop/TEC/Monarca_Frontend/src/utils/formatDate.tsx": {"path":"/Users/josemanuelgarciazumaya/Desktop/TEC/Monarca_Frontend/src/utils/formatDate.tsx","all":false,"statementMap":{"6":{"start":{"line":7,"column":0},"end":{"line":7,"column":52}},"7":{"start":{"line":8,"column":0},"end":{"line":8,"column":38}},"8":{"start":{"line":9,"column":0},"end":{"line":9,"column":56}},"9":{"start":{"line":10,"column":0},"end":{"line":10,"column":90}},"10":{"start":{"line":11,"column":0},"end":{"line":11,"column":36}},"12":{"start":{"line":13,"column":0},"end":{"line":13,"column":37}},"13":{"start":{"line":14,"column":0},"end":{"line":14,"column":4}},"15":{"start":{"line":16,"column":0},"end":{"line":16,"column":28}}},"s":{"6":1,"7":80,"8":80,"9":80,"10":80,"12":80,"13":80,"15":1},"branchMap":{"0":{"type":"branch","line":7,"loc":{"start":{"line":7,"column":19},"end":{"line":14,"column":4}},"locations":[{"start":{"line":7,"column":19},"end":{"line":14,"column":4}}]}},"b":{"0":[80]},"fnMap":{"0":{"name":"formatDate","decl":{"start":{"line":7,"column":19},"end":{"line":14,"column":4}},"loc":{"start":{"line":7,"column":19},"end":{"line":14,"column":4}},"line":7}},"f":{"0":80}}
,"/Users/josemanuelgarciazumaya/Desktop/TEC/Monarca_Frontend/src/utils/formatMoney.tsx": {"path":"/Users/josemanuelgarciazumaya/Desktop/TEC/Monarca_Frontend/src/utils/formatMoney.tsx","all":false,"statementMap":{"1":{"start":{"line":2,"column":0},"end":{"line":2,"column":48}},"2":{"start":{"line":3,"column":0},"end":{"line":3,"column":52}},"3":{"start":{"line":4,"column":0},"end":{"line":4,"column":23}},"4":{"start":{"line":5,"column":0},"end":{"line":5,"column":5}},"5":{"start":{"line":6,"column":0},"end":{"line":6,"column":81}},"6":{"start":{"line":7,"column":0},"end":{"line":7,"column":1}},"8":{"start":{"line":9,"column":0},"end":{"line":9,"column":27}}},"s":{"1":1,"2":107,"3":4,"4":4,"5":103,"6":103,"8":1},"branchMap":{"0":{"type":"branch","line":2,"loc":{"start":{"line":2,"column":20},"end":{"line":7,"column":1}},"locations":[{"start":{"line":2,"column":20},"end":{"line":7,"column":1}}]},"1":{"type":"branch","line":3,"loc":{"start":{"line":3,"column":25},"end":{"line":3,"column":51}},"locations":[{"start":{"line":3,"column":25},"end":{"line":3,"column":51}}]},"2":{"type":"branch","line":3,"loc":{"start":{"line":3,"column":51},"end":{"line":5,"column":5}},"locations":[{"start":{"line":3,"column":51},"end":{"line":5,"column":5}}]},"3":{"type":"branch","line":5,"loc":{"start":{"line":5,"column":4},"end":{"line":7,"column":1}},"locations":[{"start":{"line":5,"column":4},"end":{"line":7,"column":1}}]}},"b":{"0":[107],"1":[104],"2":[4],"3":[103]},"fnMap":{"0":{"name":"formatMoney","decl":{"start":{"line":2,"column":20},"end":{"line":7,"column":1}},"loc":{"start":{"line":2,"column":20},"end":{"line":7,"column":1}},"line":2}},"f":{"0":107}}
,"/Users/josemanuelgarciazumaya/Desktop/TEC/Monarca_Frontend/src/utils/pdfViewer.tsx": {"path":"/Users/josemanuelgarciazumaya/Desktop/TEC/Monarca_Frontend/src/utils/pdfViewer.tsx","all":false,"statementMap":{"0":{"start":{"line":1,"column":0},"end":{"line":1,"column":77}},"3":{"start":{"line":4,"column":0},"end":{"line":4,"column":34}},"4":{"start":{"line":5,"column":0},"end":{"line":5,"column":9}},"5":{"start":{"line":6,"column":0},"end":{"line":6,"column":25}},"6":{"start":{"line":7,"column":0},"end":{"line":7,"column":31}},"7":{"start":{"line":8,"column":0},"end":{"line":8,"column":4}},"8":{"start":{"line":9,"column":0},"end":{"line":9,"column":12}},"9":{"start":{"line":10,"column":0},"end":{"line":10,"column":15}},"10":{"start":{"line":11,"column":0},"end":{"line":11,"column":16}},"11":{"start":{"line":12,"column":0},"end":{"line":12,"column":16}},"12":{"start":{"line":13,"column":0},"end":{"line":13,"column":4}},"13":{"start":{"line":14,"column":0},"end":{"line":14,"column":3}},"16":{"start":{"line":17,"column":0},"end":{"line":17,"column":26}},"17":{"start":{"line":18,"column":0},"end":{"line":18,"column":12}},"18":{"start":{"line":19,"column":0},"end":{"line":19,"column":40}},"19":{"start":{"line":20,"column":0},"end":{"line":20,"column":35}},"20":{"start":{"line":21,"column":0},"end":{"line":21,"column":31}},"21":{"start":{"line":22,"column":0},"end":{"line":22,"column":13}},"22":{"start":{"line":23,"column":0},"end":{"line":23,"column":35}},"23":{"start":{"line":24,"column":0},"end":{"line":24,"column":31}},"24":{"start":{"line":25,"column":0},"end":{"line":25,"column":13}},"25":{"start":{"line":26,"column":0},"end":{"line":26,"column":11}},"26":{"start":{"line":27,"column":0},"end":{"line":27,"column":13}},"29":{"start":{"line":30,"column":0},"end":{"line":30,"column":26}}},"s":{"0":1,"3":1,"4":1,"5":1,"6":1,"7":1,"8":1,"9":1,"10":1,"11":1,"12":1,"13":1,"16":1,"17":2,"18":2,"19":2,"20":2,"21":2,"22":2,"23":2,"24":2,"25":2,"26":2,"29":1},"branchMap":{"0":{"type":"branch","line":17,"loc":{"start":{"line":17,"column":19},"end":{"line":27,"column":13}},"locations":[{"start":{"line":17,"column":19},"end":{"line":27,"column":13}}]}},"b":{"0":[2]},"fnMap":{"0":{"name":"MyDocument","decl":{"start":{"line":17,"column":19},"end":{"line":27,"column":13}},"loc":{"start":{"line":17,"column":19},"end":{"line":27,"column":13}},"line":17}},"f":{"0":2}}
}
